ARM GAS  C:\Users\dell\AppData\Local\Temp\cchcKbpZ.s 			page 1


   1              		.syntax unified
   2              		.cpu cortex-m0plus
   3              		.fpu softvfp
   4              		.eabi_attribute 20, 1
   5              		.eabi_attribute 21, 1
   6              		.eabi_attribute 23, 3
   7              		.eabi_attribute 24, 1
   8              		.eabi_attribute 25, 1
   9              		.eabi_attribute 26, 1
  10              		.eabi_attribute 30, 1
  11              		.eabi_attribute 34, 0
  12              		.eabi_attribute 18, 4
  13              		.thumb
  14              		.syntax unified
  15              		.file	"CapSense_Tuner.c"
  16              		.text
  17              	.Ltext0:
  18              		.cfi_sections	.debug_frame
  19              		.section	.text.CapSense_TuInitialize,"ax",%progbits
  20              		.align	2
  21              		.global	CapSense_TuInitialize
  22              		.code	16
  23              		.thumb_func
  24              		.type	CapSense_TuInitialize, %function
  25              	CapSense_TuInitialize:
  26              	.LFB1:
  27              		.file 1 "Generated_Source\\PSoC4\\CapSense_Tuner.c"
   1:Generated_Source\PSoC4/CapSense_Tuner.c **** /***************************************************************************//**
   2:Generated_Source\PSoC4/CapSense_Tuner.c **** * \file CapSense_Tuner.c
   3:Generated_Source\PSoC4/CapSense_Tuner.c **** * \version 5.0
   4:Generated_Source\PSoC4/CapSense_Tuner.c **** *
   5:Generated_Source\PSoC4/CapSense_Tuner.c **** * \brief
   6:Generated_Source\PSoC4/CapSense_Tuner.c **** *   This file provides the source code for the Tuner module API of the Component.
   7:Generated_Source\PSoC4/CapSense_Tuner.c **** *
   8:Generated_Source\PSoC4/CapSense_Tuner.c **** * \see CapSense v5.0 Datasheet
   9:Generated_Source\PSoC4/CapSense_Tuner.c **** *
  10:Generated_Source\PSoC4/CapSense_Tuner.c **** *//*****************************************************************************
  11:Generated_Source\PSoC4/CapSense_Tuner.c **** * Copyright (2016-2017), Cypress Semiconductor Corporation.
  12:Generated_Source\PSoC4/CapSense_Tuner.c **** ********************************************************************************
  13:Generated_Source\PSoC4/CapSense_Tuner.c **** * This software is owned by Cypress Semiconductor Corporation (Cypress) and is
  14:Generated_Source\PSoC4/CapSense_Tuner.c **** * protected by and subject to worldwide patent protection (United States and
  15:Generated_Source\PSoC4/CapSense_Tuner.c **** * foreign), United States copyright laws and international treaty provisions.
  16:Generated_Source\PSoC4/CapSense_Tuner.c **** * Cypress hereby grants to licensee a personal, non-exclusive, non-transferable
  17:Generated_Source\PSoC4/CapSense_Tuner.c **** * license to copy, use, modify, create derivative works of, and compile the
  18:Generated_Source\PSoC4/CapSense_Tuner.c **** * Cypress Source Code and derivative works for the sole purpose of creating
  19:Generated_Source\PSoC4/CapSense_Tuner.c **** * custom software in support of licensee product to be used only in conjunction
  20:Generated_Source\PSoC4/CapSense_Tuner.c **** * with a Cypress integrated circuit as specified in the applicable agreement.
  21:Generated_Source\PSoC4/CapSense_Tuner.c **** * Any reproduction, modification, translation, compilation, or representation of
  22:Generated_Source\PSoC4/CapSense_Tuner.c **** * this software except as specified above is prohibited without the express
  23:Generated_Source\PSoC4/CapSense_Tuner.c **** * written permission of Cypress.
  24:Generated_Source\PSoC4/CapSense_Tuner.c **** *
  25:Generated_Source\PSoC4/CapSense_Tuner.c **** * Disclaimer: CYPRESS MAKES NO WARRANTY OF ANY KIND, EXPRESS OR IMPLIED, WITH
  26:Generated_Source\PSoC4/CapSense_Tuner.c **** * REGARD TO THIS MATERIAL, INCLUDING, BUT NOT LIMITED TO, THE IMPLIED
  27:Generated_Source\PSoC4/CapSense_Tuner.c **** * WARRANTIES OF MERCHANTABILITY AND FITNESS FOR A PARTICULAR PURPOSE.
  28:Generated_Source\PSoC4/CapSense_Tuner.c **** * Cypress reserves the right to make changes without further notice to the
  29:Generated_Source\PSoC4/CapSense_Tuner.c **** * materials described herein. Cypress does not assume any liability arising out
  30:Generated_Source\PSoC4/CapSense_Tuner.c **** * of the application or use of any product or circuit described herein. Cypress
ARM GAS  C:\Users\dell\AppData\Local\Temp\cchcKbpZ.s 			page 2


  31:Generated_Source\PSoC4/CapSense_Tuner.c **** * does not authorize its products for use as critical components in life-support
  32:Generated_Source\PSoC4/CapSense_Tuner.c **** * systems where a malfunction or failure may reasonably be expected to result in
  33:Generated_Source\PSoC4/CapSense_Tuner.c **** * significant injury to the user. The inclusion of Cypress' product in a life-
  34:Generated_Source\PSoC4/CapSense_Tuner.c **** * support systems application implies that the manufacturer assumes all risk of
  35:Generated_Source\PSoC4/CapSense_Tuner.c **** * such use and in doing so indemnifies Cypress against all charges. Use may be
  36:Generated_Source\PSoC4/CapSense_Tuner.c **** * limited by and subject to the applicable Cypress software license agreement.
  37:Generated_Source\PSoC4/CapSense_Tuner.c **** *******************************************************************************/
  38:Generated_Source\PSoC4/CapSense_Tuner.c **** 
  39:Generated_Source\PSoC4/CapSense_Tuner.c **** #include "cytypes.h"
  40:Generated_Source\PSoC4/CapSense_Tuner.c **** #include "CyLib.h"
  41:Generated_Source\PSoC4/CapSense_Tuner.c **** #include "CapSense_Structure.h"
  42:Generated_Source\PSoC4/CapSense_Tuner.c **** #include "CapSense_Tuner.h"
  43:Generated_Source\PSoC4/CapSense_Tuner.c **** #include "CapSense_Control.h"
  44:Generated_Source\PSoC4/CapSense_Tuner.c **** #include "CapSense_Configuration.h"
  45:Generated_Source\PSoC4/CapSense_Tuner.c **** 
  46:Generated_Source\PSoC4/CapSense_Tuner.c **** /* Tuner states definition */
  47:Generated_Source\PSoC4/CapSense_Tuner.c **** #define TU_FSM_RUNNING      (0u)
  48:Generated_Source\PSoC4/CapSense_Tuner.c **** #define TU_FSM_SUSPENDED    (1u)
  49:Generated_Source\PSoC4/CapSense_Tuner.c **** #define TU_FSM_SNR_TEST     (2u)
  50:Generated_Source\PSoC4/CapSense_Tuner.c **** #define TU_FSM_ONE_SCAN     (3u)
  51:Generated_Source\PSoC4/CapSense_Tuner.c **** 
  52:Generated_Source\PSoC4/CapSense_Tuner.c **** /* Tuner state variable */
  53:Generated_Source\PSoC4/CapSense_Tuner.c **** static uint32 tunerFsm = TU_FSM_RUNNING;
  54:Generated_Source\PSoC4/CapSense_Tuner.c **** 
  55:Generated_Source\PSoC4/CapSense_Tuner.c **** 
  56:Generated_Source\PSoC4/CapSense_Tuner.c **** /*******************************************************************************
  57:Generated_Source\PSoC4/CapSense_Tuner.c **** * Function Name: CapSense_TuInitialize
  58:Generated_Source\PSoC4/CapSense_Tuner.c **** ****************************************************************************//**
  59:Generated_Source\PSoC4/CapSense_Tuner.c **** *
  60:Generated_Source\PSoC4/CapSense_Tuner.c **** * \brief
  61:Generated_Source\PSoC4/CapSense_Tuner.c **** *   This function initializes the communication interface with the Tuner GUI.
  62:Generated_Source\PSoC4/CapSense_Tuner.c **** *
  63:Generated_Source\PSoC4/CapSense_Tuner.c **** * \details
  64:Generated_Source\PSoC4/CapSense_Tuner.c **** *   This API sets the tuner state machine to the default state. It is called by
  65:Generated_Source\PSoC4/CapSense_Tuner.c **** *   the CapSense_Start() API.
  66:Generated_Source\PSoC4/CapSense_Tuner.c **** *
  67:Generated_Source\PSoC4/CapSense_Tuner.c **** *******************************************************************************/
  68:Generated_Source\PSoC4/CapSense_Tuner.c **** void CapSense_TuInitialize(void)
  69:Generated_Source\PSoC4/CapSense_Tuner.c **** {
  28              		.loc 1 69 0
  29              		.cfi_startproc
  30              		@ args = 0, pretend = 0, frame = 0
  31              		@ frame_needed = 0, uses_anonymous_args = 0
  32              		@ link register save eliminated.
  33              	.LVL0:
  70:Generated_Source\PSoC4/CapSense_Tuner.c ****     volatile CapSense_RAM_STRUCT *ptrDsRam = &CapSense_dsRam;
  71:Generated_Source\PSoC4/CapSense_Tuner.c **** 
  72:Generated_Source\PSoC4/CapSense_Tuner.c ****     ptrDsRam->tunerCmd = (uint16)CapSense_TU_CMD_NONE_E;
  34              		.loc 1 72 0
  35 0000 0023     		movs	r3, #0
  36 0002 024A     		ldr	r2, .L2
  37 0004 D380     		strh	r3, [r2, #6]
  73:Generated_Source\PSoC4/CapSense_Tuner.c ****     tunerFsm = TU_FSM_RUNNING;
  38              		.loc 1 73 0
  39 0006 024A     		ldr	r2, .L2+4
  40 0008 1360     		str	r3, [r2]
  74:Generated_Source\PSoC4/CapSense_Tuner.c **** }
ARM GAS  C:\Users\dell\AppData\Local\Temp\cchcKbpZ.s 			page 3


  41              		.loc 1 74 0
  42              		@ sp needed
  43 000a 7047     		bx	lr
  44              	.L3:
  45              		.align	2
  46              	.L2:
  47 000c 00000000 		.word	CapSense_dsRam
  48 0010 00000000 		.word	.LANCHOR0
  49              		.cfi_endproc
  50              	.LFE1:
  51              		.size	CapSense_TuInitialize, .-CapSense_TuInitialize
  52              		.section	.text.CapSense_RunTuner,"ax",%progbits
  53              		.align	2
  54              		.global	CapSense_RunTuner
  55              		.code	16
  56              		.thumb_func
  57              		.type	CapSense_RunTuner, %function
  58              	CapSense_RunTuner:
  59              	.LFB2:
  75:Generated_Source\PSoC4/CapSense_Tuner.c **** 
  76:Generated_Source\PSoC4/CapSense_Tuner.c **** /*******************************************************************************
  77:Generated_Source\PSoC4/CapSense_Tuner.c **** * Function Name: CapSense_RunTuner
  78:Generated_Source\PSoC4/CapSense_Tuner.c **** ****************************************************************************//**
  79:Generated_Source\PSoC4/CapSense_Tuner.c **** *
  80:Generated_Source\PSoC4/CapSense_Tuner.c **** * \brief
  81:Generated_Source\PSoC4/CapSense_Tuner.c **** *  Establishes synchronized communication with the Tuner application.
  82:Generated_Source\PSoC4/CapSense_Tuner.c **** *
  83:Generated_Source\PSoC4/CapSense_Tuner.c **** * \details
  84:Generated_Source\PSoC4/CapSense_Tuner.c **** *  This function is used to establish synchronized communication between the
  85:Generated_Source\PSoC4/CapSense_Tuner.c **** *  CapSense Component and Tuner application (or other host controllers).
  86:Generated_Source\PSoC4/CapSense_Tuner.c **** *  This function is called periodically in the application program loop
  87:Generated_Source\PSoC4/CapSense_Tuner.c **** *  to serve the Tuner application (or host controller) requests and commands.
  88:Generated_Source\PSoC4/CapSense_Tuner.c **** *  In most cases, the best place to call this function is after processing and
  89:Generated_Source\PSoC4/CapSense_Tuner.c **** *  before next scanning.
  90:Generated_Source\PSoC4/CapSense_Tuner.c **** *
  91:Generated_Source\PSoC4/CapSense_Tuner.c **** *  If this function is absent in the application program, then communication is
  92:Generated_Source\PSoC4/CapSense_Tuner.c **** *  asynchronous and the following disadvantages are applicable:
  93:Generated_Source\PSoC4/CapSense_Tuner.c **** *    - The raw counts displayed in the tuner may be filtered and/or unfiltered.
  94:Generated_Source\PSoC4/CapSense_Tuner.c **** *      As a result, noise and SNR measurements will not be accurate.
  95:Generated_Source\PSoC4/CapSense_Tuner.c **** *    - The Tuner tool may read the sensor data such as raw counts from a scan
  96:Generated_Source\PSoC4/CapSense_Tuner.c **** *      multiple times, as a result, noise and SNR measurement will not be
  97:Generated_Source\PSoC4/CapSense_Tuner.c **** *      accurate.
  98:Generated_Source\PSoC4/CapSense_Tuner.c **** *    - The Tuner tool and host controller should not change the Component parameters
  99:Generated_Source\PSoC4/CapSense_Tuner.c **** *      via the tuner interface. Changing the Component parameters via the tuner
 100:Generated_Source\PSoC4/CapSense_Tuner.c **** *      interface in the async mode will result in Component abnormal behavior.
 101:Generated_Source\PSoC4/CapSense_Tuner.c **** *
 102:Generated_Source\PSoC4/CapSense_Tuner.c **** *  Note that calling this function is not mandatory for the application, but
 103:Generated_Source\PSoC4/CapSense_Tuner.c **** *  required only to synchronize the communication with the host controller or
 104:Generated_Source\PSoC4/CapSense_Tuner.c **** *  tuner application.
 105:Generated_Source\PSoC4/CapSense_Tuner.c **** *
 106:Generated_Source\PSoC4/CapSense_Tuner.c **** * \return
 107:Generated_Source\PSoC4/CapSense_Tuner.c **** *  In some cases, the application program may need to know if the Component was
 108:Generated_Source\PSoC4/CapSense_Tuner.c **** *  re-initialized. The return indicates if a restart command was executed or not:
 109:Generated_Source\PSoC4/CapSense_Tuner.c **** *    - CapSense_STATUS_RESTART_DONE - Based on a received command, the
 110:Generated_Source\PSoC4/CapSense_Tuner.c **** *      Component was restarted.
 111:Generated_Source\PSoC4/CapSense_Tuner.c **** *    -  CapSense_STATUS_RESTART_NONE - No restart was executed by this
 112:Generated_Source\PSoC4/CapSense_Tuner.c **** *      function.
ARM GAS  C:\Users\dell\AppData\Local\Temp\cchcKbpZ.s 			page 4


 113:Generated_Source\PSoC4/CapSense_Tuner.c **** *
 114:Generated_Source\PSoC4/CapSense_Tuner.c **** *******************************************************************************/
 115:Generated_Source\PSoC4/CapSense_Tuner.c **** uint32 CapSense_RunTuner(void)
 116:Generated_Source\PSoC4/CapSense_Tuner.c **** {
  60              		.loc 1 116 0
  61              		.cfi_startproc
  62              		@ args = 0, pretend = 0, frame = 0
  63              		@ frame_needed = 0, uses_anonymous_args = 0
  64 0000 70B5     		push	{r4, r5, r6, lr}
  65              		.cfi_def_cfa_offset 16
  66              		.cfi_offset 4, -16
  67              		.cfi_offset 5, -12
  68              		.cfi_offset 6, -8
  69              		.cfi_offset 14, -4
  70              	.LVL1:
 117:Generated_Source\PSoC4/CapSense_Tuner.c ****     uint8 interruptState;
 118:Generated_Source\PSoC4/CapSense_Tuner.c ****     uint32 widgetId;
 119:Generated_Source\PSoC4/CapSense_Tuner.c ****     uint32 sensorId;
 120:Generated_Source\PSoC4/CapSense_Tuner.c ****     uint32 updateFlag = 0Lu;
 121:Generated_Source\PSoC4/CapSense_Tuner.c ****     CapSense_TU_CMD_ENUM command;
 122:Generated_Source\PSoC4/CapSense_Tuner.c ****     uint32 tunerStatus = CapSense_STATUS_RESTART_NONE;
  71              		.loc 1 122 0
  72 0002 0025     		movs	r5, #0
 120:Generated_Source\PSoC4/CapSense_Tuner.c ****     CapSense_TU_CMD_ENUM command;
  73              		.loc 1 120 0
  74 0004 0026     		movs	r6, #0
  75              	.LVL2:
  76              	.L16:
 123:Generated_Source\PSoC4/CapSense_Tuner.c **** 
 124:Generated_Source\PSoC4/CapSense_Tuner.c ****     volatile CapSense_RAM_STRUCT *ptrDsRam;
 125:Generated_Source\PSoC4/CapSense_Tuner.c ****     volatile CapSense_RAM_SNS_STRUCT *ptrSnsTmp;
 126:Generated_Source\PSoC4/CapSense_Tuner.c **** 
 127:Generated_Source\PSoC4/CapSense_Tuner.c ****     ptrDsRam = &CapSense_dsRam;
 128:Generated_Source\PSoC4/CapSense_Tuner.c **** 
 129:Generated_Source\PSoC4/CapSense_Tuner.c ****     do
 130:Generated_Source\PSoC4/CapSense_Tuner.c ****     {
 131:Generated_Source\PSoC4/CapSense_Tuner.c ****         /* ONE_SCAN command could be interpreted as two commands:
 132:Generated_Source\PSoC4/CapSense_Tuner.c ****         * RESUME till next call of this function and then
 133:Generated_Source\PSoC4/CapSense_Tuner.c ****         * SUSPEND till next command receiving.
 134:Generated_Source\PSoC4/CapSense_Tuner.c ****         */
 135:Generated_Source\PSoC4/CapSense_Tuner.c ****         if (TU_FSM_ONE_SCAN == tunerFsm)
  77              		.loc 1 135 0
  78 0006 3F4B     		ldr	r3, .L18
  79 0008 1B68     		ldr	r3, [r3]
  80 000a 032B     		cmp	r3, #3
  81 000c 06D1     		bne	.L5
 136:Generated_Source\PSoC4/CapSense_Tuner.c ****         {
 137:Generated_Source\PSoC4/CapSense_Tuner.c ****             interruptState = CyEnterCriticalSection();
  82              		.loc 1 137 0
  83 000e FFF7FEFF 		bl	CyEnterCriticalSection
  84              	.LVL3:
 138:Generated_Source\PSoC4/CapSense_Tuner.c ****             ptrDsRam->tunerCmd = (uint16)CapSense_TU_CMD_SUSPEND_E;
  85              		.loc 1 138 0
  86 0012 0122     		movs	r2, #1
  87 0014 3C4B     		ldr	r3, .L18+4
  88 0016 DA80     		strh	r2, [r3, #6]
 139:Generated_Source\PSoC4/CapSense_Tuner.c ****             CyExitCriticalSection(interruptState);
ARM GAS  C:\Users\dell\AppData\Local\Temp\cchcKbpZ.s 			page 5


  89              		.loc 1 139 0
  90 0018 FFF7FEFF 		bl	CyExitCriticalSection
  91              	.LVL4:
  92              	.L5:
 140:Generated_Source\PSoC4/CapSense_Tuner.c ****         }
 141:Generated_Source\PSoC4/CapSense_Tuner.c ****         command = (CapSense_TU_CMD_ENUM)ptrDsRam->tunerCmd;
  93              		.loc 1 141 0
  94 001c 3A4B     		ldr	r3, .L18+4
  95 001e DC88     		ldrh	r4, [r3, #6]
  96 0020 E4B2     		uxtb	r4, r4
  97              	.LVL5:
 142:Generated_Source\PSoC4/CapSense_Tuner.c **** 
 143:Generated_Source\PSoC4/CapSense_Tuner.c ****         /* Check command register */
 144:Generated_Source\PSoC4/CapSense_Tuner.c ****         switch (command)
  98              		.loc 1 144 0
  99 0022 062C     		cmp	r4, #6
 100 0024 23D8     		bhi	.L6
 101 0026 A300     		lsls	r3, r4, #2
 102 0028 384A     		ldr	r2, .L18+8
 103 002a D358     		ldr	r3, [r2, r3]
 104 002c 9F46     		mov	pc, r3
 105              		.section	.rodata
 106              		.align	2
 107              	.L8:
 108 0000 6E000000 		.word	.L6
 109 0004 2E000000 		.word	.L7
 110 0008 38000000 		.word	.L9
 111 000c 42000000 		.word	.L10
 112 0010 52000000 		.word	.L11
 113 0014 5C000000 		.word	.L12
 114 0018 66000000 		.word	.L13
 115              		.section	.text.CapSense_RunTuner
 116              	.L7:
 145:Generated_Source\PSoC4/CapSense_Tuner.c ****         {
 146:Generated_Source\PSoC4/CapSense_Tuner.c ****         case CapSense_TU_CMD_SUSPEND_E:
 147:Generated_Source\PSoC4/CapSense_Tuner.c ****             tunerFsm = TU_FSM_SUSPENDED;
 117              		.loc 1 147 0
 118 002e 0122     		movs	r2, #1
 119 0030 344B     		ldr	r3, .L18
 120 0032 1A60     		str	r2, [r3]
 121              	.LVL6:
 148:Generated_Source\PSoC4/CapSense_Tuner.c ****             updateFlag = 1Lu;
 122              		.loc 1 148 0
 123 0034 0126     		movs	r6, #1
 149:Generated_Source\PSoC4/CapSense_Tuner.c ****             break;
 124              		.loc 1 149 0
 125 0036 1AE0     		b	.L6
 126              	.LVL7:
 127              	.L9:
 150:Generated_Source\PSoC4/CapSense_Tuner.c **** 
 151:Generated_Source\PSoC4/CapSense_Tuner.c ****         case CapSense_TU_CMD_RESUME_E:
 152:Generated_Source\PSoC4/CapSense_Tuner.c ****             tunerFsm = TU_FSM_RUNNING;
 128              		.loc 1 152 0
 129 0038 0022     		movs	r2, #0
 130 003a 324B     		ldr	r3, .L18
 131 003c 1A60     		str	r2, [r3]
 132              	.LVL8:
ARM GAS  C:\Users\dell\AppData\Local\Temp\cchcKbpZ.s 			page 6


 153:Generated_Source\PSoC4/CapSense_Tuner.c ****             updateFlag = 1Lu;
 133              		.loc 1 153 0
 134 003e 0126     		movs	r6, #1
 154:Generated_Source\PSoC4/CapSense_Tuner.c ****             break;
 135              		.loc 1 154 0
 136 0040 15E0     		b	.L6
 137              	.LVL9:
 138              	.L10:
 155:Generated_Source\PSoC4/CapSense_Tuner.c **** 
 156:Generated_Source\PSoC4/CapSense_Tuner.c ****         case CapSense_TU_CMD_RESTART_E:
 157:Generated_Source\PSoC4/CapSense_Tuner.c ****             (void)CapSense_Start();
 139              		.loc 1 157 0
 140 0042 FFF7FEFF 		bl	CapSense_Start
 141              	.LVL10:
 158:Generated_Source\PSoC4/CapSense_Tuner.c ****             tunerStatus = CapSense_STATUS_RESTART_DONE;
 159:Generated_Source\PSoC4/CapSense_Tuner.c ****             tunerFsm = TU_FSM_RUNNING;
 142              		.loc 1 159 0
 143 0046 0022     		movs	r2, #0
 144 0048 2E4B     		ldr	r3, .L18
 145 004a 1A60     		str	r2, [r3]
 146              	.LVL11:
 158:Generated_Source\PSoC4/CapSense_Tuner.c ****             tunerStatus = CapSense_STATUS_RESTART_DONE;
 147              		.loc 1 158 0
 148 004c 0125     		movs	r5, #1
 160:Generated_Source\PSoC4/CapSense_Tuner.c ****             updateFlag = 1Lu;
 149              		.loc 1 160 0
 150 004e 0126     		movs	r6, #1
 161:Generated_Source\PSoC4/CapSense_Tuner.c ****             break;
 151              		.loc 1 161 0
 152 0050 0DE0     		b	.L6
 153              	.LVL12:
 154              	.L11:
 162:Generated_Source\PSoC4/CapSense_Tuner.c **** 
 163:Generated_Source\PSoC4/CapSense_Tuner.c ****         case CapSense_TU_CMD_RUN_SNR_TEST_E:
 164:Generated_Source\PSoC4/CapSense_Tuner.c ****             tunerFsm = TU_FSM_SNR_TEST;
 155              		.loc 1 164 0
 156 0052 0222     		movs	r2, #2
 157 0054 2B4B     		ldr	r3, .L18
 158 0056 1A60     		str	r2, [r3]
 159              	.LVL13:
 165:Generated_Source\PSoC4/CapSense_Tuner.c ****             updateFlag = 1Lu;
 160              		.loc 1 165 0
 161 0058 0126     		movs	r6, #1
 166:Generated_Source\PSoC4/CapSense_Tuner.c ****             break;
 162              		.loc 1 166 0
 163 005a 08E0     		b	.L6
 164              	.LVL14:
 165              	.L12:
 167:Generated_Source\PSoC4/CapSense_Tuner.c **** 
 168:Generated_Source\PSoC4/CapSense_Tuner.c ****         case CapSense_TU_CMD_PING_E:
 169:Generated_Source\PSoC4/CapSense_Tuner.c ****             tunerFsm = TU_FSM_RUNNING;
 166              		.loc 1 169 0
 167 005c 0022     		movs	r2, #0
 168 005e 294B     		ldr	r3, .L18
 169 0060 1A60     		str	r2, [r3]
 170              	.LVL15:
 170:Generated_Source\PSoC4/CapSense_Tuner.c ****             updateFlag = 1Lu;
ARM GAS  C:\Users\dell\AppData\Local\Temp\cchcKbpZ.s 			page 7


 171              		.loc 1 170 0
 172 0062 0126     		movs	r6, #1
 171:Generated_Source\PSoC4/CapSense_Tuner.c ****             break;
 173              		.loc 1 171 0
 174 0064 03E0     		b	.L6
 175              	.LVL16:
 176              	.L13:
 172:Generated_Source\PSoC4/CapSense_Tuner.c **** 
 173:Generated_Source\PSoC4/CapSense_Tuner.c ****         case CapSense_TU_CMD_ONE_SCAN_E:
 174:Generated_Source\PSoC4/CapSense_Tuner.c ****             tunerFsm = TU_FSM_ONE_SCAN;
 177              		.loc 1 174 0
 178 0066 0322     		movs	r2, #3
 179 0068 264B     		ldr	r3, .L18
 180 006a 1A60     		str	r2, [r3]
 181              	.LVL17:
 175:Generated_Source\PSoC4/CapSense_Tuner.c ****             updateFlag = 0Lu;
 182              		.loc 1 175 0
 183 006c 0026     		movs	r6, #0
 184              	.LVL18:
 185              	.L6:
 176:Generated_Source\PSoC4/CapSense_Tuner.c ****             break;
 177:Generated_Source\PSoC4/CapSense_Tuner.c **** 
 178:Generated_Source\PSoC4/CapSense_Tuner.c ****         default:
 179:Generated_Source\PSoC4/CapSense_Tuner.c ****             break;
 180:Generated_Source\PSoC4/CapSense_Tuner.c ****         }
 181:Generated_Source\PSoC4/CapSense_Tuner.c **** 
 182:Generated_Source\PSoC4/CapSense_Tuner.c ****         /* Set Complete flag in command register if needed */
 183:Generated_Source\PSoC4/CapSense_Tuner.c ****         if (0Lu != updateFlag)
 186              		.loc 1 183 0
 187 006e 002E     		cmp	r6, #0
 188 0070 0FD0     		beq	.L14
 184:Generated_Source\PSoC4/CapSense_Tuner.c ****         {
 185:Generated_Source\PSoC4/CapSense_Tuner.c ****             interruptState = CyEnterCriticalSection();
 189              		.loc 1 185 0
 190 0072 FFF7FEFF 		bl	CyEnterCriticalSection
 191              	.LVL19:
 186:Generated_Source\PSoC4/CapSense_Tuner.c **** 
 187:Generated_Source\PSoC4/CapSense_Tuner.c ****             /* Check if command wasn't overwritten with new command */
 188:Generated_Source\PSoC4/CapSense_Tuner.c ****             if (command == (CapSense_TU_CMD_ENUM)ptrDsRam->tunerCmd)
 192              		.loc 1 188 0
 193 0076 244B     		ldr	r3, .L18+4
 194 0078 DB88     		ldrh	r3, [r3, #6]
 195 007a DBB2     		uxtb	r3, r3
 196 007c 9C42     		cmp	r4, r3
 197 007e 05D1     		bne	.L15
 189:Generated_Source\PSoC4/CapSense_Tuner.c ****             {
 190:Generated_Source\PSoC4/CapSense_Tuner.c ****                 ptrDsRam->tunerCmd |= CapSense_TU_CMD_COMPLETE_BIT;
 198              		.loc 1 190 0
 199 0080 214A     		ldr	r2, .L18+4
 200 0082 D188     		ldrh	r1, [r2, #6]
 201 0084 224B     		ldr	r3, .L18+12
 202 0086 0B43     		orrs	r3, r1
 203 0088 9BB2     		uxth	r3, r3
 204 008a D380     		strh	r3, [r2, #6]
 205              	.L15:
 191:Generated_Source\PSoC4/CapSense_Tuner.c ****             }
 192:Generated_Source\PSoC4/CapSense_Tuner.c ****             CyExitCriticalSection(interruptState);
ARM GAS  C:\Users\dell\AppData\Local\Temp\cchcKbpZ.s 			page 8


 206              		.loc 1 192 0
 207 008c FFF7FEFF 		bl	CyExitCriticalSection
 208              	.LVL20:
 193:Generated_Source\PSoC4/CapSense_Tuner.c **** 
 194:Generated_Source\PSoC4/CapSense_Tuner.c ****             updateFlag = 0Lu;
 209              		.loc 1 194 0
 210 0090 0026     		movs	r6, #0
 211              	.LVL21:
 212              	.L14:
 195:Generated_Source\PSoC4/CapSense_Tuner.c ****         }
 196:Generated_Source\PSoC4/CapSense_Tuner.c ****     } while (TU_FSM_SUSPENDED == tunerFsm);
 213              		.loc 1 196 0
 214 0092 1C4B     		ldr	r3, .L18
 215 0094 1B68     		ldr	r3, [r3]
 216 0096 012B     		cmp	r3, #1
 217 0098 B5D0     		beq	.L16
 197:Generated_Source\PSoC4/CapSense_Tuner.c **** 
 198:Generated_Source\PSoC4/CapSense_Tuner.c ****     /* Check for SNR Test mode and do appropriate actions */
 199:Generated_Source\PSoC4/CapSense_Tuner.c ****     if (TU_FSM_SNR_TEST == tunerFsm)
 218              		.loc 1 199 0
 219 009a 022B     		cmp	r3, #2
 220 009c 2FD1     		bne	.L17
 200:Generated_Source\PSoC4/CapSense_Tuner.c ****     {
 201:Generated_Source\PSoC4/CapSense_Tuner.c ****         widgetId = ptrDsRam->snrTestWidgetId;
 221              		.loc 1 201 0
 222 009e 1A4A     		ldr	r2, .L18+4
 223 00a0 8833     		adds	r3, r3, #136
 224 00a2 D35C     		ldrb	r3, [r2, r3]
 225 00a4 DBB2     		uxtb	r3, r3
 226              	.LVL22:
 202:Generated_Source\PSoC4/CapSense_Tuner.c ****         sensorId = ptrDsRam->snrTestSensorId;
 227              		.loc 1 202 0
 228 00a6 8B21     		movs	r1, #139
 229 00a8 525C     		ldrb	r2, [r2, r1]
 230 00aa D2B2     		uxtb	r2, r2
 231              	.LVL23:
 203:Generated_Source\PSoC4/CapSense_Tuner.c **** 
 204:Generated_Source\PSoC4/CapSense_Tuner.c ****         /* Check if widgetId and sensorId are in range,
 205:Generated_Source\PSoC4/CapSense_Tuner.c ****          * and data was updated in RAM (scan counter changed)
 206:Generated_Source\PSoC4/CapSense_Tuner.c ****          */
 207:Generated_Source\PSoC4/CapSense_Tuner.c ****         if ((widgetId < CapSense_TOTAL_WIDGETS)              &&
 232              		.loc 1 207 0
 233 00ac 032B     		cmp	r3, #3
 234 00ae 26D8     		bhi	.L17
 208:Generated_Source\PSoC4/CapSense_Tuner.c ****             (sensorId < CapSense_GET_SENSOR_COUNT(widgetId)) &&
 235              		.loc 1 208 0 discriminator 1
 236 00b0 D800     		lsls	r0, r3, #3
 237 00b2 C01A     		subs	r0, r0, r3
 238 00b4 8100     		lsls	r1, r0, #2
 239 00b6 1748     		ldr	r0, .L18+16
 240 00b8 4118     		adds	r1, r0, r1
 241 00ba 098B     		ldrh	r1, [r1, #24]
 207:Generated_Source\PSoC4/CapSense_Tuner.c ****             (sensorId < CapSense_GET_SENSOR_COUNT(widgetId)) &&
 242              		.loc 1 207 0 discriminator 1
 243 00bc 8A42     		cmp	r2, r1
 244 00be 1ED2     		bcs	.L17
 209:Generated_Source\PSoC4/CapSense_Tuner.c ****             (ptrDsRam->scanCounter != ptrDsRam->snrTestScanCounter))
ARM GAS  C:\Users\dell\AppData\Local\Temp\cchcKbpZ.s 			page 9


 245              		.loc 1 209 0
 246 00c0 1149     		ldr	r1, .L18+4
 247 00c2 0889     		ldrh	r0, [r1, #8]
 248 00c4 80B2     		uxth	r0, r0
 249 00c6 8C24     		movs	r4, #140
 250              	.LVL24:
 251 00c8 095B     		ldrh	r1, [r1, r4]
 252 00ca 89B2     		uxth	r1, r1
 208:Generated_Source\PSoC4/CapSense_Tuner.c ****             (sensorId < CapSense_GET_SENSOR_COUNT(widgetId)) &&
 253              		.loc 1 208 0
 254 00cc 8842     		cmp	r0, r1
 255 00ce 16D0     		beq	.L17
 210:Generated_Source\PSoC4/CapSense_Tuner.c ****         {
 211:Generated_Source\PSoC4/CapSense_Tuner.c ****             /* Get access to the Sensor Object */
 212:Generated_Source\PSoC4/CapSense_Tuner.c ****             ptrSnsTmp = CapSense_dsFlash.wdgtArray[widgetId].ptr2SnsRam;
 256              		.loc 1 212 0
 257 00d0 D900     		lsls	r1, r3, #3
 258 00d2 CB1A     		subs	r3, r1, r3
 259              	.LVL25:
 260 00d4 9900     		lsls	r1, r3, #2
 261 00d6 0F4B     		ldr	r3, .L18+16
 262 00d8 5918     		adds	r1, r3, r1
 263 00da 8C68     		ldr	r4, [r1, #8]
 264              	.LVL26:
 213:Generated_Source\PSoC4/CapSense_Tuner.c ****             ptrSnsTmp += sensorId;
 265              		.loc 1 213 0
 266 00dc 9300     		lsls	r3, r2, #2
 267 00de 9A18     		adds	r2, r3, r2
 268              	.LVL27:
 269 00e0 5300     		lsls	r3, r2, #1
 270 00e2 E418     		adds	r4, r4, r3
 271              	.LVL28:
 214:Generated_Source\PSoC4/CapSense_Tuner.c **** 
 215:Generated_Source\PSoC4/CapSense_Tuner.c ****             /* Update data in SNR Test Object */
 216:Generated_Source\PSoC4/CapSense_Tuner.c ****             interruptState = CyEnterCriticalSection();
 272              		.loc 1 216 0
 273 00e4 FFF7FEFF 		bl	CyEnterCriticalSection
 274              	.LVL29:
 217:Generated_Source\PSoC4/CapSense_Tuner.c ****             ptrDsRam->snrTestScanCounter = ptrDsRam->scanCounter;
 275              		.loc 1 217 0
 276 00e8 074B     		ldr	r3, .L18+4
 277 00ea 1A89     		ldrh	r2, [r3, #8]
 278 00ec 92B2     		uxth	r2, r2
 279 00ee 8C21     		movs	r1, #140
 280 00f0 5A52     		strh	r2, [r3, r1]
 218:Generated_Source\PSoC4/CapSense_Tuner.c ****             ptrDsRam->snrTestRawCount[0u] = ptrSnsTmp->raw[0u];
 281              		.loc 1 218 0
 282 00f2 2288     		ldrh	r2, [r4]
 283 00f4 92B2     		uxth	r2, r2
 284 00f6 0231     		adds	r1, r1, #2
 285 00f8 5A52     		strh	r2, [r3, r1]
 219:Generated_Source\PSoC4/CapSense_Tuner.c **** 
 220:Generated_Source\PSoC4/CapSense_Tuner.c ****             #if (0u != CapSense_MULTI_FREQ_SCAN_EN)
 221:Generated_Source\PSoC4/CapSense_Tuner.c ****                 ptrDsRam->snrTestRawCount[1u] = ptrSnsTmp->raw[1u];
 222:Generated_Source\PSoC4/CapSense_Tuner.c ****                 ptrDsRam->snrTestRawCount[2u] = ptrSnsTmp->raw[2u];
 223:Generated_Source\PSoC4/CapSense_Tuner.c ****             #endif
 224:Generated_Source\PSoC4/CapSense_Tuner.c **** 
ARM GAS  C:\Users\dell\AppData\Local\Temp\cchcKbpZ.s 			page 10


 225:Generated_Source\PSoC4/CapSense_Tuner.c ****             CyExitCriticalSection(interruptState);
 286              		.loc 1 225 0
 287 00fa FFF7FEFF 		bl	CyExitCriticalSection
 288              	.LVL30:
 289              	.L17:
 226:Generated_Source\PSoC4/CapSense_Tuner.c ****         }
 227:Generated_Source\PSoC4/CapSense_Tuner.c ****     }
 228:Generated_Source\PSoC4/CapSense_Tuner.c ****     return tunerStatus;
 229:Generated_Source\PSoC4/CapSense_Tuner.c **** }
 290              		.loc 1 229 0
 291 00fe 2800     		movs	r0, r5
 292              		@ sp needed
 293              	.LVL31:
 294              	.LVL32:
 295 0100 70BD     		pop	{r4, r5, r6, pc}
 296              	.L19:
 297 0102 C046     		.align	2
 298              	.L18:
 299 0104 00000000 		.word	.LANCHOR0
 300 0108 00000000 		.word	CapSense_dsRam
 301 010c 00000000 		.word	.L8
 302 0110 0080FFFF 		.word	-32768
 303 0114 00000000 		.word	CapSense_dsFlash
 304              		.cfi_endproc
 305              	.LFE2:
 306              		.size	CapSense_RunTuner, .-CapSense_RunTuner
 307              		.bss
 308              		.align	2
 309              		.set	.LANCHOR0,. + 0
 310              		.type	tunerFsm, %object
 311              		.size	tunerFsm, 4
 312              	tunerFsm:
 313 0000 00000000 		.space	4
 314              		.text
 315              	.Letext0:
 316              		.file 2 "Generated_Source\\PSoC4\\cytypes.h"
 317              		.file 3 "Generated_Source\\PSoC4\\CapSense_Configuration.h"
 318              		.file 4 "Generated_Source\\PSoC4\\CapSense_Structure.h"
 319              		.file 5 "Generated_Source\\PSoC4\\CapSense_Tuner.h"
 320              		.file 6 "Generated_Source\\PSoC4\\CyLib.h"
 321              		.file 7 "Generated_Source\\PSoC4\\CapSense_Control.h"
 322              		.section	.debug_info,"",%progbits
 323              	.Ldebug_info0:
 324 0000 6E060000 		.4byte	0x66e
 325 0004 0400     		.2byte	0x4
 326 0006 00000000 		.4byte	.Ldebug_abbrev0
 327 000a 04       		.byte	0x4
 328 000b 01       		.uleb128 0x1
 329 000c 82040000 		.4byte	.LASF101
 330 0010 0C       		.byte	0xc
 331 0011 A3020000 		.4byte	.LASF102
 332 0015 00010000 		.4byte	.LASF103
 333 0019 00000000 		.4byte	.Ldebug_ranges0+0
 334 001d 00000000 		.4byte	0
 335 0021 00000000 		.4byte	.Ldebug_line0
 336 0025 02       		.uleb128 0x2
 337 0026 01       		.byte	0x1
ARM GAS  C:\Users\dell\AppData\Local\Temp\cchcKbpZ.s 			page 11


 338 0027 06       		.byte	0x6
 339 0028 F4000000 		.4byte	.LASF0
 340 002c 02       		.uleb128 0x2
 341 002d 01       		.byte	0x1
 342 002e 08       		.byte	0x8
 343 002f DF030000 		.4byte	.LASF1
 344 0033 02       		.uleb128 0x2
 345 0034 02       		.byte	0x2
 346 0035 05       		.byte	0x5
 347 0036 04040000 		.4byte	.LASF2
 348 003a 02       		.uleb128 0x2
 349 003b 02       		.byte	0x2
 350 003c 07       		.byte	0x7
 351 003d 7F020000 		.4byte	.LASF3
 352 0041 02       		.uleb128 0x2
 353 0042 04       		.byte	0x4
 354 0043 05       		.byte	0x5
 355 0044 7B010000 		.4byte	.LASF4
 356 0048 02       		.uleb128 0x2
 357 0049 04       		.byte	0x4
 358 004a 07       		.byte	0x7
 359 004b 36020000 		.4byte	.LASF5
 360 004f 02       		.uleb128 0x2
 361 0050 08       		.byte	0x8
 362 0051 05       		.byte	0x5
 363 0052 E6000000 		.4byte	.LASF6
 364 0056 02       		.uleb128 0x2
 365 0057 08       		.byte	0x8
 366 0058 07       		.byte	0x7
 367 0059 4E000000 		.4byte	.LASF7
 368 005d 03       		.uleb128 0x3
 369 005e 04       		.byte	0x4
 370 005f 05       		.byte	0x5
 371 0060 696E7400 		.ascii	"int\000"
 372 0064 02       		.uleb128 0x2
 373 0065 04       		.byte	0x4
 374 0066 07       		.byte	0x7
 375 0067 11020000 		.4byte	.LASF8
 376 006b 04       		.uleb128 0x4
 377 006c 99010000 		.4byte	.LASF9
 378 0070 02       		.byte	0x2
 379 0071 F701     		.2byte	0x1f7
 380 0073 2C000000 		.4byte	0x2c
 381 0077 04       		.uleb128 0x4
 382 0078 00000000 		.4byte	.LASF10
 383 007c 02       		.byte	0x2
 384 007d F801     		.2byte	0x1f8
 385 007f 3A000000 		.4byte	0x3a
 386 0083 04       		.uleb128 0x4
 387 0084 DC010000 		.4byte	.LASF11
 388 0088 02       		.byte	0x2
 389 0089 F901     		.2byte	0x1f9
 390 008b 48000000 		.4byte	0x48
 391 008f 02       		.uleb128 0x2
 392 0090 04       		.byte	0x4
 393 0091 04       		.byte	0x4
 394 0092 A2030000 		.4byte	.LASF12
ARM GAS  C:\Users\dell\AppData\Local\Temp\cchcKbpZ.s 			page 12


 395 0096 02       		.uleb128 0x2
 396 0097 08       		.byte	0x8
 397 0098 04       		.byte	0x4
 398 0099 9F010000 		.4byte	.LASF13
 399 009d 02       		.uleb128 0x2
 400 009e 01       		.byte	0x1
 401 009f 08       		.byte	0x8
 402 00a0 14050000 		.4byte	.LASF14
 403 00a4 05       		.uleb128 0x5
 404 00a5 6B000000 		.4byte	0x6b
 405 00a9 05       		.uleb128 0x5
 406 00aa 83000000 		.4byte	0x83
 407 00ae 02       		.uleb128 0x2
 408 00af 08       		.byte	0x8
 409 00b0 04       		.byte	0x4
 410 00b1 2A030000 		.4byte	.LASF15
 411 00b5 02       		.uleb128 0x2
 412 00b6 04       		.byte	0x4
 413 00b7 07       		.byte	0x7
 414 00b8 21030000 		.4byte	.LASF16
 415 00bc 06       		.uleb128 0x6
 416 00bd 04       		.byte	0x4
 417 00be 04       		.uleb128 0x4
 418 00bf CE000000 		.4byte	.LASF17
 419 00c3 03       		.byte	0x3
 420 00c4 0E01     		.2byte	0x10e
 421 00c6 77000000 		.4byte	0x77
 422 00ca 04       		.uleb128 0x4
 423 00cb 89000000 		.4byte	.LASF18
 424 00cf 03       		.byte	0x3
 425 00d0 1201     		.2byte	0x112
 426 00d2 6B000000 		.4byte	0x6b
 427 00d6 07       		.uleb128 0x7
 428 00d7 6B000000 		.4byte	0x6b
 429 00db E6000000 		.4byte	0xe6
 430 00df 08       		.uleb128 0x8
 431 00e0 B5000000 		.4byte	0xb5
 432 00e4 00       		.byte	0
 433 00e5 00       		.byte	0
 434 00e6 09       		.uleb128 0x9
 435 00e7 0E       		.byte	0xe
 436 00e8 04       		.byte	0x4
 437 00e9 CE       		.byte	0xce
 438 00ea 69010000 		.4byte	0x169
 439 00ee 0A       		.uleb128 0xa
 440 00ef 4F040000 		.4byte	.LASF19
 441 00f3 04       		.byte	0x4
 442 00f4 D3       		.byte	0xd3
 443 00f5 77000000 		.4byte	0x77
 444 00f9 00       		.byte	0
 445 00fa 0A       		.uleb128 0xa
 446 00fb 27060000 		.4byte	.LASF20
 447 00ff 04       		.byte	0x4
 448 0100 D8       		.byte	0xd8
 449 0101 BE000000 		.4byte	0xbe
 450 0105 02       		.byte	0x2
 451 0106 0A       		.uleb128 0xa
ARM GAS  C:\Users\dell\AppData\Local\Temp\cchcKbpZ.s 			page 13


 452 0107 67060000 		.4byte	.LASF21
 453 010b 04       		.byte	0x4
 454 010c DD       		.byte	0xdd
 455 010d 6B000000 		.4byte	0x6b
 456 0111 04       		.byte	0x4
 457 0112 0A       		.uleb128 0xa
 458 0113 43030000 		.4byte	.LASF22
 459 0117 04       		.byte	0x4
 460 0118 E2       		.byte	0xe2
 461 0119 6B000000 		.4byte	0x6b
 462 011d 05       		.byte	0x5
 463 011e 0A       		.uleb128 0xa
 464 011f E3010000 		.4byte	.LASF23
 465 0123 04       		.byte	0x4
 466 0124 E8       		.byte	0xe8
 467 0125 6B000000 		.4byte	0x6b
 468 0129 06       		.byte	0x6
 469 012a 0A       		.uleb128 0xa
 470 012b 2A050000 		.4byte	.LASF24
 471 012f 04       		.byte	0x4
 472 0130 EE       		.byte	0xee
 473 0131 6B000000 		.4byte	0x6b
 474 0135 07       		.byte	0x7
 475 0136 0A       		.uleb128 0xa
 476 0137 6A020000 		.4byte	.LASF25
 477 013b 04       		.byte	0x4
 478 013c F5       		.byte	0xf5
 479 013d CA000000 		.4byte	0xca
 480 0141 08       		.byte	0x8
 481 0142 0A       		.uleb128 0xa
 482 0143 07030000 		.4byte	.LASF26
 483 0147 04       		.byte	0x4
 484 0148 FC       		.byte	0xfc
 485 0149 D6000000 		.4byte	0xd6
 486 014d 09       		.byte	0x9
 487 014e 0B       		.uleb128 0xb
 488 014f 19050000 		.4byte	.LASF27
 489 0153 04       		.byte	0x4
 490 0154 0401     		.2byte	0x104
 491 0156 77000000 		.4byte	0x77
 492 015a 0A       		.byte	0xa
 493 015b 0B       		.uleb128 0xb
 494 015c FC050000 		.4byte	.LASF28
 495 0160 04       		.byte	0x4
 496 0161 0901     		.2byte	0x109
 497 0163 6B000000 		.4byte	0x6b
 498 0167 0C       		.byte	0xc
 499 0168 00       		.byte	0
 500 0169 04       		.uleb128 0x4
 501 016a E0020000 		.4byte	.LASF29
 502 016e 04       		.byte	0x4
 503 016f 0A01     		.2byte	0x10a
 504 0171 E6000000 		.4byte	0xe6
 505 0175 0C       		.uleb128 0xc
 506 0176 38       		.byte	0x38
 507 0177 04       		.byte	0x4
 508 0178 1001     		.2byte	0x110
ARM GAS  C:\Users\dell\AppData\Local\Temp\cchcKbpZ.s 			page 14


 509 017a B3010000 		.4byte	0x1b3
 510 017e 0B       		.uleb128 0xb
 511 017f A8030000 		.4byte	.LASF30
 512 0183 04       		.byte	0x4
 513 0184 1501     		.2byte	0x115
 514 0186 69010000 		.4byte	0x169
 515 018a 00       		.byte	0
 516 018b 0B       		.uleb128 0xb
 517 018c 5F060000 		.4byte	.LASF31
 518 0190 04       		.byte	0x4
 519 0191 1A01     		.2byte	0x11a
 520 0193 69010000 		.4byte	0x169
 521 0197 0E       		.byte	0xe
 522 0198 0B       		.uleb128 0xb
 523 0199 A6010000 		.4byte	.LASF32
 524 019d 04       		.byte	0x4
 525 019e 1F01     		.2byte	0x11f
 526 01a0 69010000 		.4byte	0x169
 527 01a4 1C       		.byte	0x1c
 528 01a5 0B       		.uleb128 0xb
 529 01a6 44050000 		.4byte	.LASF33
 530 01aa 04       		.byte	0x4
 531 01ab 2401     		.2byte	0x124
 532 01ad 69010000 		.4byte	0x169
 533 01b1 2A       		.byte	0x2a
 534 01b2 00       		.byte	0
 535 01b3 04       		.uleb128 0x4
 536 01b4 30060000 		.4byte	.LASF34
 537 01b8 04       		.byte	0x4
 538 01b9 2501     		.2byte	0x125
 539 01bb 75010000 		.4byte	0x175
 540 01bf 0C       		.uleb128 0xc
 541 01c0 0A       		.byte	0xa
 542 01c1 04       		.byte	0x4
 543 01c2 2B01     		.2byte	0x12b
 544 01c4 17020000 		.4byte	0x217
 545 01c8 0D       		.uleb128 0xd
 546 01c9 72617700 		.ascii	"raw\000"
 547 01cd 04       		.byte	0x4
 548 01ce 3001     		.2byte	0x130
 549 01d0 17020000 		.4byte	0x217
 550 01d4 00       		.byte	0
 551 01d5 0B       		.uleb128 0xb
 552 01d6 0C020000 		.4byte	.LASF35
 553 01da 04       		.byte	0x4
 554 01db 3501     		.2byte	0x135
 555 01dd 17020000 		.4byte	0x217
 556 01e1 02       		.byte	0x2
 557 01e2 0B       		.uleb128 0xb
 558 01e3 EE010000 		.4byte	.LASF36
 559 01e7 04       		.byte	0x4
 560 01e8 3B01     		.2byte	0x13b
 561 01ea D6000000 		.4byte	0xd6
 562 01ee 04       		.byte	0x4
 563 01ef 0B       		.uleb128 0xb
 564 01f0 84000000 		.4byte	.LASF37
 565 01f4 04       		.byte	0x4
ARM GAS  C:\Users\dell\AppData\Local\Temp\cchcKbpZ.s 			page 15


 566 01f5 4001     		.2byte	0x140
 567 01f7 BE000000 		.4byte	0xbe
 568 01fb 06       		.byte	0x6
 569 01fc 0B       		.uleb128 0xb
 570 01fd 55050000 		.4byte	.LASF38
 571 0201 04       		.byte	0x4
 572 0202 4501     		.2byte	0x145
 573 0204 27020000 		.4byte	0x227
 574 0208 08       		.byte	0x8
 575 0209 0B       		.uleb128 0xb
 576 020a 4C050000 		.4byte	.LASF39
 577 020e 04       		.byte	0x4
 578 020f 4A01     		.2byte	0x14a
 579 0211 D6000000 		.4byte	0xd6
 580 0215 09       		.byte	0x9
 581 0216 00       		.byte	0
 582 0217 07       		.uleb128 0x7
 583 0218 77000000 		.4byte	0x77
 584 021c 27020000 		.4byte	0x227
 585 0220 08       		.uleb128 0x8
 586 0221 B5000000 		.4byte	0xb5
 587 0225 00       		.byte	0
 588 0226 00       		.byte	0
 589 0227 07       		.uleb128 0x7
 590 0228 CA000000 		.4byte	0xca
 591 022c 37020000 		.4byte	0x237
 592 0230 08       		.uleb128 0x8
 593 0231 B5000000 		.4byte	0xb5
 594 0235 00       		.byte	0
 595 0236 00       		.byte	0
 596 0237 04       		.uleb128 0x4
 597 0238 36000000 		.4byte	.LASF40
 598 023c 04       		.byte	0x4
 599 023d 4B01     		.2byte	0x14b
 600 023f BF010000 		.4byte	0x1bf
 601 0243 0C       		.uleb128 0xc
 602 0244 28       		.byte	0x28
 603 0245 04       		.byte	0x4
 604 0246 5101     		.2byte	0x151
 605 0248 81020000 		.4byte	0x281
 606 024c 0B       		.uleb128 0xb
 607 024d A8030000 		.4byte	.LASF30
 608 0251 04       		.byte	0x4
 609 0252 5601     		.2byte	0x156
 610 0254 81020000 		.4byte	0x281
 611 0258 00       		.byte	0
 612 0259 0B       		.uleb128 0xb
 613 025a 5F060000 		.4byte	.LASF31
 614 025e 04       		.byte	0x4
 615 025f 5B01     		.2byte	0x15b
 616 0261 81020000 		.4byte	0x281
 617 0265 0A       		.byte	0xa
 618 0266 0B       		.uleb128 0xb
 619 0267 A6010000 		.4byte	.LASF32
 620 026b 04       		.byte	0x4
 621 026c 6001     		.2byte	0x160
 622 026e 81020000 		.4byte	0x281
ARM GAS  C:\Users\dell\AppData\Local\Temp\cchcKbpZ.s 			page 16


 623 0272 14       		.byte	0x14
 624 0273 0B       		.uleb128 0xb
 625 0274 44050000 		.4byte	.LASF33
 626 0278 04       		.byte	0x4
 627 0279 6501     		.2byte	0x165
 628 027b 81020000 		.4byte	0x281
 629 027f 1E       		.byte	0x1e
 630 0280 00       		.byte	0
 631 0281 07       		.uleb128 0x7
 632 0282 37020000 		.4byte	0x237
 633 0286 91020000 		.4byte	0x291
 634 028a 08       		.uleb128 0x8
 635 028b B5000000 		.4byte	0xb5
 636 028f 00       		.byte	0
 637 0290 00       		.byte	0
 638 0291 04       		.uleb128 0x4
 639 0292 AE030000 		.4byte	.LASF41
 640 0296 04       		.byte	0x4
 641 0297 6601     		.2byte	0x166
 642 0299 43020000 		.4byte	0x243
 643 029d 0C       		.uleb128 0xc
 644 029e 90       		.byte	0x90
 645 029f 04       		.byte	0x4
 646 02a0 6C01     		.2byte	0x16c
 647 02a2 DF030000 		.4byte	0x3df
 648 02a6 0B       		.uleb128 0xb
 649 02a7 9A020000 		.4byte	.LASF42
 650 02ab 04       		.byte	0x4
 651 02ac 7301     		.2byte	0x173
 652 02ae 77000000 		.4byte	0x77
 653 02b2 00       		.byte	0
 654 02b3 0B       		.uleb128 0xb
 655 02b4 D7020000 		.4byte	.LASF43
 656 02b8 04       		.byte	0x4
 657 02b9 7801     		.2byte	0x178
 658 02bb 77000000 		.4byte	0x77
 659 02bf 02       		.byte	0x2
 660 02c0 0B       		.uleb128 0xb
 661 02c1 6D030000 		.4byte	.LASF44
 662 02c5 04       		.byte	0x4
 663 02c6 7D01     		.2byte	0x17d
 664 02c8 77000000 		.4byte	0x77
 665 02cc 04       		.byte	0x4
 666 02cd 0B       		.uleb128 0xb
 667 02ce 99030000 		.4byte	.LASF45
 668 02d2 04       		.byte	0x4
 669 02d3 8301     		.2byte	0x183
 670 02d5 77000000 		.4byte	0x77
 671 02d9 06       		.byte	0x6
 672 02da 0B       		.uleb128 0xb
 673 02db 7E030000 		.4byte	.LASF46
 674 02df 04       		.byte	0x4
 675 02e0 8801     		.2byte	0x188
 676 02e2 77000000 		.4byte	0x77
 677 02e6 08       		.byte	0x8
 678 02e7 0B       		.uleb128 0xb
 679 02e8 AA050000 		.4byte	.LASF47
ARM GAS  C:\Users\dell\AppData\Local\Temp\cchcKbpZ.s 			page 17


 680 02ec 04       		.byte	0x4
 681 02ed 8D01     		.2byte	0x18d
 682 02ef A9000000 		.4byte	0xa9
 683 02f3 0C       		.byte	0xc
 684 02f4 0B       		.uleb128 0xb
 685 02f5 48020000 		.4byte	.LASF48
 686 02f9 04       		.byte	0x4
 687 02fa 9301     		.2byte	0x193
 688 02fc DF030000 		.4byte	0x3df
 689 0300 10       		.byte	0x10
 690 0301 0B       		.uleb128 0xb
 691 0302 01020000 		.4byte	.LASF49
 692 0306 04       		.byte	0x4
 693 0307 9A01     		.2byte	0x19a
 694 0309 DF030000 		.4byte	0x3df
 695 030d 14       		.byte	0x14
 696 030e 0B       		.uleb128 0xb
 697 030f 71010000 		.4byte	.LASF50
 698 0313 04       		.byte	0x4
 699 0314 AA01     		.2byte	0x1aa
 700 0316 EF030000 		.4byte	0x3ef
 701 031a 18       		.byte	0x18
 702 031b 0B       		.uleb128 0xb
 703 031c 0F030000 		.4byte	.LASF51
 704 0320 04       		.byte	0x4
 705 0321 B001     		.2byte	0x1b0
 706 0323 17020000 		.4byte	0x217
 707 0327 1C       		.byte	0x1c
 708 0328 0B       		.uleb128 0xb
 709 0329 BD010000 		.4byte	.LASF52
 710 032d 04       		.byte	0x4
 711 032e B601     		.2byte	0x1b6
 712 0330 17020000 		.4byte	0x217
 713 0334 1E       		.byte	0x1e
 714 0335 0B       		.uleb128 0xb
 715 0336 39040000 		.4byte	.LASF53
 716 033a 04       		.byte	0x4
 717 033b BB01     		.2byte	0x1bb
 718 033d A4000000 		.4byte	0xa4
 719 0341 20       		.byte	0x20
 720 0342 0B       		.uleb128 0xb
 721 0343 69010000 		.4byte	.LASF54
 722 0347 04       		.byte	0x4
 723 0348 C001     		.2byte	0x1c0
 724 034a 6B000000 		.4byte	0x6b
 725 034e 21       		.byte	0x21
 726 034f 0B       		.uleb128 0xb
 727 0350 9E050000 		.4byte	.LASF55
 728 0354 04       		.byte	0x4
 729 0355 C501     		.2byte	0x1c5
 730 0357 6B000000 		.4byte	0x6b
 731 035b 22       		.byte	0x22
 732 035c 0B       		.uleb128 0xb
 733 035d 4C030000 		.4byte	.LASF56
 734 0361 04       		.byte	0x4
 735 0362 CB01     		.2byte	0x1cb
 736 0364 77000000 		.4byte	0x77
ARM GAS  C:\Users\dell\AppData\Local\Temp\cchcKbpZ.s 			page 18


 737 0368 24       		.byte	0x24
 738 0369 0B       		.uleb128 0xb
 739 036a 84010000 		.4byte	.LASF57
 740 036e 04       		.byte	0x4
 741 036f D001     		.2byte	0x1d0
 742 0371 6B000000 		.4byte	0x6b
 743 0375 26       		.byte	0x26
 744 0376 0B       		.uleb128 0xb
 745 0377 D5050000 		.4byte	.LASF58
 746 037b 04       		.byte	0x4
 747 037c D501     		.2byte	0x1d5
 748 037e 6B000000 		.4byte	0x6b
 749 0382 27       		.byte	0x27
 750 0383 0B       		.uleb128 0xb
 751 0384 20050000 		.4byte	.LASF59
 752 0388 04       		.byte	0x4
 753 0389 DA01     		.2byte	0x1da
 754 038b 6B000000 		.4byte	0x6b
 755 038f 28       		.byte	0x28
 756 0390 0B       		.uleb128 0xb
 757 0391 5A040000 		.4byte	.LASF60
 758 0395 04       		.byte	0x4
 759 0396 DF01     		.2byte	0x1df
 760 0398 B3010000 		.4byte	0x1b3
 761 039c 2A       		.byte	0x2a
 762 039d 0B       		.uleb128 0xb
 763 039e 92020000 		.4byte	.LASF61
 764 03a2 04       		.byte	0x4
 765 03a3 E401     		.2byte	0x1e4
 766 03a5 91020000 		.4byte	0x291
 767 03a9 62       		.byte	0x62
 768 03aa 0B       		.uleb128 0xb
 769 03ab 1E020000 		.4byte	.LASF62
 770 03af 04       		.byte	0x4
 771 03b0 E901     		.2byte	0x1e9
 772 03b2 6B000000 		.4byte	0x6b
 773 03b6 8A       		.byte	0x8a
 774 03b7 0B       		.uleb128 0xb
 775 03b8 AD000000 		.4byte	.LASF63
 776 03bc 04       		.byte	0x4
 777 03bd EE01     		.2byte	0x1ee
 778 03bf 6B000000 		.4byte	0x6b
 779 03c3 8B       		.byte	0x8b
 780 03c4 0B       		.uleb128 0xb
 781 03c5 4C060000 		.4byte	.LASF64
 782 03c9 04       		.byte	0x4
 783 03ca F301     		.2byte	0x1f3
 784 03cc 77000000 		.4byte	0x77
 785 03d0 8C       		.byte	0x8c
 786 03d1 0B       		.uleb128 0xb
 787 03d2 AD010000 		.4byte	.LASF65
 788 03d6 04       		.byte	0x4
 789 03d7 F801     		.2byte	0x1f8
 790 03d9 17020000 		.4byte	0x217
 791 03dd 8E       		.byte	0x8e
 792 03de 00       		.byte	0
 793 03df 07       		.uleb128 0x7
ARM GAS  C:\Users\dell\AppData\Local\Temp\cchcKbpZ.s 			page 19


 794 03e0 83000000 		.4byte	0x83
 795 03e4 EF030000 		.4byte	0x3ef
 796 03e8 08       		.uleb128 0x8
 797 03e9 B5000000 		.4byte	0xb5
 798 03ed 00       		.byte	0
 799 03ee 00       		.byte	0
 800 03ef 07       		.uleb128 0x7
 801 03f0 6B000000 		.4byte	0x6b
 802 03f4 FF030000 		.4byte	0x3ff
 803 03f8 08       		.uleb128 0x8
 804 03f9 B5000000 		.4byte	0xb5
 805 03fd 03       		.byte	0x3
 806 03fe 00       		.byte	0
 807 03ff 04       		.uleb128 0x4
 808 0400 CB030000 		.4byte	.LASF66
 809 0404 04       		.byte	0x4
 810 0405 F901     		.2byte	0x1f9
 811 0407 9D020000 		.4byte	0x29d
 812 040b 0C       		.uleb128 0xc
 813 040c 1C       		.byte	0x1c
 814 040d 04       		.byte	0x4
 815 040e 6002     		.2byte	0x260
 816 0410 8A040000 		.4byte	0x48a
 817 0414 0B       		.uleb128 0xb
 818 0415 77000000 		.4byte	.LASF67
 819 0419 04       		.byte	0x4
 820 041a 6902     		.2byte	0x269
 821 041c 8A040000 		.4byte	0x48a
 822 0420 00       		.byte	0
 823 0421 0B       		.uleb128 0xb
 824 0422 CB020000 		.4byte	.LASF68
 825 0426 04       		.byte	0x4
 826 0427 7002     		.2byte	0x270
 827 0429 BC000000 		.4byte	0xbc
 828 042d 04       		.byte	0x4
 829 042e 0B       		.uleb128 0xb
 830 042f 8E010000 		.4byte	.LASF69
 831 0433 04       		.byte	0x4
 832 0434 7602     		.2byte	0x276
 833 0436 91040000 		.4byte	0x491
 834 043a 08       		.byte	0x8
 835 043b 0B       		.uleb128 0xb
 836 043c 29040000 		.4byte	.LASF70
 837 0440 04       		.byte	0x4
 838 0441 7C02     		.2byte	0x27c
 839 0443 BC000000 		.4byte	0xbc
 840 0447 0C       		.byte	0xc
 841 0448 0B       		.uleb128 0xb
 842 0449 6F050000 		.4byte	.LASF71
 843 044d 04       		.byte	0x4
 844 044e 8302     		.2byte	0x283
 845 0450 97040000 		.4byte	0x497
 846 0454 10       		.byte	0x10
 847 0455 0B       		.uleb128 0xb
 848 0456 36030000 		.4byte	.LASF72
 849 045a 04       		.byte	0x4
 850 045b 8802     		.2byte	0x288
ARM GAS  C:\Users\dell\AppData\Local\Temp\cchcKbpZ.s 			page 20


 851 045d 83000000 		.4byte	0x83
 852 0461 14       		.byte	0x14
 853 0462 0B       		.uleb128 0xb
 854 0463 63050000 		.4byte	.LASF73
 855 0467 04       		.byte	0x4
 856 0468 8F02     		.2byte	0x28f
 857 046a 77000000 		.4byte	0x77
 858 046e 18       		.byte	0x18
 859 046f 0B       		.uleb128 0xb
 860 0470 75030000 		.4byte	.LASF74
 861 0474 04       		.byte	0x4
 862 0475 9602     		.2byte	0x296
 863 0477 6B000000 		.4byte	0x6b
 864 047b 1A       		.byte	0x1a
 865 047c 0B       		.uleb128 0xb
 866 047d 19030000 		.4byte	.LASF75
 867 0481 04       		.byte	0x4
 868 0482 A002     		.2byte	0x2a0
 869 0484 6B000000 		.4byte	0x6b
 870 0488 1B       		.byte	0x1b
 871 0489 00       		.byte	0
 872 048a 0E       		.uleb128 0xe
 873 048b 04       		.byte	0x4
 874 048c 90040000 		.4byte	0x490
 875 0490 0F       		.uleb128 0xf
 876 0491 0E       		.uleb128 0xe
 877 0492 04       		.byte	0x4
 878 0493 37020000 		.4byte	0x237
 879 0497 0E       		.uleb128 0xe
 880 0498 04       		.byte	0x4
 881 0499 6B000000 		.4byte	0x6b
 882 049d 04       		.uleb128 0x4
 883 049e 1D000000 		.4byte	.LASF76
 884 04a2 04       		.byte	0x4
 885 04a3 A102     		.2byte	0x2a1
 886 04a5 0B040000 		.4byte	0x40b
 887 04a9 0C       		.uleb128 0xc
 888 04aa 70       		.byte	0x70
 889 04ab 04       		.byte	0x4
 890 04ac A702     		.2byte	0x2a7
 891 04ae C0040000 		.4byte	0x4c0
 892 04b2 0B       		.uleb128 0xb
 893 04b3 B1050000 		.4byte	.LASF77
 894 04b7 04       		.byte	0x4
 895 04b8 AC02     		.2byte	0x2ac
 896 04ba C0040000 		.4byte	0x4c0
 897 04be 00       		.byte	0
 898 04bf 00       		.byte	0
 899 04c0 07       		.uleb128 0x7
 900 04c1 9D040000 		.4byte	0x49d
 901 04c5 D0040000 		.4byte	0x4d0
 902 04c9 08       		.uleb128 0x8
 903 04ca B5000000 		.4byte	0xb5
 904 04ce 03       		.byte	0x3
 905 04cf 00       		.byte	0
 906 04d0 04       		.uleb128 0x4
 907 04d1 7F050000 		.4byte	.LASF78
ARM GAS  C:\Users\dell\AppData\Local\Temp\cchcKbpZ.s 			page 21


 908 04d5 04       		.byte	0x4
 909 04d6 AD02     		.2byte	0x2ad
 910 04d8 A9040000 		.4byte	0x4a9
 911 04dc 10       		.uleb128 0x10
 912 04dd 01       		.byte	0x1
 913 04de 2C000000 		.4byte	0x2c
 914 04e2 05       		.byte	0x5
 915 04e3 2E       		.byte	0x2e
 916 04e4 13050000 		.4byte	0x513
 917 04e8 11       		.uleb128 0x11
 918 04e9 C5010000 		.4byte	.LASF79
 919 04ed 00       		.byte	0
 920 04ee 11       		.uleb128 0x11
 921 04ef 4F010000 		.4byte	.LASF80
 922 04f3 01       		.byte	0x1
 923 04f4 11       		.uleb128 0x11
 924 04f5 E3050000 		.4byte	.LASF81
 925 04f9 02       		.byte	0x2
 926 04fa 11       		.uleb128 0x11
 927 04fb BB050000 		.4byte	.LASF82
 928 04ff 03       		.byte	0x3
 929 0500 11       		.uleb128 0x11
 930 0501 63040000 		.4byte	.LASF83
 931 0505 04       		.byte	0x4
 932 0506 11       		.uleb128 0x11
 933 0507 ED030000 		.4byte	.LASF84
 934 050b 05       		.byte	0x5
 935 050c 11       		.uleb128 0x11
 936 050d 0E040000 		.4byte	.LASF85
 937 0511 06       		.byte	0x6
 938 0512 00       		.byte	0
 939 0513 12       		.uleb128 0x12
 940 0514 12060000 		.4byte	.LASF86
 941 0518 05       		.byte	0x5
 942 0519 36       		.byte	0x36
 943 051a DC040000 		.4byte	0x4dc
 944 051e 13       		.uleb128 0x13
 945 051f 57030000 		.4byte	.LASF104
 946 0523 01       		.byte	0x1
 947 0524 44       		.byte	0x44
 948 0525 00000000 		.4byte	.LFB1
 949 0529 14000000 		.4byte	.LFE1-.LFB1
 950 052d 01       		.uleb128 0x1
 951 052e 9C       		.byte	0x9c
 952 052f 3F050000 		.4byte	0x53f
 953 0533 14       		.uleb128 0x14
 954 0534 09060000 		.4byte	.LASF93
 955 0538 01       		.byte	0x1
 956 0539 46       		.byte	0x46
 957 053a 3F050000 		.4byte	0x53f
 958 053e 00       		.byte	0
 959 053f 0E       		.uleb128 0xe
 960 0540 04       		.byte	0x4
 961 0541 45050000 		.4byte	0x545
 962 0545 05       		.uleb128 0x5
 963 0546 FF030000 		.4byte	0x3ff
 964 054a 15       		.uleb128 0x15
ARM GAS  C:\Users\dell\AppData\Local\Temp\cchcKbpZ.s 			page 22


 965 054b 65000000 		.4byte	.LASF105
 966 054f 01       		.byte	0x1
 967 0550 73       		.byte	0x73
 968 0551 83000000 		.4byte	0x83
 969 0555 00000000 		.4byte	.LFB2
 970 0559 18010000 		.4byte	.LFE2-.LFB2
 971 055d 01       		.uleb128 0x1
 972 055e 9C       		.byte	0x9c
 973 055f 17060000 		.4byte	0x617
 974 0563 16       		.uleb128 0x16
 975 0564 40010000 		.4byte	.LASF87
 976 0568 01       		.byte	0x1
 977 0569 75       		.byte	0x75
 978 056a 6B000000 		.4byte	0x6b
 979 056e 00000000 		.4byte	.LLST0
 980 0572 16       		.uleb128 0x16
 981 0573 FE020000 		.4byte	.LASF88
 982 0577 01       		.byte	0x1
 983 0578 76       		.byte	0x76
 984 0579 83000000 		.4byte	0x83
 985 057d 29000000 		.4byte	.LLST1
 986 0581 16       		.uleb128 0x16
 987 0582 A4000000 		.4byte	.LASF89
 988 0586 01       		.byte	0x1
 989 0587 77       		.byte	0x77
 990 0588 83000000 		.4byte	0x83
 991 058c 3C000000 		.4byte	.LLST2
 992 0590 16       		.uleb128 0x16
 993 0591 F6010000 		.4byte	.LASF90
 994 0595 01       		.byte	0x1
 995 0596 78       		.byte	0x78
 996 0597 83000000 		.4byte	0x83
 997 059b 4F000000 		.4byte	.LLST3
 998 059f 16       		.uleb128 0x16
 999 05a0 2E020000 		.4byte	.LASF91
 1000 05a4 01       		.byte	0x1
 1001 05a5 79       		.byte	0x79
 1002 05a6 13050000 		.4byte	0x513
 1003 05aa 0F010000 		.4byte	.LLST4
 1004 05ae 16       		.uleb128 0x16
 1005 05af 43040000 		.4byte	.LASF92
 1006 05b3 01       		.byte	0x1
 1007 05b4 7A       		.byte	0x7a
 1008 05b5 83000000 		.4byte	0x83
 1009 05b9 22010000 		.4byte	.LLST5
 1010 05bd 14       		.uleb128 0x14
 1011 05be 09060000 		.4byte	.LASF93
 1012 05c2 01       		.byte	0x1
 1013 05c3 7C       		.byte	0x7c
 1014 05c4 3F050000 		.4byte	0x53f
 1015 05c8 16       		.uleb128 0x16
 1016 05c9 75020000 		.4byte	.LASF94
 1017 05cd 01       		.byte	0x1
 1018 05ce 7D       		.byte	0x7d
 1019 05cf 17060000 		.4byte	0x617
 1020 05d3 63010000 		.4byte	.LLST6
 1021 05d7 17       		.uleb128 0x17
ARM GAS  C:\Users\dell\AppData\Local\Temp\cchcKbpZ.s 			page 23


 1022 05d8 12000000 		.4byte	.LVL3
 1023 05dc 50060000 		.4byte	0x650
 1024 05e0 17       		.uleb128 0x17
 1025 05e1 1C000000 		.4byte	.LVL4
 1026 05e5 5B060000 		.4byte	0x65b
 1027 05e9 17       		.uleb128 0x17
 1028 05ea 46000000 		.4byte	.LVL10
 1029 05ee 66060000 		.4byte	0x666
 1030 05f2 17       		.uleb128 0x17
 1031 05f3 76000000 		.4byte	.LVL19
 1032 05f7 50060000 		.4byte	0x650
 1033 05fb 17       		.uleb128 0x17
 1034 05fc 90000000 		.4byte	.LVL20
 1035 0600 5B060000 		.4byte	0x65b
 1036 0604 17       		.uleb128 0x17
 1037 0605 E8000000 		.4byte	.LVL29
 1038 0609 50060000 		.4byte	0x650
 1039 060d 17       		.uleb128 0x17
 1040 060e FE000000 		.4byte	.LVL30
 1041 0612 5B060000 		.4byte	0x65b
 1042 0616 00       		.byte	0
 1043 0617 0E       		.uleb128 0xe
 1044 0618 04       		.byte	0x4
 1045 0619 1D060000 		.4byte	0x61d
 1046 061d 05       		.uleb128 0x5
 1047 061e 37020000 		.4byte	0x237
 1048 0622 18       		.uleb128 0x18
 1049 0623 95050000 		.4byte	.LASF95
 1050 0627 01       		.byte	0x1
 1051 0628 35       		.byte	0x35
 1052 0629 83000000 		.4byte	0x83
 1053 062d 05       		.uleb128 0x5
 1054 062e 03       		.byte	0x3
 1055 062f 00000000 		.4byte	tunerFsm
 1056 0633 19       		.uleb128 0x19
 1057 0634 8A030000 		.4byte	.LASF96
 1058 0638 04       		.byte	0x4
 1059 0639 4404     		.2byte	0x444
 1060 063b FF030000 		.4byte	0x3ff
 1061 063f 19       		.uleb128 0x19
 1062 0640 BD000000 		.4byte	.LASF97
 1063 0644 04       		.byte	0x4
 1064 0645 4504     		.2byte	0x445
 1065 0647 4B060000 		.4byte	0x64b
 1066 064b 1A       		.uleb128 0x1a
 1067 064c D0040000 		.4byte	0x4d0
 1068 0650 1B       		.uleb128 0x1b
 1069 0651 53020000 		.4byte	.LASF98
 1070 0655 53020000 		.4byte	.LASF98
 1071 0659 06       		.byte	0x6
 1072 065a F8       		.byte	0xf8
 1073 065b 1B       		.uleb128 0x1b
 1074 065c 07000000 		.4byte	.LASF99
 1075 0660 07000000 		.4byte	.LASF99
 1076 0664 06       		.byte	0x6
 1077 0665 F9       		.byte	0xf9
 1078 0666 1B       		.uleb128 0x1b
ARM GAS  C:\Users\dell\AppData\Local\Temp\cchcKbpZ.s 			page 24


 1079 0667 35050000 		.4byte	.LASF100
 1080 066b 35050000 		.4byte	.LASF100
 1081 066f 07       		.byte	0x7
 1082 0670 3B       		.byte	0x3b
 1083 0671 00       		.byte	0
 1084              		.section	.debug_abbrev,"",%progbits
 1085              	.Ldebug_abbrev0:
 1086 0000 01       		.uleb128 0x1
 1087 0001 11       		.uleb128 0x11
 1088 0002 01       		.byte	0x1
 1089 0003 25       		.uleb128 0x25
 1090 0004 0E       		.uleb128 0xe
 1091 0005 13       		.uleb128 0x13
 1092 0006 0B       		.uleb128 0xb
 1093 0007 03       		.uleb128 0x3
 1094 0008 0E       		.uleb128 0xe
 1095 0009 1B       		.uleb128 0x1b
 1096 000a 0E       		.uleb128 0xe
 1097 000b 55       		.uleb128 0x55
 1098 000c 17       		.uleb128 0x17
 1099 000d 11       		.uleb128 0x11
 1100 000e 01       		.uleb128 0x1
 1101 000f 10       		.uleb128 0x10
 1102 0010 17       		.uleb128 0x17
 1103 0011 00       		.byte	0
 1104 0012 00       		.byte	0
 1105 0013 02       		.uleb128 0x2
 1106 0014 24       		.uleb128 0x24
 1107 0015 00       		.byte	0
 1108 0016 0B       		.uleb128 0xb
 1109 0017 0B       		.uleb128 0xb
 1110 0018 3E       		.uleb128 0x3e
 1111 0019 0B       		.uleb128 0xb
 1112 001a 03       		.uleb128 0x3
 1113 001b 0E       		.uleb128 0xe
 1114 001c 00       		.byte	0
 1115 001d 00       		.byte	0
 1116 001e 03       		.uleb128 0x3
 1117 001f 24       		.uleb128 0x24
 1118 0020 00       		.byte	0
 1119 0021 0B       		.uleb128 0xb
 1120 0022 0B       		.uleb128 0xb
 1121 0023 3E       		.uleb128 0x3e
 1122 0024 0B       		.uleb128 0xb
 1123 0025 03       		.uleb128 0x3
 1124 0026 08       		.uleb128 0x8
 1125 0027 00       		.byte	0
 1126 0028 00       		.byte	0
 1127 0029 04       		.uleb128 0x4
 1128 002a 16       		.uleb128 0x16
 1129 002b 00       		.byte	0
 1130 002c 03       		.uleb128 0x3
 1131 002d 0E       		.uleb128 0xe
 1132 002e 3A       		.uleb128 0x3a
 1133 002f 0B       		.uleb128 0xb
 1134 0030 3B       		.uleb128 0x3b
 1135 0031 05       		.uleb128 0x5
ARM GAS  C:\Users\dell\AppData\Local\Temp\cchcKbpZ.s 			page 25


 1136 0032 49       		.uleb128 0x49
 1137 0033 13       		.uleb128 0x13
 1138 0034 00       		.byte	0
 1139 0035 00       		.byte	0
 1140 0036 05       		.uleb128 0x5
 1141 0037 35       		.uleb128 0x35
 1142 0038 00       		.byte	0
 1143 0039 49       		.uleb128 0x49
 1144 003a 13       		.uleb128 0x13
 1145 003b 00       		.byte	0
 1146 003c 00       		.byte	0
 1147 003d 06       		.uleb128 0x6
 1148 003e 0F       		.uleb128 0xf
 1149 003f 00       		.byte	0
 1150 0040 0B       		.uleb128 0xb
 1151 0041 0B       		.uleb128 0xb
 1152 0042 00       		.byte	0
 1153 0043 00       		.byte	0
 1154 0044 07       		.uleb128 0x7
 1155 0045 01       		.uleb128 0x1
 1156 0046 01       		.byte	0x1
 1157 0047 49       		.uleb128 0x49
 1158 0048 13       		.uleb128 0x13
 1159 0049 01       		.uleb128 0x1
 1160 004a 13       		.uleb128 0x13
 1161 004b 00       		.byte	0
 1162 004c 00       		.byte	0
 1163 004d 08       		.uleb128 0x8
 1164 004e 21       		.uleb128 0x21
 1165 004f 00       		.byte	0
 1166 0050 49       		.uleb128 0x49
 1167 0051 13       		.uleb128 0x13
 1168 0052 2F       		.uleb128 0x2f
 1169 0053 0B       		.uleb128 0xb
 1170 0054 00       		.byte	0
 1171 0055 00       		.byte	0
 1172 0056 09       		.uleb128 0x9
 1173 0057 13       		.uleb128 0x13
 1174 0058 01       		.byte	0x1
 1175 0059 0B       		.uleb128 0xb
 1176 005a 0B       		.uleb128 0xb
 1177 005b 3A       		.uleb128 0x3a
 1178 005c 0B       		.uleb128 0xb
 1179 005d 3B       		.uleb128 0x3b
 1180 005e 0B       		.uleb128 0xb
 1181 005f 01       		.uleb128 0x1
 1182 0060 13       		.uleb128 0x13
 1183 0061 00       		.byte	0
 1184 0062 00       		.byte	0
 1185 0063 0A       		.uleb128 0xa
 1186 0064 0D       		.uleb128 0xd
 1187 0065 00       		.byte	0
 1188 0066 03       		.uleb128 0x3
 1189 0067 0E       		.uleb128 0xe
 1190 0068 3A       		.uleb128 0x3a
 1191 0069 0B       		.uleb128 0xb
 1192 006a 3B       		.uleb128 0x3b
ARM GAS  C:\Users\dell\AppData\Local\Temp\cchcKbpZ.s 			page 26


 1193 006b 0B       		.uleb128 0xb
 1194 006c 49       		.uleb128 0x49
 1195 006d 13       		.uleb128 0x13
 1196 006e 38       		.uleb128 0x38
 1197 006f 0B       		.uleb128 0xb
 1198 0070 00       		.byte	0
 1199 0071 00       		.byte	0
 1200 0072 0B       		.uleb128 0xb
 1201 0073 0D       		.uleb128 0xd
 1202 0074 00       		.byte	0
 1203 0075 03       		.uleb128 0x3
 1204 0076 0E       		.uleb128 0xe
 1205 0077 3A       		.uleb128 0x3a
 1206 0078 0B       		.uleb128 0xb
 1207 0079 3B       		.uleb128 0x3b
 1208 007a 05       		.uleb128 0x5
 1209 007b 49       		.uleb128 0x49
 1210 007c 13       		.uleb128 0x13
 1211 007d 38       		.uleb128 0x38
 1212 007e 0B       		.uleb128 0xb
 1213 007f 00       		.byte	0
 1214 0080 00       		.byte	0
 1215 0081 0C       		.uleb128 0xc
 1216 0082 13       		.uleb128 0x13
 1217 0083 01       		.byte	0x1
 1218 0084 0B       		.uleb128 0xb
 1219 0085 0B       		.uleb128 0xb
 1220 0086 3A       		.uleb128 0x3a
 1221 0087 0B       		.uleb128 0xb
 1222 0088 3B       		.uleb128 0x3b
 1223 0089 05       		.uleb128 0x5
 1224 008a 01       		.uleb128 0x1
 1225 008b 13       		.uleb128 0x13
 1226 008c 00       		.byte	0
 1227 008d 00       		.byte	0
 1228 008e 0D       		.uleb128 0xd
 1229 008f 0D       		.uleb128 0xd
 1230 0090 00       		.byte	0
 1231 0091 03       		.uleb128 0x3
 1232 0092 08       		.uleb128 0x8
 1233 0093 3A       		.uleb128 0x3a
 1234 0094 0B       		.uleb128 0xb
 1235 0095 3B       		.uleb128 0x3b
 1236 0096 05       		.uleb128 0x5
 1237 0097 49       		.uleb128 0x49
 1238 0098 13       		.uleb128 0x13
 1239 0099 38       		.uleb128 0x38
 1240 009a 0B       		.uleb128 0xb
 1241 009b 00       		.byte	0
 1242 009c 00       		.byte	0
 1243 009d 0E       		.uleb128 0xe
 1244 009e 0F       		.uleb128 0xf
 1245 009f 00       		.byte	0
 1246 00a0 0B       		.uleb128 0xb
 1247 00a1 0B       		.uleb128 0xb
 1248 00a2 49       		.uleb128 0x49
 1249 00a3 13       		.uleb128 0x13
ARM GAS  C:\Users\dell\AppData\Local\Temp\cchcKbpZ.s 			page 27


 1250 00a4 00       		.byte	0
 1251 00a5 00       		.byte	0
 1252 00a6 0F       		.uleb128 0xf
 1253 00a7 26       		.uleb128 0x26
 1254 00a8 00       		.byte	0
 1255 00a9 00       		.byte	0
 1256 00aa 00       		.byte	0
 1257 00ab 10       		.uleb128 0x10
 1258 00ac 04       		.uleb128 0x4
 1259 00ad 01       		.byte	0x1
 1260 00ae 0B       		.uleb128 0xb
 1261 00af 0B       		.uleb128 0xb
 1262 00b0 49       		.uleb128 0x49
 1263 00b1 13       		.uleb128 0x13
 1264 00b2 3A       		.uleb128 0x3a
 1265 00b3 0B       		.uleb128 0xb
 1266 00b4 3B       		.uleb128 0x3b
 1267 00b5 0B       		.uleb128 0xb
 1268 00b6 01       		.uleb128 0x1
 1269 00b7 13       		.uleb128 0x13
 1270 00b8 00       		.byte	0
 1271 00b9 00       		.byte	0
 1272 00ba 11       		.uleb128 0x11
 1273 00bb 28       		.uleb128 0x28
 1274 00bc 00       		.byte	0
 1275 00bd 03       		.uleb128 0x3
 1276 00be 0E       		.uleb128 0xe
 1277 00bf 1C       		.uleb128 0x1c
 1278 00c0 0B       		.uleb128 0xb
 1279 00c1 00       		.byte	0
 1280 00c2 00       		.byte	0
 1281 00c3 12       		.uleb128 0x12
 1282 00c4 16       		.uleb128 0x16
 1283 00c5 00       		.byte	0
 1284 00c6 03       		.uleb128 0x3
 1285 00c7 0E       		.uleb128 0xe
 1286 00c8 3A       		.uleb128 0x3a
 1287 00c9 0B       		.uleb128 0xb
 1288 00ca 3B       		.uleb128 0x3b
 1289 00cb 0B       		.uleb128 0xb
 1290 00cc 49       		.uleb128 0x49
 1291 00cd 13       		.uleb128 0x13
 1292 00ce 00       		.byte	0
 1293 00cf 00       		.byte	0
 1294 00d0 13       		.uleb128 0x13
 1295 00d1 2E       		.uleb128 0x2e
 1296 00d2 01       		.byte	0x1
 1297 00d3 3F       		.uleb128 0x3f
 1298 00d4 19       		.uleb128 0x19
 1299 00d5 03       		.uleb128 0x3
 1300 00d6 0E       		.uleb128 0xe
 1301 00d7 3A       		.uleb128 0x3a
 1302 00d8 0B       		.uleb128 0xb
 1303 00d9 3B       		.uleb128 0x3b
 1304 00da 0B       		.uleb128 0xb
 1305 00db 27       		.uleb128 0x27
 1306 00dc 19       		.uleb128 0x19
ARM GAS  C:\Users\dell\AppData\Local\Temp\cchcKbpZ.s 			page 28


 1307 00dd 11       		.uleb128 0x11
 1308 00de 01       		.uleb128 0x1
 1309 00df 12       		.uleb128 0x12
 1310 00e0 06       		.uleb128 0x6
 1311 00e1 40       		.uleb128 0x40
 1312 00e2 18       		.uleb128 0x18
 1313 00e3 9742     		.uleb128 0x2117
 1314 00e5 19       		.uleb128 0x19
 1315 00e6 01       		.uleb128 0x1
 1316 00e7 13       		.uleb128 0x13
 1317 00e8 00       		.byte	0
 1318 00e9 00       		.byte	0
 1319 00ea 14       		.uleb128 0x14
 1320 00eb 34       		.uleb128 0x34
 1321 00ec 00       		.byte	0
 1322 00ed 03       		.uleb128 0x3
 1323 00ee 0E       		.uleb128 0xe
 1324 00ef 3A       		.uleb128 0x3a
 1325 00f0 0B       		.uleb128 0xb
 1326 00f1 3B       		.uleb128 0x3b
 1327 00f2 0B       		.uleb128 0xb
 1328 00f3 49       		.uleb128 0x49
 1329 00f4 13       		.uleb128 0x13
 1330 00f5 00       		.byte	0
 1331 00f6 00       		.byte	0
 1332 00f7 15       		.uleb128 0x15
 1333 00f8 2E       		.uleb128 0x2e
 1334 00f9 01       		.byte	0x1
 1335 00fa 3F       		.uleb128 0x3f
 1336 00fb 19       		.uleb128 0x19
 1337 00fc 03       		.uleb128 0x3
 1338 00fd 0E       		.uleb128 0xe
 1339 00fe 3A       		.uleb128 0x3a
 1340 00ff 0B       		.uleb128 0xb
 1341 0100 3B       		.uleb128 0x3b
 1342 0101 0B       		.uleb128 0xb
 1343 0102 27       		.uleb128 0x27
 1344 0103 19       		.uleb128 0x19
 1345 0104 49       		.uleb128 0x49
 1346 0105 13       		.uleb128 0x13
 1347 0106 11       		.uleb128 0x11
 1348 0107 01       		.uleb128 0x1
 1349 0108 12       		.uleb128 0x12
 1350 0109 06       		.uleb128 0x6
 1351 010a 40       		.uleb128 0x40
 1352 010b 18       		.uleb128 0x18
 1353 010c 9742     		.uleb128 0x2117
 1354 010e 19       		.uleb128 0x19
 1355 010f 01       		.uleb128 0x1
 1356 0110 13       		.uleb128 0x13
 1357 0111 00       		.byte	0
 1358 0112 00       		.byte	0
 1359 0113 16       		.uleb128 0x16
 1360 0114 34       		.uleb128 0x34
 1361 0115 00       		.byte	0
 1362 0116 03       		.uleb128 0x3
 1363 0117 0E       		.uleb128 0xe
ARM GAS  C:\Users\dell\AppData\Local\Temp\cchcKbpZ.s 			page 29


 1364 0118 3A       		.uleb128 0x3a
 1365 0119 0B       		.uleb128 0xb
 1366 011a 3B       		.uleb128 0x3b
 1367 011b 0B       		.uleb128 0xb
 1368 011c 49       		.uleb128 0x49
 1369 011d 13       		.uleb128 0x13
 1370 011e 02       		.uleb128 0x2
 1371 011f 17       		.uleb128 0x17
 1372 0120 00       		.byte	0
 1373 0121 00       		.byte	0
 1374 0122 17       		.uleb128 0x17
 1375 0123 898201   		.uleb128 0x4109
 1376 0126 00       		.byte	0
 1377 0127 11       		.uleb128 0x11
 1378 0128 01       		.uleb128 0x1
 1379 0129 31       		.uleb128 0x31
 1380 012a 13       		.uleb128 0x13
 1381 012b 00       		.byte	0
 1382 012c 00       		.byte	0
 1383 012d 18       		.uleb128 0x18
 1384 012e 34       		.uleb128 0x34
 1385 012f 00       		.byte	0
 1386 0130 03       		.uleb128 0x3
 1387 0131 0E       		.uleb128 0xe
 1388 0132 3A       		.uleb128 0x3a
 1389 0133 0B       		.uleb128 0xb
 1390 0134 3B       		.uleb128 0x3b
 1391 0135 0B       		.uleb128 0xb
 1392 0136 49       		.uleb128 0x49
 1393 0137 13       		.uleb128 0x13
 1394 0138 02       		.uleb128 0x2
 1395 0139 18       		.uleb128 0x18
 1396 013a 00       		.byte	0
 1397 013b 00       		.byte	0
 1398 013c 19       		.uleb128 0x19
 1399 013d 34       		.uleb128 0x34
 1400 013e 00       		.byte	0
 1401 013f 03       		.uleb128 0x3
 1402 0140 0E       		.uleb128 0xe
 1403 0141 3A       		.uleb128 0x3a
 1404 0142 0B       		.uleb128 0xb
 1405 0143 3B       		.uleb128 0x3b
 1406 0144 05       		.uleb128 0x5
 1407 0145 49       		.uleb128 0x49
 1408 0146 13       		.uleb128 0x13
 1409 0147 3F       		.uleb128 0x3f
 1410 0148 19       		.uleb128 0x19
 1411 0149 3C       		.uleb128 0x3c
 1412 014a 19       		.uleb128 0x19
 1413 014b 00       		.byte	0
 1414 014c 00       		.byte	0
 1415 014d 1A       		.uleb128 0x1a
 1416 014e 26       		.uleb128 0x26
 1417 014f 00       		.byte	0
 1418 0150 49       		.uleb128 0x49
 1419 0151 13       		.uleb128 0x13
 1420 0152 00       		.byte	0
ARM GAS  C:\Users\dell\AppData\Local\Temp\cchcKbpZ.s 			page 30


 1421 0153 00       		.byte	0
 1422 0154 1B       		.uleb128 0x1b
 1423 0155 2E       		.uleb128 0x2e
 1424 0156 00       		.byte	0
 1425 0157 3F       		.uleb128 0x3f
 1426 0158 19       		.uleb128 0x19
 1427 0159 3C       		.uleb128 0x3c
 1428 015a 19       		.uleb128 0x19
 1429 015b 6E       		.uleb128 0x6e
 1430 015c 0E       		.uleb128 0xe
 1431 015d 03       		.uleb128 0x3
 1432 015e 0E       		.uleb128 0xe
 1433 015f 3A       		.uleb128 0x3a
 1434 0160 0B       		.uleb128 0xb
 1435 0161 3B       		.uleb128 0x3b
 1436 0162 0B       		.uleb128 0xb
 1437 0163 00       		.byte	0
 1438 0164 00       		.byte	0
 1439 0165 00       		.byte	0
 1440              		.section	.debug_loc,"",%progbits
 1441              	.Ldebug_loc0:
 1442              	.LLST0:
 1443 0000 12000000 		.4byte	.LVL3
 1444 0004 1B000000 		.4byte	.LVL4-1
 1445 0008 0100     		.2byte	0x1
 1446 000a 50       		.byte	0x50
 1447 000b 76000000 		.4byte	.LVL19
 1448 000f 8F000000 		.4byte	.LVL20-1
 1449 0013 0100     		.2byte	0x1
 1450 0015 50       		.byte	0x50
 1451 0016 E8000000 		.4byte	.LVL29
 1452 001a FD000000 		.4byte	.LVL30-1
 1453 001e 0100     		.2byte	0x1
 1454 0020 50       		.byte	0x50
 1455 0021 00000000 		.4byte	0
 1456 0025 00000000 		.4byte	0
 1457              	.LLST1:
 1458 0029 A6000000 		.4byte	.LVL22
 1459 002d D4000000 		.4byte	.LVL25
 1460 0031 0100     		.2byte	0x1
 1461 0033 53       		.byte	0x53
 1462 0034 00000000 		.4byte	0
 1463 0038 00000000 		.4byte	0
 1464              	.LLST2:
 1465 003c AC000000 		.4byte	.LVL23
 1466 0040 E0000000 		.4byte	.LVL27
 1467 0044 0100     		.2byte	0x1
 1468 0046 52       		.byte	0x52
 1469 0047 00000000 		.4byte	0
 1470 004b 00000000 		.4byte	0
 1471              	.LLST3:
 1472 004f 02000000 		.4byte	.LVL1
 1473 0053 06000000 		.4byte	.LVL2
 1474 0057 0200     		.2byte	0x2
 1475 0059 30       		.byte	0x30
 1476 005a 9F       		.byte	0x9f
 1477 005b 06000000 		.4byte	.LVL2
ARM GAS  C:\Users\dell\AppData\Local\Temp\cchcKbpZ.s 			page 31


 1478 005f 34000000 		.4byte	.LVL6
 1479 0063 0100     		.2byte	0x1
 1480 0065 56       		.byte	0x56
 1481 0066 34000000 		.4byte	.LVL6
 1482 006a 38000000 		.4byte	.LVL7
 1483 006e 0200     		.2byte	0x2
 1484 0070 31       		.byte	0x31
 1485 0071 9F       		.byte	0x9f
 1486 0072 38000000 		.4byte	.LVL7
 1487 0076 3E000000 		.4byte	.LVL8
 1488 007a 0100     		.2byte	0x1
 1489 007c 56       		.byte	0x56
 1490 007d 3E000000 		.4byte	.LVL8
 1491 0081 42000000 		.4byte	.LVL9
 1492 0085 0200     		.2byte	0x2
 1493 0087 31       		.byte	0x31
 1494 0088 9F       		.byte	0x9f
 1495 0089 42000000 		.4byte	.LVL9
 1496 008d 4C000000 		.4byte	.LVL11
 1497 0091 0100     		.2byte	0x1
 1498 0093 56       		.byte	0x56
 1499 0094 4C000000 		.4byte	.LVL11
 1500 0098 52000000 		.4byte	.LVL12
 1501 009c 0200     		.2byte	0x2
 1502 009e 31       		.byte	0x31
 1503 009f 9F       		.byte	0x9f
 1504 00a0 52000000 		.4byte	.LVL12
 1505 00a4 58000000 		.4byte	.LVL13
 1506 00a8 0100     		.2byte	0x1
 1507 00aa 56       		.byte	0x56
 1508 00ab 58000000 		.4byte	.LVL13
 1509 00af 5C000000 		.4byte	.LVL14
 1510 00b3 0200     		.2byte	0x2
 1511 00b5 31       		.byte	0x31
 1512 00b6 9F       		.byte	0x9f
 1513 00b7 5C000000 		.4byte	.LVL14
 1514 00bb 62000000 		.4byte	.LVL15
 1515 00bf 0100     		.2byte	0x1
 1516 00c1 56       		.byte	0x56
 1517 00c2 62000000 		.4byte	.LVL15
 1518 00c6 66000000 		.4byte	.LVL16
 1519 00ca 0200     		.2byte	0x2
 1520 00cc 31       		.byte	0x31
 1521 00cd 9F       		.byte	0x9f
 1522 00ce 66000000 		.4byte	.LVL16
 1523 00d2 6C000000 		.4byte	.LVL17
 1524 00d6 0100     		.2byte	0x1
 1525 00d8 56       		.byte	0x56
 1526 00d9 6C000000 		.4byte	.LVL17
 1527 00dd 6E000000 		.4byte	.LVL18
 1528 00e1 0200     		.2byte	0x2
 1529 00e3 30       		.byte	0x30
 1530 00e4 9F       		.byte	0x9f
 1531 00e5 6E000000 		.4byte	.LVL18
 1532 00e9 90000000 		.4byte	.LVL20
 1533 00ed 0100     		.2byte	0x1
 1534 00ef 56       		.byte	0x56
ARM GAS  C:\Users\dell\AppData\Local\Temp\cchcKbpZ.s 			page 32


 1535 00f0 90000000 		.4byte	.LVL20
 1536 00f4 92000000 		.4byte	.LVL21
 1537 00f8 0200     		.2byte	0x2
 1538 00fa 30       		.byte	0x30
 1539 00fb 9F       		.byte	0x9f
 1540 00fc 92000000 		.4byte	.LVL21
 1541 0100 00010000 		.4byte	.LVL32
 1542 0104 0100     		.2byte	0x1
 1543 0106 56       		.byte	0x56
 1544 0107 00000000 		.4byte	0
 1545 010b 00000000 		.4byte	0
 1546              	.LLST4:
 1547 010f 22000000 		.4byte	.LVL5
 1548 0113 C8000000 		.4byte	.LVL24
 1549 0117 0100     		.2byte	0x1
 1550 0119 54       		.byte	0x54
 1551 011a 00000000 		.4byte	0
 1552 011e 00000000 		.4byte	0
 1553              	.LLST5:
 1554 0122 02000000 		.4byte	.LVL1
 1555 0126 06000000 		.4byte	.LVL2
 1556 012a 0200     		.2byte	0x2
 1557 012c 30       		.byte	0x30
 1558 012d 9F       		.byte	0x9f
 1559 012e 06000000 		.4byte	.LVL2
 1560 0132 46000000 		.4byte	.LVL10
 1561 0136 0100     		.2byte	0x1
 1562 0138 55       		.byte	0x55
 1563 0139 46000000 		.4byte	.LVL10
 1564 013d 52000000 		.4byte	.LVL12
 1565 0141 0200     		.2byte	0x2
 1566 0143 31       		.byte	0x31
 1567 0144 9F       		.byte	0x9f
 1568 0145 52000000 		.4byte	.LVL12
 1569 0149 00010000 		.4byte	.LVL31
 1570 014d 0100     		.2byte	0x1
 1571 014f 55       		.byte	0x55
 1572 0150 00010000 		.4byte	.LVL31
 1573 0154 18010000 		.4byte	.LFE2
 1574 0158 0100     		.2byte	0x1
 1575 015a 50       		.byte	0x50
 1576 015b 00000000 		.4byte	0
 1577 015f 00000000 		.4byte	0
 1578              	.LLST6:
 1579 0163 DC000000 		.4byte	.LVL26
 1580 0167 FE000000 		.4byte	.LVL30
 1581 016b 0100     		.2byte	0x1
 1582 016d 54       		.byte	0x54
 1583 016e 00000000 		.4byte	0
 1584 0172 00000000 		.4byte	0
 1585              		.section	.debug_aranges,"",%progbits
 1586 0000 24000000 		.4byte	0x24
 1587 0004 0200     		.2byte	0x2
 1588 0006 00000000 		.4byte	.Ldebug_info0
 1589 000a 04       		.byte	0x4
 1590 000b 00       		.byte	0
 1591 000c 0000     		.2byte	0
ARM GAS  C:\Users\dell\AppData\Local\Temp\cchcKbpZ.s 			page 33


 1592 000e 0000     		.2byte	0
 1593 0010 00000000 		.4byte	.LFB1
 1594 0014 14000000 		.4byte	.LFE1-.LFB1
 1595 0018 00000000 		.4byte	.LFB2
 1596 001c 18010000 		.4byte	.LFE2-.LFB2
 1597 0020 00000000 		.4byte	0
 1598 0024 00000000 		.4byte	0
 1599              		.section	.debug_ranges,"",%progbits
 1600              	.Ldebug_ranges0:
 1601 0000 00000000 		.4byte	.LFB1
 1602 0004 14000000 		.4byte	.LFE1
 1603 0008 00000000 		.4byte	.LFB2
 1604 000c 18010000 		.4byte	.LFE2
 1605 0010 00000000 		.4byte	0
 1606 0014 00000000 		.4byte	0
 1607              		.section	.debug_line,"",%progbits
 1608              	.Ldebug_line0:
 1609 0000 18010000 		.section	.debug_str,"MS",%progbits,1
 1609      0200B400 
 1609      00000201 
 1609      FB0E0D00 
 1609      01010101 
 1610              	.LASF10:
 1611 0000 75696E74 		.ascii	"uint16\000"
 1611      313600
 1612              	.LASF99:
 1613 0007 43794578 		.ascii	"CyExitCriticalSection\000"
 1613      69744372 
 1613      69746963 
 1613      616C5365 
 1613      6374696F 
 1614              	.LASF76:
 1615 001d 43617053 		.ascii	"CapSense_FLASH_WD_STRUCT\000"
 1615      656E7365 
 1615      5F464C41 
 1615      53485F57 
 1615      445F5354 
 1616              	.LASF40:
 1617 0036 43617053 		.ascii	"CapSense_RAM_SNS_STRUCT\000"
 1617      656E7365 
 1617      5F52414D 
 1617      5F534E53 
 1617      5F535452 
 1618              	.LASF7:
 1619 004e 6C6F6E67 		.ascii	"long long unsigned int\000"
 1619      206C6F6E 
 1619      6720756E 
 1619      7369676E 
 1619      65642069 
 1620              	.LASF105:
 1621 0065 43617053 		.ascii	"CapSense_RunTuner\000"
 1621      656E7365 
 1621      5F52756E 
 1621      54756E65 
 1621      7200
 1622              	.LASF67:
 1623 0077 70747232 		.ascii	"ptr2SnsFlash\000"
ARM GAS  C:\Users\dell\AppData\Local\Temp\cchcKbpZ.s 			page 34


 1623      536E7346 
 1623      6C617368 
 1623      00
 1624              	.LASF37:
 1625 0084 64696666 		.ascii	"diff\000"
 1625      00
 1626              	.LASF18:
 1627 0089 43617053 		.ascii	"CapSense_LOW_BSLN_RST_TYPE\000"
 1627      656E7365 
 1627      5F4C4F57 
 1627      5F42534C 
 1627      4E5F5253 
 1628              	.LASF89:
 1629 00a4 73656E73 		.ascii	"sensorId\000"
 1629      6F724964 
 1629      00
 1630              	.LASF63:
 1631 00ad 736E7254 		.ascii	"snrTestSensorId\000"
 1631      65737453 
 1631      656E736F 
 1631      72496400 
 1632              	.LASF97:
 1633 00bd 43617053 		.ascii	"CapSense_dsFlash\000"
 1633      656E7365 
 1633      5F647346 
 1633      6C617368 
 1633      00
 1634              	.LASF17:
 1635 00ce 43617053 		.ascii	"CapSense_THRESHOLD_TYPE\000"
 1635      656E7365 
 1635      5F544852 
 1635      4553484F 
 1635      4C445F54 
 1636              	.LASF6:
 1637 00e6 6C6F6E67 		.ascii	"long long int\000"
 1637      206C6F6E 
 1637      6720696E 
 1637      7400
 1638              	.LASF0:
 1639 00f4 7369676E 		.ascii	"signed char\000"
 1639      65642063 
 1639      68617200 
 1640              	.LASF103:
 1641 0100 433A5C55 		.ascii	"C:\\Users\\dell\\Documents\\PSoC Creator\\Workspace"
 1641      73657273 
 1641      5C64656C 
 1641      6C5C446F 
 1641      63756D65 
 1642 012e 30335C44 		.ascii	"03\\Design01.cydsn\000"
 1642      65736967 
 1642      6E30312E 
 1642      63796473 
 1642      6E00
 1643              	.LASF87:
 1644 0140 696E7465 		.ascii	"interruptState\000"
 1644      72727570 
 1644      74537461 
ARM GAS  C:\Users\dell\AppData\Local\Temp\cchcKbpZ.s 			page 35


 1644      746500
 1645              	.LASF80:
 1646 014f 43617053 		.ascii	"CapSense_TU_CMD_SUSPEND_E\000"
 1646      656E7365 
 1646      5F54555F 
 1646      434D445F 
 1646      53555350 
 1647              	.LASF54:
 1648 0169 61646349 		.ascii	"adcIdac\000"
 1648      64616300 
 1649              	.LASF50:
 1650 0171 736E7353 		.ascii	"snsStatus\000"
 1650      74617475 
 1650      7300
 1651              	.LASF4:
 1652 017b 6C6F6E67 		.ascii	"long int\000"
 1652      20696E74 
 1652      00
 1653              	.LASF57:
 1654 0184 6D6F6443 		.ascii	"modCsdClk\000"
 1654      7364436C 
 1654      6B00
 1655              	.LASF69:
 1656 018e 70747232 		.ascii	"ptr2SnsRam\000"
 1656      536E7352 
 1656      616D00
 1657              	.LASF9:
 1658 0199 75696E74 		.ascii	"uint8\000"
 1658      3800
 1659              	.LASF13:
 1660 019f 646F7562 		.ascii	"double\000"
 1660      6C6500
 1661              	.LASF32:
 1662 01a6 62746E68 		.ascii	"btnhot\000"
 1662      6F7400
 1663              	.LASF65:
 1664 01ad 736E7254 		.ascii	"snrTestRawCount\000"
 1664      65737452 
 1664      6177436F 
 1664      756E7400 
 1665              	.LASF52:
 1666 01bd 61646343 		.ascii	"adcCode\000"
 1666      6F646500 
 1667              	.LASF79:
 1668 01c5 43617053 		.ascii	"CapSense_TU_CMD_NONE_E\000"
 1668      656E7365 
 1668      5F54555F 
 1668      434D445F 
 1668      4E4F4E45 
 1669              	.LASF11:
 1670 01dc 75696E74 		.ascii	"uint32\000"
 1670      333200
 1671              	.LASF23:
 1672 01e3 68797374 		.ascii	"hysteresis\000"
 1672      65726573 
 1672      697300
 1673              	.LASF36:
ARM GAS  C:\Users\dell\AppData\Local\Temp\cchcKbpZ.s 			page 36


 1674 01ee 62736C6E 		.ascii	"bslnExt\000"
 1674      45787400 
 1675              	.LASF90:
 1676 01f6 75706461 		.ascii	"updateFlag\000"
 1676      7465466C 
 1676      616700
 1677              	.LASF49:
 1678 0201 77646774 		.ascii	"wdgtStatus\000"
 1678      53746174 
 1678      757300
 1679              	.LASF35:
 1680 020c 62736C6E 		.ascii	"bsln\000"
 1680      00
 1681              	.LASF8:
 1682 0211 756E7369 		.ascii	"unsigned int\000"
 1682      676E6564 
 1682      20696E74 
 1682      00
 1683              	.LASF62:
 1684 021e 736E7254 		.ascii	"snrTestWidgetId\000"
 1684      65737457 
 1684      69646765 
 1684      74496400 
 1685              	.LASF91:
 1686 022e 636F6D6D 		.ascii	"command\000"
 1686      616E6400 
 1687              	.LASF5:
 1688 0236 6C6F6E67 		.ascii	"long unsigned int\000"
 1688      20756E73 
 1688      69676E65 
 1688      6420696E 
 1688      7400
 1689              	.LASF48:
 1690 0248 77646774 		.ascii	"wdgtEnable\000"
 1690      456E6162 
 1690      6C6500
 1691              	.LASF98:
 1692 0253 4379456E 		.ascii	"CyEnterCriticalSection\000"
 1692      74657243 
 1692      72697469 
 1692      63616C53 
 1692      65637469 
 1693              	.LASF25:
 1694 026a 6C6F7742 		.ascii	"lowBslnRst\000"
 1694      736C6E52 
 1694      737400
 1695              	.LASF94:
 1696 0275 70747253 		.ascii	"ptrSnsTmp\000"
 1696      6E73546D 
 1696      7000
 1697              	.LASF3:
 1698 027f 73686F72 		.ascii	"short unsigned int\000"
 1698      7420756E 
 1698      7369676E 
 1698      65642069 
 1698      6E7400
 1699              	.LASF61:
ARM GAS  C:\Users\dell\AppData\Local\Temp\cchcKbpZ.s 			page 37


 1700 0292 736E734C 		.ascii	"snsList\000"
 1700      69737400 
 1701              	.LASF42:
 1702 029a 636F6E66 		.ascii	"configId\000"
 1702      69674964 
 1702      00
 1703              	.LASF102:
 1704 02a3 47656E65 		.ascii	"Generated_Source\\PSoC4\\CapSense_Tuner.c\000"
 1704      72617465 
 1704      645F536F 
 1704      75726365 
 1704      5C50536F 
 1705              	.LASF68:
 1706 02cb 70747232 		.ascii	"ptr2WdgtRam\000"
 1706      57646774 
 1706      52616D00 
 1707              	.LASF43:
 1708 02d7 64657669 		.ascii	"deviceId\000"
 1708      63654964 
 1708      00
 1709              	.LASF29:
 1710 02e0 43617053 		.ascii	"CapSense_RAM_WD_BUTTON_STRUCT\000"
 1710      656E7365 
 1710      5F52414D 
 1710      5F57445F 
 1710      42555454 
 1711              	.LASF88:
 1712 02fe 77696467 		.ascii	"widgetId\000"
 1712      65744964 
 1712      00
 1713              	.LASF26:
 1714 0307 69646163 		.ascii	"idacMod\000"
 1714      4D6F6400 
 1715              	.LASF51:
 1716 030f 61646352 		.ascii	"adcResult\000"
 1716      6573756C 
 1716      7400
 1717              	.LASF75:
 1718 0319 6E756D43 		.ascii	"numCols\000"
 1718      6F6C7300 
 1719              	.LASF16:
 1720 0321 73697A65 		.ascii	"sizetype\000"
 1720      74797065 
 1720      00
 1721              	.LASF15:
 1722 032a 6C6F6E67 		.ascii	"long double\000"
 1722      20646F75 
 1722      626C6500 
 1723              	.LASF72:
 1724 0336 73746174 		.ascii	"staticConfig\000"
 1724      6963436F 
 1724      6E666967 
 1724      00
 1725              	.LASF22:
 1726 0343 6E4E6F69 		.ascii	"nNoiseTh\000"
 1726      73655468 
 1726      00
ARM GAS  C:\Users\dell\AppData\Local\Temp\cchcKbpZ.s 			page 38


 1727              	.LASF56:
 1728 034c 63736430 		.ascii	"csd0Config\000"
 1728      436F6E66 
 1728      696700
 1729              	.LASF104:
 1730 0357 43617053 		.ascii	"CapSense_TuInitialize\000"
 1730      656E7365 
 1730      5F547549 
 1730      6E697469 
 1730      616C697A 
 1731              	.LASF44:
 1732 036d 6877436C 		.ascii	"hwClock\000"
 1732      6F636B00 
 1733              	.LASF74:
 1734 0375 77646774 		.ascii	"wdgtType\000"
 1734      54797065 
 1734      00
 1735              	.LASF46:
 1736 037e 7363616E 		.ascii	"scanCounter\000"
 1736      436F756E 
 1736      74657200 
 1737              	.LASF96:
 1738 038a 43617053 		.ascii	"CapSense_dsRam\000"
 1738      656E7365 
 1738      5F647352 
 1738      616D00
 1739              	.LASF45:
 1740 0399 74756E65 		.ascii	"tunerCmd\000"
 1740      72436D64 
 1740      00
 1741              	.LASF12:
 1742 03a2 666C6F61 		.ascii	"float\000"
 1742      7400
 1743              	.LASF30:
 1744 03a8 62746E72 		.ascii	"btnro\000"
 1744      6F00
 1745              	.LASF41:
 1746 03ae 43617053 		.ascii	"CapSense_RAM_SNS_LIST_STRUCT\000"
 1746      656E7365 
 1746      5F52414D 
 1746      5F534E53 
 1746      5F4C4953 
 1747              	.LASF66:
 1748 03cb 43617053 		.ascii	"CapSense_RAM_STRUCT\000"
 1748      656E7365 
 1748      5F52414D 
 1748      5F535452 
 1748      55435400 
 1749              	.LASF1:
 1750 03df 756E7369 		.ascii	"unsigned char\000"
 1750      676E6564 
 1750      20636861 
 1750      7200
 1751              	.LASF84:
 1752 03ed 43617053 		.ascii	"CapSense_TU_CMD_PING_E\000"
 1752      656E7365 
 1752      5F54555F 
ARM GAS  C:\Users\dell\AppData\Local\Temp\cchcKbpZ.s 			page 39


 1752      434D445F 
 1752      50494E47 
 1753              	.LASF2:
 1754 0404 73686F72 		.ascii	"short int\000"
 1754      7420696E 
 1754      7400
 1755              	.LASF85:
 1756 040e 43617053 		.ascii	"CapSense_TU_CMD_ONE_SCAN_E\000"
 1756      656E7365 
 1756      5F54555F 
 1756      434D445F 
 1756      4F4E455F 
 1757              	.LASF70:
 1758 0429 70747232 		.ascii	"ptr2FltrHistory\000"
 1758      466C7472 
 1758      48697374 
 1758      6F727900 
 1759              	.LASF53:
 1760 0439 61646353 		.ascii	"adcStatus\000"
 1760      74617475 
 1760      7300
 1761              	.LASF92:
 1762 0443 74756E65 		.ascii	"tunerStatus\000"
 1762      72537461 
 1762      74757300 
 1763              	.LASF19:
 1764 044f 7265736F 		.ascii	"resolution\000"
 1764      6C757469 
 1764      6F6E00
 1765              	.LASF60:
 1766 045a 77646774 		.ascii	"wdgtList\000"
 1766      4C697374 
 1766      00
 1767              	.LASF83:
 1768 0463 43617053 		.ascii	"CapSense_TU_CMD_RUN_SNR_TEST_E\000"
 1768      656E7365 
 1768      5F54555F 
 1768      434D445F 
 1768      52554E5F 
 1769              	.LASF101:
 1770 0482 474E5520 		.ascii	"GNU C11 5.4.1 20160609 (release) [ARM/embedded-5-br"
 1770      43313120 
 1770      352E342E 
 1770      31203230 
 1770      31363036 
 1771 04b5 616E6368 		.ascii	"anch revision 237715] -mcpu=cortex-m0plus -mthumb -"
 1771      20726576 
 1771      6973696F 
 1771      6E203233 
 1771      37373135 
 1772 04e8 67202D4F 		.ascii	"g -Og -ffunction-sections -ffat-lto-objects\000"
 1772      67202D66 
 1772      66756E63 
 1772      74696F6E 
 1772      2D736563 
 1773              	.LASF14:
 1774 0514 63686172 		.ascii	"char\000"
ARM GAS  C:\Users\dell\AppData\Local\Temp\cchcKbpZ.s 			page 40


 1774      00
 1775              	.LASF27:
 1776 0519 736E7343 		.ascii	"snsClk\000"
 1776      6C6B00
 1777              	.LASF59:
 1778 0520 61646341 		.ascii	"adcAzTime\000"
 1778      7A54696D 
 1778      6500
 1779              	.LASF24:
 1780 052a 6F6E4465 		.ascii	"onDebounce\000"
 1780      626F756E 
 1780      636500
 1781              	.LASF100:
 1782 0535 43617053 		.ascii	"CapSense_Start\000"
 1782      656E7365 
 1782      5F537461 
 1782      727400
 1783              	.LASF33:
 1784 0544 62746E6C 		.ascii	"btnlock\000"
 1784      6F636B00 
 1785              	.LASF39:
 1786 054c 69646163 		.ascii	"idacComp\000"
 1786      436F6D70 
 1786      00
 1787              	.LASF38:
 1788 0555 6E656742 		.ascii	"negBslnRstCnt\000"
 1788      736C6E52 
 1788      7374436E 
 1788      7400
 1789              	.LASF73:
 1790 0563 746F7461 		.ascii	"totalNumSns\000"
 1790      6C4E756D 
 1790      536E7300 
 1791              	.LASF71:
 1792 056f 70747232 		.ascii	"ptr2DebounceArr\000"
 1792      4465626F 
 1792      756E6365 
 1792      41727200 
 1793              	.LASF78:
 1794 057f 43617053 		.ascii	"CapSense_FLASH_STRUCT\000"
 1794      656E7365 
 1794      5F464C41 
 1794      53485F53 
 1794      54525543 
 1795              	.LASF95:
 1796 0595 74756E65 		.ascii	"tunerFsm\000"
 1796      7246736D 
 1796      00
 1797              	.LASF55:
 1798 059e 61646341 		.ascii	"adcActiveCh\000"
 1798      63746976 
 1798      65436800 
 1799              	.LASF47:
 1800 05aa 73746174 		.ascii	"status\000"
 1800      757300
 1801              	.LASF77:
 1802 05b1 77646774 		.ascii	"wdgtArray\000"
ARM GAS  C:\Users\dell\AppData\Local\Temp\cchcKbpZ.s 			page 41


 1802      41727261 
 1802      7900
 1803              	.LASF82:
 1804 05bb 43617053 		.ascii	"CapSense_TU_CMD_RESTART_E\000"
 1804      656E7365 
 1804      5F54555F 
 1804      434D445F 
 1804      52455354 
 1805              	.LASF58:
 1806 05d5 61646352 		.ascii	"adcResolution\000"
 1806      65736F6C 
 1806      7574696F 
 1806      6E00
 1807              	.LASF81:
 1808 05e3 43617053 		.ascii	"CapSense_TU_CMD_RESUME_E\000"
 1808      656E7365 
 1808      5F54555F 
 1808      434D445F 
 1808      52455355 
 1809              	.LASF28:
 1810 05fc 736E7343 		.ascii	"snsClkSource\000"
 1810      6C6B536F 
 1810      75726365 
 1810      00
 1811              	.LASF93:
 1812 0609 70747244 		.ascii	"ptrDsRam\000"
 1812      7352616D 
 1812      00
 1813              	.LASF86:
 1814 0612 43617053 		.ascii	"CapSense_TU_CMD_ENUM\000"
 1814      656E7365 
 1814      5F54555F 
 1814      434D445F 
 1814      454E554D 
 1815              	.LASF20:
 1816 0627 66696E67 		.ascii	"fingerTh\000"
 1816      65725468 
 1816      00
 1817              	.LASF34:
 1818 0630 43617053 		.ascii	"CapSense_RAM_WD_LIST_STRUCT\000"
 1818      656E7365 
 1818      5F52414D 
 1818      5F57445F 
 1818      4C495354 
 1819              	.LASF64:
 1820 064c 736E7254 		.ascii	"snrTestScanCounter\000"
 1820      65737453 
 1820      63616E43 
 1820      6F756E74 
 1820      657200
 1821              	.LASF31:
 1822 065f 62746E63 		.ascii	"btncold\000"
 1822      6F6C6400 
 1823              	.LASF21:
 1824 0667 6E6F6973 		.ascii	"noiseTh\000"
 1824      65546800 
 1825              		.ident	"GCC: (GNU Tools for ARM Embedded Processors) 5.4.1 20160609 (release) [ARM/embedded-5-bran
ARM GAS  C:\Users\dell\AppData\Local\Temp\cchcKbpZ.s 			page 42


