ARM GAS  C:\Users\dell\AppData\Local\Temp\ccQ5W4AL.s 			page 1


   1              		.syntax unified
   2              		.cpu cortex-m0plus
   3              		.fpu softvfp
   4              		.eabi_attribute 20, 1
   5              		.eabi_attribute 21, 1
   6              		.eabi_attribute 23, 3
   7              		.eabi_attribute 24, 1
   8              		.eabi_attribute 25, 1
   9              		.eabi_attribute 26, 1
  10              		.eabi_attribute 30, 1
  11              		.eabi_attribute 34, 0
  12              		.eabi_attribute 18, 4
  13              		.thumb
  14              		.syntax unified
  15              		.file	"sysTick.c"
  16              		.text
  17              	.Ltext0:
  18              		.cfi_sections	.debug_frame
  19              		.section	.text.SYSTICK_regSysTickISRCallback,"ax",%progbits
  20              		.align	2
  21              		.global	SYSTICK_regSysTickISRCallback
  22              		.code	16
  23              		.thumb_func
  24              		.type	SYSTICK_regSysTickISRCallback, %function
  25              	SYSTICK_regSysTickISRCallback:
  26              	.LFB34:
  27              		.file 1 "sysTick.c"
   1:sysTick.c     **** /* ========================================
   2:sysTick.c     ****  *
   3:sysTick.c     ****  * Copyright YOUR COMPANY, THE YEAR
   4:sysTick.c     ****  * All Rights Reserved
   5:sysTick.c     ****  * UNPUBLISHED, LICENSED SOFTWARE.
   6:sysTick.c     ****  *
   7:sysTick.c     ****  * CONFIDENTIAL AND PROPRIETARY INFORMATION
   8:sysTick.c     ****  * WHICH IS THE PROPERTY OF your company.
   9:sysTick.c     ****  *
  10:sysTick.c     ****  * ========================================
  11:sysTick.c     **** */
  12:sysTick.c     **** #include "sysTick.h"
  13:sysTick.c     **** 
  14:sysTick.c     **** uint32_t g_SysTime;
  15:sysTick.c     **** 
  16:sysTick.c     **** void SYSTICK_regSysTickISRCallback(void *func)
  17:sysTick.c     **** {
  28              		.loc 1 17 0
  29              		.cfi_startproc
  30              		@ args = 0, pretend = 0, frame = 0
  31              		@ frame_needed = 0, uses_anonymous_args = 0
  32              	.LVL0:
  33 0000 70B5     		push	{r4, r5, r6, lr}
  34              		.cfi_def_cfa_offset 16
  35              		.cfi_offset 4, -16
  36              		.cfi_offset 5, -12
  37              		.cfi_offset 6, -8
  38              		.cfi_offset 14, -4
  39 0002 0500     		movs	r5, r0
  18:sysTick.c     ****     CySysTickStart();
ARM GAS  C:\Users\dell\AppData\Local\Temp\ccQ5W4AL.s 			page 2


  40              		.loc 1 18 0
  41 0004 FFF7FEFF 		bl	CySysTickStart
  42              	.LVL1:
  43              	.LBB2:
  19:sysTick.c     ****     /* Find unused callback slot and assign the callback. */
  20:sysTick.c     ****     for(uint8_t i = 0u; i < CY_SYS_SYST_NUM_OF_CALLBACKS; ++i)
  44              		.loc 1 20 0
  45 0008 0024     		movs	r4, #0
  46 000a 0BE0     		b	.L2
  47              	.LVL2:
  48              	.L5:
  21:sysTick.c     ****     {
  22:sysTick.c     ****         if (CySysTickGetCallback(i) == NULL)
  49              		.loc 1 22 0
  50 000c 2000     		movs	r0, r4
  51 000e FFF7FEFF 		bl	CySysTickGetCallback
  52              	.LVL3:
  53 0012 0028     		cmp	r0, #0
  54 0014 04D1     		bne	.L3
  23:sysTick.c     ****         {
  24:sysTick.c     ****             /* Set callback */
  25:sysTick.c     ****             CySysTickSetCallback(i, func);
  55              		.loc 1 25 0
  56 0016 2900     		movs	r1, r5
  57 0018 2000     		movs	r0, r4
  58 001a FFF7FEFF 		bl	CySysTickSetCallback
  59              	.LVL4:
  26:sysTick.c     ****             break;
  60              		.loc 1 26 0
  61 001e 03E0     		b	.L1
  62              	.L3:
  20:sysTick.c     ****     {
  63              		.loc 1 20 0 discriminator 2
  64 0020 0134     		adds	r4, r4, #1
  65              	.LVL5:
  66 0022 E4B2     		uxtb	r4, r4
  67              	.LVL6:
  68              	.L2:
  20:sysTick.c     ****     {
  69              		.loc 1 20 0 is_stmt 0 discriminator 1
  70 0024 042C     		cmp	r4, #4
  71 0026 F1D9     		bls	.L5
  72              	.L1:
  73              	.LBE2:
  27:sysTick.c     ****         }
  28:sysTick.c     ****     }
  29:sysTick.c     **** }
  74              		.loc 1 29 0 is_stmt 1
  75              		@ sp needed
  76              	.LVL7:
  77              	.LVL8:
  78 0028 70BD     		pop	{r4, r5, r6, pc}
  79              		.cfi_endproc
  80              	.LFE34:
  81              		.size	SYSTICK_regSysTickISRCallback, .-SYSTICK_regSysTickISRCallback
  82 002a C046     		.section	.text.elapstime,"ax",%progbits
  83              		.align	2
ARM GAS  C:\Users\dell\AppData\Local\Temp\ccQ5W4AL.s 			page 3


  84              		.global	elapstime
  85              		.code	16
  86              		.thumb_func
  87              		.type	elapstime, %function
  88              	elapstime:
  89              	.LFB35:
  30:sysTick.c     **** 
  31:sysTick.c     **** uint32_t elapstime(uint32_t newTime, uint32_t oldTime)
  32:sysTick.c     **** {
  90              		.loc 1 32 0
  91              		.cfi_startproc
  92              		@ args = 0, pretend = 0, frame = 0
  93              		@ frame_needed = 0, uses_anonymous_args = 0
  94              		@ link register save eliminated.
  95              	.LVL9:
  33:sysTick.c     ****     return (newTime - oldTime);
  96              		.loc 1 33 0
  97 0000 401A     		subs	r0, r0, r1
  98              	.LVL10:
  34:sysTick.c     **** }
  99              		.loc 1 34 0
 100              		@ sp needed
 101 0002 7047     		bx	lr
 102              		.cfi_endproc
 103              	.LFE35:
 104              		.size	elapstime, .-elapstime
 105              		.comm	g_SysTime,4,4
 106              		.comm	myBtn,4,4
 107              		.text
 108              	.Letext0:
 109              		.file 2 "e:\\psoc creator\\4.3\\psoc creator\\import\\gnu\\arm\\5.4.1\\arm-none-eabi\\include\\mac
 110              		.file 3 "e:\\psoc creator\\4.3\\psoc creator\\import\\gnu\\arm\\5.4.1\\arm-none-eabi\\include\\sys
 111              		.file 4 "Generated_Source\\PSoC4/cytypes.h"
 112              		.file 5 "touchBtn_ADC.h"
 113              		.file 6 "Generated_Source\\PSoC4/CyLib.h"
 114              		.section	.debug_info,"",%progbits
 115              	.Ldebug_info0:
 116 0000 CB010000 		.4byte	0x1cb
 117 0004 0400     		.2byte	0x4
 118 0006 00000000 		.4byte	.Ldebug_abbrev0
 119 000a 04       		.byte	0x4
 120 000b 01       		.uleb128 0x1
 121 000c 6B010000 		.4byte	.LASF28
 122 0010 0C       		.byte	0xc
 123 0011 2D020000 		.4byte	.LASF29
 124 0015 03010000 		.4byte	.LASF30
 125 0019 00000000 		.4byte	.Ldebug_ranges0+0
 126 001d 00000000 		.4byte	0
 127 0021 00000000 		.4byte	.Ldebug_line0
 128 0025 02       		.uleb128 0x2
 129 0026 01       		.byte	0x1
 130 0027 06       		.byte	0x6
 131 0028 FD010000 		.4byte	.LASF0
 132 002c 03       		.uleb128 0x3
 133 002d 00000000 		.4byte	.LASF5
 134 0031 02       		.byte	0x2
 135 0032 1D       		.byte	0x1d
ARM GAS  C:\Users\dell\AppData\Local\Temp\ccQ5W4AL.s 			page 4


 136 0033 37000000 		.4byte	0x37
 137 0037 02       		.uleb128 0x2
 138 0038 01       		.byte	0x1
 139 0039 08       		.byte	0x8
 140 003a 33000000 		.4byte	.LASF1
 141 003e 02       		.uleb128 0x2
 142 003f 02       		.byte	0x2
 143 0040 05       		.byte	0x5
 144 0041 8C000000 		.4byte	.LASF2
 145 0045 02       		.uleb128 0x2
 146 0046 02       		.byte	0x2
 147 0047 07       		.byte	0x7
 148 0048 62000000 		.4byte	.LASF3
 149 004c 02       		.uleb128 0x2
 150 004d 04       		.byte	0x4
 151 004e 05       		.byte	0x5
 152 004f 56010000 		.4byte	.LASF4
 153 0053 03       		.uleb128 0x3
 154 0054 75000000 		.4byte	.LASF6
 155 0058 02       		.byte	0x2
 156 0059 41       		.byte	0x41
 157 005a 5E000000 		.4byte	0x5e
 158 005e 02       		.uleb128 0x2
 159 005f 04       		.byte	0x4
 160 0060 07       		.byte	0x7
 161 0061 50000000 		.4byte	.LASF7
 162 0065 02       		.uleb128 0x2
 163 0066 08       		.byte	0x8
 164 0067 05       		.byte	0x5
 165 0068 CB000000 		.4byte	.LASF8
 166 006c 02       		.uleb128 0x2
 167 006d 08       		.byte	0x8
 168 006e 07       		.byte	0x7
 169 006f A3000000 		.4byte	.LASF9
 170 0073 04       		.uleb128 0x4
 171 0074 04       		.byte	0x4
 172 0075 05       		.byte	0x5
 173 0076 696E7400 		.ascii	"int\000"
 174 007a 02       		.uleb128 0x2
 175 007b 04       		.byte	0x4
 176 007c 07       		.byte	0x7
 177 007d 96000000 		.4byte	.LASF10
 178 0081 03       		.uleb128 0x3
 179 0082 BA000000 		.4byte	.LASF11
 180 0086 03       		.byte	0x3
 181 0087 18       		.byte	0x18
 182 0088 2C000000 		.4byte	0x2c
 183 008c 03       		.uleb128 0x3
 184 008d 4D010000 		.4byte	.LASF12
 185 0091 03       		.byte	0x3
 186 0092 30       		.byte	0x30
 187 0093 53000000 		.4byte	0x53
 188 0097 05       		.uleb128 0x5
 189 0098 FD000000 		.4byte	.LASF13
 190 009c 04       		.byte	0x4
 191 009d F701     		.2byte	0x1f7
 192 009f 37000000 		.4byte	0x37
ARM GAS  C:\Users\dell\AppData\Local\Temp\ccQ5W4AL.s 			page 5


 193 00a3 02       		.uleb128 0x2
 194 00a4 04       		.byte	0x4
 195 00a5 04       		.byte	0x4
 196 00a6 25000000 		.4byte	.LASF14
 197 00aa 02       		.uleb128 0x2
 198 00ab 08       		.byte	0x8
 199 00ac 04       		.byte	0x4
 200 00ad 80000000 		.4byte	.LASF15
 201 00b1 02       		.uleb128 0x2
 202 00b2 01       		.byte	0x1
 203 00b3 08       		.byte	0x8
 204 00b4 D9000000 		.4byte	.LASF16
 205 00b8 02       		.uleb128 0x2
 206 00b9 08       		.byte	0x8
 207 00ba 04       		.byte	0x4
 208 00bb 5F010000 		.4byte	.LASF17
 209 00bf 02       		.uleb128 0x2
 210 00c0 04       		.byte	0x4
 211 00c1 07       		.byte	0x7
 212 00c2 C2000000 		.4byte	.LASF18
 213 00c6 06       		.uleb128 0x6
 214 00c7 04       		.byte	0x4
 215 00c8 02       		.uleb128 0x2
 216 00c9 01       		.byte	0x1
 217 00ca 02       		.byte	0x2
 218 00cb 09020000 		.4byte	.LASF19
 219 00cf 07       		.uleb128 0x7
 220 00d0 0F020000 		.4byte	.LASF31
 221 00d4 01       		.byte	0x1
 222 00d5 10       		.byte	0x10
 223 00d6 00000000 		.4byte	.LFB34
 224 00da 2A000000 		.4byte	.LFE34-.LFB34
 225 00de 01       		.uleb128 0x1
 226 00df 9C       		.byte	0x9c
 227 00e0 42010000 		.4byte	0x142
 228 00e4 08       		.uleb128 0x8
 229 00e5 87000000 		.4byte	.LASF20
 230 00e9 01       		.byte	0x1
 231 00ea 10       		.byte	0x10
 232 00eb C6000000 		.4byte	0xc6
 233 00ef 00000000 		.4byte	.LLST0
 234 00f3 09       		.uleb128 0x9
 235 00f4 08000000 		.4byte	.LBB2
 236 00f8 20000000 		.4byte	.LBE2-.LBB2
 237 00fc 38010000 		.4byte	0x138
 238 0100 0A       		.uleb128 0xa
 239 0101 6900     		.ascii	"i\000"
 240 0103 01       		.byte	0x1
 241 0104 14       		.byte	0x14
 242 0105 81000000 		.4byte	0x81
 243 0109 2C000000 		.4byte	.LLST1
 244 010d 0B       		.uleb128 0xb
 245 010e 12000000 		.4byte	.LVL3
 246 0112 AA010000 		.4byte	0x1aa
 247 0116 21010000 		.4byte	0x121
 248 011a 0C       		.uleb128 0xc
 249 011b 01       		.uleb128 0x1
ARM GAS  C:\Users\dell\AppData\Local\Temp\ccQ5W4AL.s 			page 6


 250 011c 50       		.byte	0x50
 251 011d 02       		.uleb128 0x2
 252 011e 74       		.byte	0x74
 253 011f 00       		.sleb128 0
 254 0120 00       		.byte	0
 255 0121 0D       		.uleb128 0xd
 256 0122 1E000000 		.4byte	.LVL4
 257 0126 B6010000 		.4byte	0x1b6
 258 012a 0C       		.uleb128 0xc
 259 012b 01       		.uleb128 0x1
 260 012c 50       		.byte	0x50
 261 012d 02       		.uleb128 0x2
 262 012e 74       		.byte	0x74
 263 012f 00       		.sleb128 0
 264 0130 0C       		.uleb128 0xc
 265 0131 01       		.uleb128 0x1
 266 0132 51       		.byte	0x51
 267 0133 02       		.uleb128 0x2
 268 0134 75       		.byte	0x75
 269 0135 00       		.sleb128 0
 270 0136 00       		.byte	0
 271 0137 00       		.byte	0
 272 0138 0E       		.uleb128 0xe
 273 0139 08000000 		.4byte	.LVL1
 274 013d C2010000 		.4byte	0x1c2
 275 0141 00       		.byte	0
 276 0142 0F       		.uleb128 0xf
 277 0143 DE000000 		.4byte	.LASF32
 278 0147 01       		.byte	0x1
 279 0148 1F       		.byte	0x1f
 280 0149 8C000000 		.4byte	0x8c
 281 014d 00000000 		.4byte	.LFB35
 282 0151 04000000 		.4byte	.LFE35-.LFB35
 283 0155 01       		.uleb128 0x1
 284 0156 9C       		.byte	0x9c
 285 0157 78010000 		.4byte	0x178
 286 015b 08       		.uleb128 0x8
 287 015c 2B000000 		.4byte	.LASF21
 288 0160 01       		.byte	0x1
 289 0161 1F       		.byte	0x1f
 290 0162 8C000000 		.4byte	0x8c
 291 0166 56000000 		.4byte	.LLST2
 292 016a 10       		.uleb128 0x10
 293 016b 37020000 		.4byte	.LASF22
 294 016f 01       		.byte	0x1
 295 0170 1F       		.byte	0x1f
 296 0171 8C000000 		.4byte	0x8c
 297 0175 01       		.uleb128 0x1
 298 0176 51       		.byte	0x51
 299 0177 00       		.byte	0
 300 0178 11       		.uleb128 0x11
 301 0179 81000000 		.4byte	0x81
 302 017d 88010000 		.4byte	0x188
 303 0181 12       		.uleb128 0x12
 304 0182 BF000000 		.4byte	0xbf
 305 0186 03       		.byte	0x3
 306 0187 00       		.byte	0
ARM GAS  C:\Users\dell\AppData\Local\Temp\ccQ5W4AL.s 			page 7


 307 0188 13       		.uleb128 0x13
 308 0189 1F000000 		.4byte	.LASF23
 309 018d 05       		.byte	0x5
 310 018e 17       		.byte	0x17
 311 018f 78010000 		.4byte	0x178
 312 0193 05       		.uleb128 0x5
 313 0194 03       		.byte	0x3
 314 0195 00000000 		.4byte	myBtn
 315 0199 13       		.uleb128 0x13
 316 019a 43010000 		.4byte	.LASF24
 317 019e 01       		.byte	0x1
 318 019f 0E       		.byte	0xe
 319 01a0 8C000000 		.4byte	0x8c
 320 01a4 05       		.uleb128 0x5
 321 01a5 03       		.byte	0x3
 322 01a6 00000000 		.4byte	g_SysTime
 323 01aa 14       		.uleb128 0x14
 324 01ab E8000000 		.4byte	.LASF25
 325 01af E8000000 		.4byte	.LASF25
 326 01b3 06       		.byte	0x6
 327 01b4 1401     		.2byte	0x114
 328 01b6 14       		.uleb128 0x14
 329 01b7 0A000000 		.4byte	.LASF26
 330 01bb 0A000000 		.4byte	.LASF26
 331 01bf 06       		.byte	0x6
 332 01c0 1301     		.2byte	0x113
 333 01c2 14       		.uleb128 0x14
 334 01c3 41000000 		.4byte	.LASF27
 335 01c7 41000000 		.4byte	.LASF27
 336 01cb 06       		.byte	0x6
 337 01cc 0A01     		.2byte	0x10a
 338 01ce 00       		.byte	0
 339              		.section	.debug_abbrev,"",%progbits
 340              	.Ldebug_abbrev0:
 341 0000 01       		.uleb128 0x1
 342 0001 11       		.uleb128 0x11
 343 0002 01       		.byte	0x1
 344 0003 25       		.uleb128 0x25
 345 0004 0E       		.uleb128 0xe
 346 0005 13       		.uleb128 0x13
 347 0006 0B       		.uleb128 0xb
 348 0007 03       		.uleb128 0x3
 349 0008 0E       		.uleb128 0xe
 350 0009 1B       		.uleb128 0x1b
 351 000a 0E       		.uleb128 0xe
 352 000b 55       		.uleb128 0x55
 353 000c 17       		.uleb128 0x17
 354 000d 11       		.uleb128 0x11
 355 000e 01       		.uleb128 0x1
 356 000f 10       		.uleb128 0x10
 357 0010 17       		.uleb128 0x17
 358 0011 00       		.byte	0
 359 0012 00       		.byte	0
 360 0013 02       		.uleb128 0x2
 361 0014 24       		.uleb128 0x24
 362 0015 00       		.byte	0
 363 0016 0B       		.uleb128 0xb
ARM GAS  C:\Users\dell\AppData\Local\Temp\ccQ5W4AL.s 			page 8


 364 0017 0B       		.uleb128 0xb
 365 0018 3E       		.uleb128 0x3e
 366 0019 0B       		.uleb128 0xb
 367 001a 03       		.uleb128 0x3
 368 001b 0E       		.uleb128 0xe
 369 001c 00       		.byte	0
 370 001d 00       		.byte	0
 371 001e 03       		.uleb128 0x3
 372 001f 16       		.uleb128 0x16
 373 0020 00       		.byte	0
 374 0021 03       		.uleb128 0x3
 375 0022 0E       		.uleb128 0xe
 376 0023 3A       		.uleb128 0x3a
 377 0024 0B       		.uleb128 0xb
 378 0025 3B       		.uleb128 0x3b
 379 0026 0B       		.uleb128 0xb
 380 0027 49       		.uleb128 0x49
 381 0028 13       		.uleb128 0x13
 382 0029 00       		.byte	0
 383 002a 00       		.byte	0
 384 002b 04       		.uleb128 0x4
 385 002c 24       		.uleb128 0x24
 386 002d 00       		.byte	0
 387 002e 0B       		.uleb128 0xb
 388 002f 0B       		.uleb128 0xb
 389 0030 3E       		.uleb128 0x3e
 390 0031 0B       		.uleb128 0xb
 391 0032 03       		.uleb128 0x3
 392 0033 08       		.uleb128 0x8
 393 0034 00       		.byte	0
 394 0035 00       		.byte	0
 395 0036 05       		.uleb128 0x5
 396 0037 16       		.uleb128 0x16
 397 0038 00       		.byte	0
 398 0039 03       		.uleb128 0x3
 399 003a 0E       		.uleb128 0xe
 400 003b 3A       		.uleb128 0x3a
 401 003c 0B       		.uleb128 0xb
 402 003d 3B       		.uleb128 0x3b
 403 003e 05       		.uleb128 0x5
 404 003f 49       		.uleb128 0x49
 405 0040 13       		.uleb128 0x13
 406 0041 00       		.byte	0
 407 0042 00       		.byte	0
 408 0043 06       		.uleb128 0x6
 409 0044 0F       		.uleb128 0xf
 410 0045 00       		.byte	0
 411 0046 0B       		.uleb128 0xb
 412 0047 0B       		.uleb128 0xb
 413 0048 00       		.byte	0
 414 0049 00       		.byte	0
 415 004a 07       		.uleb128 0x7
 416 004b 2E       		.uleb128 0x2e
 417 004c 01       		.byte	0x1
 418 004d 3F       		.uleb128 0x3f
 419 004e 19       		.uleb128 0x19
 420 004f 03       		.uleb128 0x3
ARM GAS  C:\Users\dell\AppData\Local\Temp\ccQ5W4AL.s 			page 9


 421 0050 0E       		.uleb128 0xe
 422 0051 3A       		.uleb128 0x3a
 423 0052 0B       		.uleb128 0xb
 424 0053 3B       		.uleb128 0x3b
 425 0054 0B       		.uleb128 0xb
 426 0055 27       		.uleb128 0x27
 427 0056 19       		.uleb128 0x19
 428 0057 11       		.uleb128 0x11
 429 0058 01       		.uleb128 0x1
 430 0059 12       		.uleb128 0x12
 431 005a 06       		.uleb128 0x6
 432 005b 40       		.uleb128 0x40
 433 005c 18       		.uleb128 0x18
 434 005d 9742     		.uleb128 0x2117
 435 005f 19       		.uleb128 0x19
 436 0060 01       		.uleb128 0x1
 437 0061 13       		.uleb128 0x13
 438 0062 00       		.byte	0
 439 0063 00       		.byte	0
 440 0064 08       		.uleb128 0x8
 441 0065 05       		.uleb128 0x5
 442 0066 00       		.byte	0
 443 0067 03       		.uleb128 0x3
 444 0068 0E       		.uleb128 0xe
 445 0069 3A       		.uleb128 0x3a
 446 006a 0B       		.uleb128 0xb
 447 006b 3B       		.uleb128 0x3b
 448 006c 0B       		.uleb128 0xb
 449 006d 49       		.uleb128 0x49
 450 006e 13       		.uleb128 0x13
 451 006f 02       		.uleb128 0x2
 452 0070 17       		.uleb128 0x17
 453 0071 00       		.byte	0
 454 0072 00       		.byte	0
 455 0073 09       		.uleb128 0x9
 456 0074 0B       		.uleb128 0xb
 457 0075 01       		.byte	0x1
 458 0076 11       		.uleb128 0x11
 459 0077 01       		.uleb128 0x1
 460 0078 12       		.uleb128 0x12
 461 0079 06       		.uleb128 0x6
 462 007a 01       		.uleb128 0x1
 463 007b 13       		.uleb128 0x13
 464 007c 00       		.byte	0
 465 007d 00       		.byte	0
 466 007e 0A       		.uleb128 0xa
 467 007f 34       		.uleb128 0x34
 468 0080 00       		.byte	0
 469 0081 03       		.uleb128 0x3
 470 0082 08       		.uleb128 0x8
 471 0083 3A       		.uleb128 0x3a
 472 0084 0B       		.uleb128 0xb
 473 0085 3B       		.uleb128 0x3b
 474 0086 0B       		.uleb128 0xb
 475 0087 49       		.uleb128 0x49
 476 0088 13       		.uleb128 0x13
 477 0089 02       		.uleb128 0x2
ARM GAS  C:\Users\dell\AppData\Local\Temp\ccQ5W4AL.s 			page 10


 478 008a 17       		.uleb128 0x17
 479 008b 00       		.byte	0
 480 008c 00       		.byte	0
 481 008d 0B       		.uleb128 0xb
 482 008e 898201   		.uleb128 0x4109
 483 0091 01       		.byte	0x1
 484 0092 11       		.uleb128 0x11
 485 0093 01       		.uleb128 0x1
 486 0094 31       		.uleb128 0x31
 487 0095 13       		.uleb128 0x13
 488 0096 01       		.uleb128 0x1
 489 0097 13       		.uleb128 0x13
 490 0098 00       		.byte	0
 491 0099 00       		.byte	0
 492 009a 0C       		.uleb128 0xc
 493 009b 8A8201   		.uleb128 0x410a
 494 009e 00       		.byte	0
 495 009f 02       		.uleb128 0x2
 496 00a0 18       		.uleb128 0x18
 497 00a1 9142     		.uleb128 0x2111
 498 00a3 18       		.uleb128 0x18
 499 00a4 00       		.byte	0
 500 00a5 00       		.byte	0
 501 00a6 0D       		.uleb128 0xd
 502 00a7 898201   		.uleb128 0x4109
 503 00aa 01       		.byte	0x1
 504 00ab 11       		.uleb128 0x11
 505 00ac 01       		.uleb128 0x1
 506 00ad 31       		.uleb128 0x31
 507 00ae 13       		.uleb128 0x13
 508 00af 00       		.byte	0
 509 00b0 00       		.byte	0
 510 00b1 0E       		.uleb128 0xe
 511 00b2 898201   		.uleb128 0x4109
 512 00b5 00       		.byte	0
 513 00b6 11       		.uleb128 0x11
 514 00b7 01       		.uleb128 0x1
 515 00b8 31       		.uleb128 0x31
 516 00b9 13       		.uleb128 0x13
 517 00ba 00       		.byte	0
 518 00bb 00       		.byte	0
 519 00bc 0F       		.uleb128 0xf
 520 00bd 2E       		.uleb128 0x2e
 521 00be 01       		.byte	0x1
 522 00bf 3F       		.uleb128 0x3f
 523 00c0 19       		.uleb128 0x19
 524 00c1 03       		.uleb128 0x3
 525 00c2 0E       		.uleb128 0xe
 526 00c3 3A       		.uleb128 0x3a
 527 00c4 0B       		.uleb128 0xb
 528 00c5 3B       		.uleb128 0x3b
 529 00c6 0B       		.uleb128 0xb
 530 00c7 27       		.uleb128 0x27
 531 00c8 19       		.uleb128 0x19
 532 00c9 49       		.uleb128 0x49
 533 00ca 13       		.uleb128 0x13
 534 00cb 11       		.uleb128 0x11
ARM GAS  C:\Users\dell\AppData\Local\Temp\ccQ5W4AL.s 			page 11


 535 00cc 01       		.uleb128 0x1
 536 00cd 12       		.uleb128 0x12
 537 00ce 06       		.uleb128 0x6
 538 00cf 40       		.uleb128 0x40
 539 00d0 18       		.uleb128 0x18
 540 00d1 9742     		.uleb128 0x2117
 541 00d3 19       		.uleb128 0x19
 542 00d4 01       		.uleb128 0x1
 543 00d5 13       		.uleb128 0x13
 544 00d6 00       		.byte	0
 545 00d7 00       		.byte	0
 546 00d8 10       		.uleb128 0x10
 547 00d9 05       		.uleb128 0x5
 548 00da 00       		.byte	0
 549 00db 03       		.uleb128 0x3
 550 00dc 0E       		.uleb128 0xe
 551 00dd 3A       		.uleb128 0x3a
 552 00de 0B       		.uleb128 0xb
 553 00df 3B       		.uleb128 0x3b
 554 00e0 0B       		.uleb128 0xb
 555 00e1 49       		.uleb128 0x49
 556 00e2 13       		.uleb128 0x13
 557 00e3 02       		.uleb128 0x2
 558 00e4 18       		.uleb128 0x18
 559 00e5 00       		.byte	0
 560 00e6 00       		.byte	0
 561 00e7 11       		.uleb128 0x11
 562 00e8 01       		.uleb128 0x1
 563 00e9 01       		.byte	0x1
 564 00ea 49       		.uleb128 0x49
 565 00eb 13       		.uleb128 0x13
 566 00ec 01       		.uleb128 0x1
 567 00ed 13       		.uleb128 0x13
 568 00ee 00       		.byte	0
 569 00ef 00       		.byte	0
 570 00f0 12       		.uleb128 0x12
 571 00f1 21       		.uleb128 0x21
 572 00f2 00       		.byte	0
 573 00f3 49       		.uleb128 0x49
 574 00f4 13       		.uleb128 0x13
 575 00f5 2F       		.uleb128 0x2f
 576 00f6 0B       		.uleb128 0xb
 577 00f7 00       		.byte	0
 578 00f8 00       		.byte	0
 579 00f9 13       		.uleb128 0x13
 580 00fa 34       		.uleb128 0x34
 581 00fb 00       		.byte	0
 582 00fc 03       		.uleb128 0x3
 583 00fd 0E       		.uleb128 0xe
 584 00fe 3A       		.uleb128 0x3a
 585 00ff 0B       		.uleb128 0xb
 586 0100 3B       		.uleb128 0x3b
 587 0101 0B       		.uleb128 0xb
 588 0102 49       		.uleb128 0x49
 589 0103 13       		.uleb128 0x13
 590 0104 3F       		.uleb128 0x3f
 591 0105 19       		.uleb128 0x19
ARM GAS  C:\Users\dell\AppData\Local\Temp\ccQ5W4AL.s 			page 12


 592 0106 02       		.uleb128 0x2
 593 0107 18       		.uleb128 0x18
 594 0108 00       		.byte	0
 595 0109 00       		.byte	0
 596 010a 14       		.uleb128 0x14
 597 010b 2E       		.uleb128 0x2e
 598 010c 00       		.byte	0
 599 010d 3F       		.uleb128 0x3f
 600 010e 19       		.uleb128 0x19
 601 010f 3C       		.uleb128 0x3c
 602 0110 19       		.uleb128 0x19
 603 0111 6E       		.uleb128 0x6e
 604 0112 0E       		.uleb128 0xe
 605 0113 03       		.uleb128 0x3
 606 0114 0E       		.uleb128 0xe
 607 0115 3A       		.uleb128 0x3a
 608 0116 0B       		.uleb128 0xb
 609 0117 3B       		.uleb128 0x3b
 610 0118 05       		.uleb128 0x5
 611 0119 00       		.byte	0
 612 011a 00       		.byte	0
 613 011b 00       		.byte	0
 614              		.section	.debug_loc,"",%progbits
 615              	.Ldebug_loc0:
 616              	.LLST0:
 617 0000 00000000 		.4byte	.LVL0
 618 0004 07000000 		.4byte	.LVL1-1
 619 0008 0100     		.2byte	0x1
 620 000a 50       		.byte	0x50
 621 000b 07000000 		.4byte	.LVL1-1
 622 000f 28000000 		.4byte	.LVL8
 623 0013 0100     		.2byte	0x1
 624 0015 55       		.byte	0x55
 625 0016 28000000 		.4byte	.LVL8
 626 001a 2A000000 		.4byte	.LFE34
 627 001e 0400     		.2byte	0x4
 628 0020 F3       		.byte	0xf3
 629 0021 01       		.uleb128 0x1
 630 0022 50       		.byte	0x50
 631 0023 9F       		.byte	0x9f
 632 0024 00000000 		.4byte	0
 633 0028 00000000 		.4byte	0
 634              	.LLST1:
 635 002c 08000000 		.4byte	.LVL1
 636 0030 0C000000 		.4byte	.LVL2
 637 0034 0200     		.2byte	0x2
 638 0036 30       		.byte	0x30
 639 0037 9F       		.byte	0x9f
 640 0038 0C000000 		.4byte	.LVL2
 641 003c 22000000 		.4byte	.LVL5
 642 0040 0100     		.2byte	0x1
 643 0042 54       		.byte	0x54
 644 0043 24000000 		.4byte	.LVL6
 645 0047 28000000 		.4byte	.LVL7
 646 004b 0100     		.2byte	0x1
 647 004d 54       		.byte	0x54
 648 004e 00000000 		.4byte	0
ARM GAS  C:\Users\dell\AppData\Local\Temp\ccQ5W4AL.s 			page 13


 649 0052 00000000 		.4byte	0
 650              	.LLST2:
 651 0056 00000000 		.4byte	.LVL9
 652 005a 02000000 		.4byte	.LVL10
 653 005e 0100     		.2byte	0x1
 654 0060 50       		.byte	0x50
 655 0061 02000000 		.4byte	.LVL10
 656 0065 04000000 		.4byte	.LFE35
 657 0069 0400     		.2byte	0x4
 658 006b F3       		.byte	0xf3
 659 006c 01       		.uleb128 0x1
 660 006d 50       		.byte	0x50
 661 006e 9F       		.byte	0x9f
 662 006f 00000000 		.4byte	0
 663 0073 00000000 		.4byte	0
 664              		.section	.debug_aranges,"",%progbits
 665 0000 24000000 		.4byte	0x24
 666 0004 0200     		.2byte	0x2
 667 0006 00000000 		.4byte	.Ldebug_info0
 668 000a 04       		.byte	0x4
 669 000b 00       		.byte	0
 670 000c 0000     		.2byte	0
 671 000e 0000     		.2byte	0
 672 0010 00000000 		.4byte	.LFB34
 673 0014 2A000000 		.4byte	.LFE34-.LFB34
 674 0018 00000000 		.4byte	.LFB35
 675 001c 04000000 		.4byte	.LFE35-.LFB35
 676 0020 00000000 		.4byte	0
 677 0024 00000000 		.4byte	0
 678              		.section	.debug_ranges,"",%progbits
 679              	.Ldebug_ranges0:
 680 0000 00000000 		.4byte	.LFB34
 681 0004 2A000000 		.4byte	.LFE34
 682 0008 00000000 		.4byte	.LFB35
 683 000c 04000000 		.4byte	.LFE35
 684 0010 00000000 		.4byte	0
 685 0014 00000000 		.4byte	0
 686              		.section	.debug_line,"",%progbits
 687              	.Ldebug_line0:
 688 0000 62010000 		.section	.debug_str,"MS",%progbits,1
 688      02002601 
 688      00000201 
 688      FB0E0D00 
 688      01010101 
 689              	.LASF5:
 690 0000 5F5F7569 		.ascii	"__uint8_t\000"
 690      6E74385F 
 690      7400
 691              	.LASF26:
 692 000a 43795379 		.ascii	"CySysTickSetCallback\000"
 692      73546963 
 692      6B536574 
 692      43616C6C 
 692      6261636B 
 693              	.LASF23:
 694 001f 6D794274 		.ascii	"myBtn\000"
 694      6E00
ARM GAS  C:\Users\dell\AppData\Local\Temp\ccQ5W4AL.s 			page 14


 695              	.LASF14:
 696 0025 666C6F61 		.ascii	"float\000"
 696      7400
 697              	.LASF21:
 698 002b 6E657754 		.ascii	"newTime\000"
 698      696D6500 
 699              	.LASF1:
 700 0033 756E7369 		.ascii	"unsigned char\000"
 700      676E6564 
 700      20636861 
 700      7200
 701              	.LASF27:
 702 0041 43795379 		.ascii	"CySysTickStart\000"
 702      73546963 
 702      6B537461 
 702      727400
 703              	.LASF7:
 704 0050 6C6F6E67 		.ascii	"long unsigned int\000"
 704      20756E73 
 704      69676E65 
 704      6420696E 
 704      7400
 705              	.LASF3:
 706 0062 73686F72 		.ascii	"short unsigned int\000"
 706      7420756E 
 706      7369676E 
 706      65642069 
 706      6E7400
 707              	.LASF6:
 708 0075 5F5F7569 		.ascii	"__uint32_t\000"
 708      6E743332 
 708      5F7400
 709              	.LASF15:
 710 0080 646F7562 		.ascii	"double\000"
 710      6C6500
 711              	.LASF20:
 712 0087 66756E63 		.ascii	"func\000"
 712      00
 713              	.LASF2:
 714 008c 73686F72 		.ascii	"short int\000"
 714      7420696E 
 714      7400
 715              	.LASF10:
 716 0096 756E7369 		.ascii	"unsigned int\000"
 716      676E6564 
 716      20696E74 
 716      00
 717              	.LASF9:
 718 00a3 6C6F6E67 		.ascii	"long long unsigned int\000"
 718      206C6F6E 
 718      6720756E 
 718      7369676E 
 718      65642069 
 719              	.LASF11:
 720 00ba 75696E74 		.ascii	"uint8_t\000"
 720      385F7400 
 721              	.LASF18:
ARM GAS  C:\Users\dell\AppData\Local\Temp\ccQ5W4AL.s 			page 15


 722 00c2 73697A65 		.ascii	"sizetype\000"
 722      74797065 
 722      00
 723              	.LASF8:
 724 00cb 6C6F6E67 		.ascii	"long long int\000"
 724      206C6F6E 
 724      6720696E 
 724      7400
 725              	.LASF16:
 726 00d9 63686172 		.ascii	"char\000"
 726      00
 727              	.LASF32:
 728 00de 656C6170 		.ascii	"elapstime\000"
 728      7374696D 
 728      6500
 729              	.LASF25:
 730 00e8 43795379 		.ascii	"CySysTickGetCallback\000"
 730      73546963 
 730      6B476574 
 730      43616C6C 
 730      6261636B 
 731              	.LASF13:
 732 00fd 75696E74 		.ascii	"uint8\000"
 732      3800
 733              	.LASF30:
 734 0103 433A5C55 		.ascii	"C:\\Users\\dell\\Documents\\PSoC Creator\\Workspace"
 734      73657273 
 734      5C64656C 
 734      6C5C446F 
 734      63756D65 
 735 0131 30335C44 		.ascii	"03\\Design01.cydsn\000"
 735      65736967 
 735      6E30312E 
 735      63796473 
 735      6E00
 736              	.LASF24:
 737 0143 675F5379 		.ascii	"g_SysTime\000"
 737      7354696D 
 737      6500
 738              	.LASF12:
 739 014d 75696E74 		.ascii	"uint32_t\000"
 739      33325F74 
 739      00
 740              	.LASF4:
 741 0156 6C6F6E67 		.ascii	"long int\000"
 741      20696E74 
 741      00
 742              	.LASF17:
 743 015f 6C6F6E67 		.ascii	"long double\000"
 743      20646F75 
 743      626C6500 
 744              	.LASF28:
 745 016b 474E5520 		.ascii	"GNU C11 5.4.1 20160609 (release) [ARM/embedded-5-br"
 745      43313120 
 745      352E342E 
 745      31203230 
 745      31363036 
ARM GAS  C:\Users\dell\AppData\Local\Temp\ccQ5W4AL.s 			page 16


 746 019e 616E6368 		.ascii	"anch revision 237715] -mcpu=cortex-m0plus -mthumb -"
 746      20726576 
 746      6973696F 
 746      6E203233 
 746      37373135 
 747 01d1 67202D4F 		.ascii	"g -Og -ffunction-sections -ffat-lto-objects\000"
 747      67202D66 
 747      66756E63 
 747      74696F6E 
 747      2D736563 
 748              	.LASF0:
 749 01fd 7369676E 		.ascii	"signed char\000"
 749      65642063 
 749      68617200 
 750              	.LASF19:
 751 0209 5F426F6F 		.ascii	"_Bool\000"
 751      6C00
 752              	.LASF31:
 753 020f 53595354 		.ascii	"SYSTICK_regSysTickISRCallback\000"
 753      49434B5F 
 753      72656753 
 753      79735469 
 753      636B4953 
 754              	.LASF29:
 755 022d 73797354 		.ascii	"sysTick.c\000"
 755      69636B2E 
 755      6300
 756              	.LASF22:
 757 0237 6F6C6454 		.ascii	"oldTime\000"
 757      696D6500 
 758              		.ident	"GCC: (GNU Tools for ARM Embedded Processors) 5.4.1 20160609 (release) [ARM/embedded-5-bran
