Loading plugins phase: Elapsed time ==> 0s.297ms
<CYPRESSTAG name="CyDsfit arguments...">
cydsfit arguments: -.fdsnotice -.fdswarpdepfile=warp_dependencies.txt -.fdselabdepfile=elab_dependencies.txt -.fdsbldfile=generated_files.txt -.fdsreffile=referenced_files.txt -p C:\Users\dell\Documents\PSoC Creator\Workspace03\Design01.cydsn\Design01.cyprj -d CY8C4025LQI-S412 -s C:\Users\dell\Documents\PSoC Creator\Workspace03\Design01.cydsn\Generated_Source\PSoC4 -- -yv2 -q10 -ygs -o2 -v3 -.fftcfgtype=LE
</CYPRESSTAG>
<CYPRESSTAG name="Design elaboration results...">
</CYPRESSTAG>
Elaboration phase: Elapsed time ==> 1s.787ms
<CYPRESSTAG name="HDL generation results...">
</CYPRESSTAG>
HDL generation phase: Elapsed time ==> 0s.050ms
<CYPRESSTAG name="Synthesis results...">

     | | | | | | |
   _________________
  -|               |-
  -|               |-
  -|               |-
  -|    CYPRESS    |-
  -|               |-
  -|               |-   Warp Verilog Synthesis Compiler: Version 6.3 IR 41
  -|               |-   Copyright (C) 1991-2001 Cypress Semiconductor
   |_______________|
     | | | | | | |

======================================================================
Compiling:  Design01.v
Program  :   E:\PSoC Creator\4.3\PSoC Creator\warp\bin\warp.exe
Options  :    -yv2 -q10 -ygs -o2 -v3 -.fftcfgtype=LE -ya -.fftprj=C:\Users\dell\Documents\PSoC Creator\Workspace03\Design01.cydsn\Design01.cyprj -dcpsoc3 Design01.v -verilog
======================================================================

======================================================================
Compiling:  Design01.v
Program  :   E:\PSoC Creator\4.3\PSoC Creator\warp\bin\warp.exe
Options  :    -yv2 -q10 -ygs -o2 -v3 -.fftcfgtype=LE -ya -.fftprj=C:\Users\dell\Documents\PSoC Creator\Workspace03\Design01.cydsn\Design01.cyprj -dcpsoc3 Design01.v -verilog
======================================================================

======================================================================
Compiling:  Design01.v
Program  :   vlogfe
Options  :    -yv2 -q10 -ygs -o2 -v3 -.fftcfgtype=LE -ya -.fftprj=C:\Users\dell\Documents\PSoC Creator\Workspace03\Design01.cydsn\Design01.cyprj -dcpsoc3 -verilog Design01.v
======================================================================

vlogfe V6.3 IR 41:  Verilog parser
Mon Aug 31 17:58:59 2020


======================================================================
Compiling:  Design01.v
Program  :   vpp
Options  :    -yv2 -q10 Design01.v
======================================================================

vpp V6.3 IR 41:  Verilog Pre-Processor
Mon Aug 31 17:58:59 2020

Flattening file 'E:\PSoC Creator\4.3\PSoC Creator\psoc\content\CyPrimitives\cyprimitives.cylib\cy_analog_virtualmux_v1_0\cy_analog_virtualmux_v1_0.v'
Flattening file 'E:\PSoC Creator\4.3\PSoC Creator\psoc\content\CyPrimitives\cyprimitives.cylib\ZeroTerminal\ZeroTerminal.v'
Flattening file 'E:\PSoC Creator\4.3\PSoC Creator\psoc\content\CyPrimitives\cyprimitives.cylib\or_v1_0\or_v1_0.v'

vpp:  No errors.

Library 'work' => directory 'lcpsoc3'
General_symbol_table
General_symbol_table
Linking 'E:\PSoC Creator\4.3\PSoC Creator\warp\lib\common\std.vhd'.
Linking 'E:\PSoC Creator\4.3\PSoC Creator\warp\lib\common\cypress.vhd'.
Linking 'E:\PSoC Creator\4.3\PSoC Creator\warp\lib\common\work\cypress.vif'.
Linking 'E:\PSoC Creator\4.3\PSoC Creator\warp\lib\ieee\work\stdlogic.vif'.
Linking 'E:\PSoC Creator\4.3\PSoC Creator\warp\lib\common\stdlogic\lpmpkg.vif'.
Linking 'E:\PSoC Creator\4.3\PSoC Creator\warp\lib\common\stdlogic\rtlpkg.vif'.
Linking 'E:\PSoC Creator\4.3\PSoC Creator\warp\lib\common\stdlogic\mod_cnst.vif'.
Linking 'E:\PSoC Creator\4.3\PSoC Creator\warp\lib\common\stdlogic\mod_mthv.vif'.
Linking 'E:\PSoC Creator\4.3\PSoC Creator\warp\lib\common\stdlogic\mod_genv.vif'.
Using control file 'Design01.ctl'.

vlogfe:  No errors.


======================================================================
Compiling:  Design01.v
Program  :   tovif
Options  :    -yv2 -q10 -ygs -o2 -v3 -.fftcfgtype=LE -ya -.fftprj=C:\Users\dell\Documents\PSoC Creator\Workspace03\Design01.cydsn\Design01.cyprj -dcpsoc3 -verilog Design01.v
======================================================================

tovif V6.3 IR 41:  High-level synthesis
Mon Aug 31 17:59:00 2020

Linking 'E:\PSoC Creator\4.3\PSoC Creator\warp\lib\common\std.vhd'.
Linking 'E:\PSoC Creator\4.3\PSoC Creator\warp\lib\common\cypress.vhd'.
Linking 'E:\PSoC Creator\4.3\PSoC Creator\warp\lib\common\work\cypress.vif'.
Linking 'E:\PSoC Creator\4.3\PSoC Creator\warp\lib\ieee\work\stdlogic.vif'.
Linking 'E:\PSoC Creator\4.3\PSoC Creator\warp\lib\common\stdlogic\lpmpkg.vif'.
Linking 'E:\PSoC Creator\4.3\PSoC Creator\warp\lib\common\stdlogic\rtlpkg.vif'.
Linking 'E:\PSoC Creator\4.3\PSoC Creator\warp\lib\common\stdlogic\mod_cnst.vif'.
Linking 'E:\PSoC Creator\4.3\PSoC Creator\warp\lib\common\stdlogic\mod_mthv.vif'.
Linking 'E:\PSoC Creator\4.3\PSoC Creator\warp\lib\common\stdlogic\mod_genv.vif'.
Linking 'C:\Users\dell\Documents\PSoC Creator\Workspace03\Design01.cydsn\codegentemp\Design01.ctl'.
Linking 'C:\Users\dell\Documents\PSoC Creator\Workspace03\Design01.cydsn\codegentemp\Design01.v'.
Linking 'E:\PSoC Creator\4.3\PSoC Creator\psoc\content\CyPrimitives\cyprimitives.cylib\cy_analog_virtualmux_v1_0\cy_analog_virtualmux_v1_0.v'.
Linking 'E:\PSoC Creator\4.3\PSoC Creator\psoc\content\CyPrimitives\cyprimitives.cylib\ZeroTerminal\ZeroTerminal.v'.
Linking 'E:\PSoC Creator\4.3\PSoC Creator\psoc\content\CyPrimitives\cyprimitives.cylib\or_v1_0\or_v1_0.v'.

tovif:  No errors.


======================================================================
Compiling:  Design01.v
Program  :   topld
Options  :    -yv2 -q10 -ygs -o2 -v3 -.fftcfgtype=LE -ya -.fftprj=C:\Users\dell\Documents\PSoC Creator\Workspace03\Design01.cydsn\Design01.cyprj -dcpsoc3 -verilog Design01.v
======================================================================

topld V6.3 IR 41:  Synthesis and optimization
Mon Aug 31 17:59:00 2020

Linking 'E:\PSoC Creator\4.3\PSoC Creator\warp\lib\common\std.vhd'.
Linking 'E:\PSoC Creator\4.3\PSoC Creator\warp\lib\common\cypress.vhd'.
Linking 'E:\PSoC Creator\4.3\PSoC Creator\warp\lib\common\work\cypress.vif'.
Linking 'E:\PSoC Creator\4.3\PSoC Creator\warp\lib\ieee\work\stdlogic.vif'.
Linking 'E:\PSoC Creator\4.3\PSoC Creator\warp\lib\common\stdlogic\lpmpkg.vif'.
Linking 'E:\PSoC Creator\4.3\PSoC Creator\warp\lib\common\stdlogic\rtlpkg.vif'.
Linking 'E:\PSoC Creator\4.3\PSoC Creator\warp\lib\common\stdlogic\mod_cnst.vif'.
Linking 'E:\PSoC Creator\4.3\PSoC Creator\warp\lib\common\stdlogic\mod_mthv.vif'.
Linking 'E:\PSoC Creator\4.3\PSoC Creator\warp\lib\common\stdlogic\mod_genv.vif'.
Linking 'C:\Users\dell\Documents\PSoC Creator\Workspace03\Design01.cydsn\codegentemp\Design01.ctl'.
Linking 'C:\Users\dell\Documents\PSoC Creator\Workspace03\Design01.cydsn\codegentemp\Design01.v'.
Linking 'E:\PSoC Creator\4.3\PSoC Creator\psoc\content\CyPrimitives\cyprimitives.cylib\cy_analog_virtualmux_v1_0\cy_analog_virtualmux_v1_0.v'.
Linking 'E:\PSoC Creator\4.3\PSoC Creator\psoc\content\CyPrimitives\cyprimitives.cylib\ZeroTerminal\ZeroTerminal.v'.
Linking 'E:\PSoC Creator\4.3\PSoC Creator\psoc\content\CyPrimitives\cyprimitives.cylib\or_v1_0\or_v1_0.v'.
Linking 'E:\PSoC Creator\4.3\PSoC Creator\warp\lib\lcpsoc3\stdlogic\cpsoc3.vif'.

----------------------------------------------------------
Detecting unused logic.
----------------------------------------------------------
    User names
	\CapSense:Net_147\
	\CapSense:Net_146\


Deleted 2 User equations/components.
Deleted 0 Synthesized equations/components.

------------------------------------------------------
Alias Detection
------------------------------------------------------
Aliasing one to \SW_Tx_UART:tmpOE__tx_net_0\
Aliasing tmpOE__LED_RO_net_0 to \SW_Tx_UART:tmpOE__tx_net_0\
Aliasing tmpOE__LED_COLD_net_0 to \SW_Tx_UART:tmpOE__tx_net_0\
Aliasing tmpOE__LED_HOT_net_0 to \SW_Tx_UART:tmpOE__tx_net_0\
Aliasing tmpOE__LED_LOCK_net_0 to \SW_Tx_UART:tmpOE__tx_net_0\
Aliasing tmpOE__VL1_net_0 to \SW_Tx_UART:tmpOE__tx_net_0\
Aliasing tmpOE__VL2_net_0 to \SW_Tx_UART:tmpOE__tx_net_0\
Aliasing tmpOE__VL3_net_0 to \SW_Tx_UART:tmpOE__tx_net_0\
Aliasing \CapSense:Net_95\ to zero
Aliasing \CapSense:Net_94\ to zero
Aliasing \CapSense:Net_93\ to zero
Aliasing \CapSense:Net_92\ to zero
Aliasing \CapSense:tmpOE__Sns_net_3\ to \SW_Tx_UART:tmpOE__tx_net_0\
Aliasing \CapSense:tmpOE__Sns_net_2\ to \SW_Tx_UART:tmpOE__tx_net_0\
Aliasing \CapSense:tmpOE__Sns_net_1\ to \SW_Tx_UART:tmpOE__tx_net_0\
Aliasing \CapSense:tmpOE__Sns_net_0\ to \SW_Tx_UART:tmpOE__tx_net_0\
Aliasing \CapSense:Net_57\ to zero
Aliasing \CapSense:Net_56\ to zero
Aliasing \CapSense:Net_55\ to zero
Aliasing \CapSense:Net_54\ to zero
Aliasing \CapSense:Net_44\ to zero
Aliasing \CapSense:Net_46\ to zero
Aliasing \CapSense:Net_47\ to zero
Aliasing \CapSense:Net_48\ to zero
Aliasing \CapSense:tmpOE__Cmod_net_0\ to \SW_Tx_UART:tmpOE__tx_net_0\
Aliasing \CapSense:tmpOE__AdcInput_net_0\ to \SW_Tx_UART:tmpOE__tx_net_0\
Aliasing tmpOE__COLD_K1_net_0 to \SW_Tx_UART:tmpOE__tx_net_0\
Aliasing tmpOE__Buzzer_net_0 to \SW_Tx_UART:tmpOE__tx_net_0\
Removing Rhs of wire one[6] = \SW_Tx_UART:tmpOE__tx_net_0\[1]
Removing Lhs of wire tmpOE__LED_RO_net_0[9] = one[6]
Removing Lhs of wire tmpOE__LED_COLD_net_0[16] = one[6]
Removing Lhs of wire tmpOE__LED_HOT_net_0[23] = one[6]
Removing Lhs of wire tmpOE__LED_LOCK_net_0[30] = one[6]
Removing Lhs of wire tmpOE__VL1_net_0[37] = one[6]
Removing Lhs of wire tmpOE__VL2_net_0[44] = one[6]
Removing Lhs of wire tmpOE__VL3_net_0[51] = one[6]
Removing Lhs of wire \CapSense:Net_95\[78] = zero[2]
Removing Lhs of wire \CapSense:Net_94\[79] = zero[2]
Removing Lhs of wire \CapSense:Net_93\[83] = zero[2]
Removing Lhs of wire \CapSense:Net_92\[102] = zero[2]
Removing Lhs of wire \CapSense:tmpOE__Sns_net_3\[105] = one[6]
Removing Lhs of wire \CapSense:tmpOE__Sns_net_2\[106] = one[6]
Removing Lhs of wire \CapSense:tmpOE__Sns_net_1\[107] = one[6]
Removing Lhs of wire \CapSense:tmpOE__Sns_net_0\[108] = one[6]
Removing Lhs of wire \CapSense:Net_57\[122] = zero[2]
Removing Lhs of wire \CapSense:Net_56\[123] = zero[2]
Removing Lhs of wire \CapSense:Net_55\[124] = zero[2]
Removing Lhs of wire \CapSense:Net_54\[125] = zero[2]
Removing Lhs of wire \CapSense:Net_44\[128] = zero[2]
Removing Lhs of wire \CapSense:Net_46\[129] = zero[2]
Removing Lhs of wire \CapSense:Net_47\[130] = zero[2]
Removing Lhs of wire \CapSense:Net_48\[131] = zero[2]
Removing Lhs of wire \CapSense:tmpOE__Cmod_net_0\[133] = one[6]
Removing Lhs of wire \CapSense:tmpOE__AdcInput_net_0\[142] = one[6]
Removing Lhs of wire tmpOE__COLD_K1_net_0[150] = one[6]
Removing Lhs of wire tmpOE__Buzzer_net_0[157] = one[6]

------------------------------------------------------
Aliased 0 equations, 28 wires.
------------------------------------------------------

----------------------------------------------------------
Circuit simplification
----------------------------------------------------------

Substituting virtuals - pass 1:


----------------------------------------------------------
Circuit simplification results:

	Expanded 0 signals.
	Turned 0 signals into soft nodes.
	Maximum default expansion cost was set at 3.
----------------------------------------------------------

topld:  No errors.

CYPRESS_DIR    : E:\PSoC Creator\4.3\PSoC Creator\warp
Warp Program   : E:\PSoC Creator\4.3\PSoC Creator\warp\bin\warp.exe
Warp Arguments : -yv2 -q10 -ygs -o2 -v3 -.fftcfgtype=LE -ya "-.fftprj=C:\Users\dell\Documents\PSoC Creator\Workspace03\Design01.cydsn\Design01.cyprj" -dcpsoc3 Design01.v -verilog
</CYPRESSTAG>
Warp synthesis phase: Elapsed time ==> 0s.501ms
<CYPRESSTAG name="Fitter results...">
<CYPRESSTAG name="Fitter startup details...">
cyp3fit: V4.3.0.1445, Family: PSoC3, Started at: Monday, 31 August 2020 17:59:00
Options: -yv2 -q10 -ygs -o2 -v3 -.fftcfgtype=LE -ya -.fftprj=C:\Users\dell\Documents\PSoC Creator\Workspace03\Design01.cydsn\Design01.cyprj -d CY8C4025LQI-S412 Design01.v -verilog
</CYPRESSTAG>
<CYPRESSTAG name="Design parsing">
Design parsing phase: Elapsed time ==> 0s.013ms
</CYPRESSTAG>
<CYPRESSTAG name="Tech Mapping">
<CYPRESSTAG name="Initial Mapping" icon="FILE_RPT_TECHM">
<CYPRESSTAG name="Global Clock Selection" icon="FILE_RPT_TECHM">
    Fixed Function Clock 2: Automatic-assigning  clock 'CapSense_ModClk'. Signal=\CapSense:Net_1423_ff2\
<CYPRESSTAG name="UDB Clock/Enable Remapping Results">
</CYPRESSTAG>
</CYPRESSTAG>

Removing unused cells resulting from optimization
Done removing unused cells.
<CYPRESSTAG name="Duplicate Macrocell detection">
</CYPRESSTAG>
</CYPRESSTAG>
<CYPRESSTAG name="Duplicate Macrocell detection">
</CYPRESSTAG>
<CYPRESSTAG name="Design Equations" icon="FILE_RPT_EQUATION">

------------------------------------------------------------
Design Equations
------------------------------------------------------------
    <CYPRESSTAG name="Pin listing">

    ------------------------------------------------------------
    Pin listing
    ------------------------------------------------------------

    Pin : Name = \SW_Tx_UART:tx(0)\
        Attributes:
            In Group/Port: True
            In Sync Option: AUTO
            Out Sync Option: NOSYNC
            Interrupt generated: False
            Interrupt mode: NONE
            Drive mode: CMOS_OUT
            VTrip: EITHER
            Slew: FAST
            Input Sync needed: False
            Output Sync needed: False
            SC shield enabled: False
            POR State: ANY
            LCD Mode: COMMON
            Register Mode: RegComb
            CaSense Mode: NEITHER
            Treat as pin: True
            Is OE Registered: False
            Uses Analog: False
            Can contain Digital: True
            Is SIO: False
            SIO Output Buf: NONREGULATED
            SIO Input Buf: SINGLE_ENDED
            SIO HiFreq: LOW
            SIO Hyst: DISABLED
            SIO Vtrip: MULTIPLIER_0_5
            SIO Multiplier Index: 0
            SIO RefSel: VCC_IO
            Required Capabilities: DIGITAL
            Initial Value: 1
            IO Voltage: 0
        PORT MAP (
            pa_out => \SW_Tx_UART:tx(0)\__PA ,
            pad => \SW_Tx_UART:tx(0)_PAD\ );
        Properties:
        {
        }

    Pin : Name = LED_RO(0)
        Attributes:
            In Group/Port: True
            In Sync Option: AUTO
            Out Sync Option: NOSYNC
            Interrupt generated: False
            Interrupt mode: NONE
            Drive mode: CMOS_OUT
            VTrip: EITHER
            Slew: FAST
            Input Sync needed: False
            Output Sync needed: False
            SC shield enabled: False
            POR State: ANY
            LCD Mode: COMMON
            Register Mode: RegComb
            CaSense Mode: NEITHER
            Treat as pin: True
            Is OE Registered: False
            Uses Analog: False
            Can contain Digital: True
            Is SIO: False
            SIO Output Buf: NONREGULATED
            SIO Input Buf: SINGLE_ENDED
            SIO HiFreq: LOW
            SIO Hyst: DISABLED
            SIO Vtrip: MULTIPLIER_0_5
            SIO Multiplier Index: 0
            SIO RefSel: VCC_IO
            Required Capabilities: DIGITAL
            Initial Value: 1
            IO Voltage: 0
        PORT MAP (
            pa_out => LED_RO(0)__PA ,
            pad => LED_RO(0)_PAD );
        Properties:
        {
        }

    Pin : Name = LED_COLD(0)
        Attributes:
            In Group/Port: True
            In Sync Option: AUTO
            Out Sync Option: NOSYNC
            Interrupt generated: False
            Interrupt mode: NONE
            Drive mode: CMOS_OUT
            VTrip: EITHER
            Slew: FAST
            Input Sync needed: False
            Output Sync needed: False
            SC shield enabled: False
            POR State: ANY
            LCD Mode: COMMON
            Register Mode: RegComb
            CaSense Mode: NEITHER
            Treat as pin: True
            Is OE Registered: False
            Uses Analog: False
            Can contain Digital: True
            Is SIO: False
            SIO Output Buf: NONREGULATED
            SIO Input Buf: SINGLE_ENDED
            SIO HiFreq: LOW
            SIO Hyst: DISABLED
            SIO Vtrip: MULTIPLIER_0_5
            SIO Multiplier Index: 0
            SIO RefSel: VCC_IO
            Required Capabilities: DIGITAL
            Initial Value: 1
            IO Voltage: 0
        PORT MAP (
            pa_out => LED_COLD(0)__PA ,
            pad => LED_COLD(0)_PAD );
        Properties:
        {
        }

    Pin : Name = LED_HOT(0)
        Attributes:
            In Group/Port: True
            In Sync Option: AUTO
            Out Sync Option: NOSYNC
            Interrupt generated: False
            Interrupt mode: NONE
            Drive mode: CMOS_OUT
            VTrip: EITHER
            Slew: FAST
            Input Sync needed: False
            Output Sync needed: False
            SC shield enabled: False
            POR State: ANY
            LCD Mode: COMMON
            Register Mode: RegComb
            CaSense Mode: NEITHER
            Treat as pin: True
            Is OE Registered: False
            Uses Analog: False
            Can contain Digital: True
            Is SIO: False
            SIO Output Buf: NONREGULATED
            SIO Input Buf: SINGLE_ENDED
            SIO HiFreq: LOW
            SIO Hyst: DISABLED
            SIO Vtrip: MULTIPLIER_0_5
            SIO Multiplier Index: 0
            SIO RefSel: VCC_IO
            Required Capabilities: DIGITAL
            Initial Value: 1
            IO Voltage: 0
        PORT MAP (
            pa_out => LED_HOT(0)__PA ,
            pad => LED_HOT(0)_PAD );
        Properties:
        {
        }

    Pin : Name = LED_LOCK(0)
        Attributes:
            In Group/Port: True
            In Sync Option: AUTO
            Out Sync Option: NOSYNC
            Interrupt generated: False
            Interrupt mode: NONE
            Drive mode: CMOS_OUT
            VTrip: EITHER
            Slew: FAST
            Input Sync needed: False
            Output Sync needed: False
            SC shield enabled: False
            POR State: ANY
            LCD Mode: COMMON
            Register Mode: RegComb
            CaSense Mode: NEITHER
            Treat as pin: True
            Is OE Registered: False
            Uses Analog: False
            Can contain Digital: True
            Is SIO: False
            SIO Output Buf: NONREGULATED
            SIO Input Buf: SINGLE_ENDED
            SIO HiFreq: LOW
            SIO Hyst: DISABLED
            SIO Vtrip: MULTIPLIER_0_5
            SIO Multiplier Index: 0
            SIO RefSel: VCC_IO
            Required Capabilities: DIGITAL
            Initial Value: 1
            IO Voltage: 0
        PORT MAP (
            pa_out => LED_LOCK(0)__PA ,
            pad => LED_LOCK(0)_PAD );
        Properties:
        {
        }

    Pin : Name = VL1(0)
        Attributes:
            In Group/Port: True
            In Sync Option: AUTO
            Out Sync Option: NOSYNC
            Interrupt generated: False
            Interrupt mode: NONE
            Drive mode: CMOS_OUT
            VTrip: EITHER
            Slew: FAST
            Input Sync needed: False
            Output Sync needed: False
            SC shield enabled: False
            POR State: ANY
            LCD Mode: COMMON
            Register Mode: RegComb
            CaSense Mode: NEITHER
            Treat as pin: True
            Is OE Registered: False
            Uses Analog: False
            Can contain Digital: True
            Is SIO: False
            SIO Output Buf: NONREGULATED
            SIO Input Buf: SINGLE_ENDED
            SIO HiFreq: LOW
            SIO Hyst: DISABLED
            SIO Vtrip: MULTIPLIER_0_5
            SIO Multiplier Index: 0
            SIO RefSel: VCC_IO
            Required Capabilities: DIGITAL
            Initial Value: 0
            IO Voltage: 0
        PORT MAP (
            pa_out => VL1(0)__PA ,
            pad => VL1(0)_PAD );
        Properties:
        {
        }

    Pin : Name = VL2(0)
        Attributes:
            In Group/Port: True
            In Sync Option: AUTO
            Out Sync Option: NOSYNC
            Interrupt generated: False
            Interrupt mode: NONE
            Drive mode: CMOS_OUT
            VTrip: EITHER
            Slew: FAST
            Input Sync needed: False
            Output Sync needed: False
            SC shield enabled: False
            POR State: ANY
            LCD Mode: COMMON
            Register Mode: RegComb
            CaSense Mode: NEITHER
            Treat as pin: True
            Is OE Registered: False
            Uses Analog: False
            Can contain Digital: True
            Is SIO: False
            SIO Output Buf: NONREGULATED
            SIO Input Buf: SINGLE_ENDED
            SIO HiFreq: LOW
            SIO Hyst: DISABLED
            SIO Vtrip: MULTIPLIER_0_5
            SIO Multiplier Index: 0
            SIO RefSel: VCC_IO
            Required Capabilities: DIGITAL
            Initial Value: 0
            IO Voltage: 0
        PORT MAP (
            pa_out => VL2(0)__PA ,
            pad => VL2(0)_PAD );
        Properties:
        {
        }

    Pin : Name = VL3(0)
        Attributes:
            In Group/Port: True
            In Sync Option: AUTO
            Out Sync Option: NOSYNC
            Interrupt generated: False
            Interrupt mode: NONE
            Drive mode: CMOS_OUT
            VTrip: EITHER
            Slew: FAST
            Input Sync needed: False
            Output Sync needed: False
            SC shield enabled: False
            POR State: ANY
            LCD Mode: COMMON
            Register Mode: RegComb
            CaSense Mode: NEITHER
            Treat as pin: True
            Is OE Registered: False
            Uses Analog: False
            Can contain Digital: True
            Is SIO: False
            SIO Output Buf: NONREGULATED
            SIO Input Buf: SINGLE_ENDED
            SIO HiFreq: LOW
            SIO Hyst: DISABLED
            SIO Vtrip: MULTIPLIER_0_5
            SIO Multiplier Index: 0
            SIO RefSel: VCC_IO
            Required Capabilities: DIGITAL
            Initial Value: 0
            IO Voltage: 0
        PORT MAP (
            pa_out => VL3(0)__PA ,
            pad => VL3(0)_PAD );
        Properties:
        {
        }

    Pin : Name = \CapSense:Sns(0)\
        Attributes:
            Alias: btnRO_Sns0
            In Group/Port: True
            In Sync Option: AUTO
            Out Sync Option: AUTO
            Interrupt generated: False
            Interrupt mode: NONE
            Drive mode: HI_Z_ANALOG
            VTrip: EITHER
            Slew: FAST
            Input Sync needed: False
            Output Sync needed: False
            SC shield enabled: False
            POR State: ANY
            LCD Mode: COMMON
            Register Mode: RegComb
            CaSense Mode: NEITHER
            Treat as pin: True
            Is OE Registered: False
            Uses Analog: True
            Can contain Digital: False
            Is SIO: False
            SIO Output Buf: NONREGULATED
            SIO Input Buf: SINGLE_ENDED
            SIO HiFreq: LOW
            SIO Hyst: DISABLED
            SIO Vtrip: MULTIPLIER_0_5
            SIO Multiplier Index: 0
            SIO RefSel: VCC_IO
            Required Capabilities: ANALOG
            Initial Value: 0
            IO Voltage: 0
        PORT MAP (
            pa_out => \CapSense:Sns(0)\__PA ,
            analog_term => \CapSense:Net_2_0\ ,
            pad => \CapSense:Sns(0)_PAD\ );
        Properties:
        {
        }

    Pin : Name = \CapSense:Sns(1)\
        Attributes:
            Alias: btnCOLD_Sns0
            In Group/Port: True
            In Sync Option: AUTO
            Out Sync Option: AUTO
            Interrupt generated: False
            Interrupt mode: NONE
            Drive mode: HI_Z_ANALOG
            VTrip: EITHER
            Slew: FAST
            Input Sync needed: False
            Output Sync needed: False
            SC shield enabled: False
            POR State: ANY
            LCD Mode: COMMON
            Register Mode: RegComb
            CaSense Mode: NEITHER
            Treat as pin: True
            Is OE Registered: False
            Uses Analog: True
            Can contain Digital: False
            Is SIO: False
            SIO Output Buf: NONREGULATED
            SIO Input Buf: SINGLE_ENDED
            SIO HiFreq: LOW
            SIO Hyst: DISABLED
            SIO Vtrip: MULTIPLIER_0_5
            SIO Multiplier Index: 0
            SIO RefSel: VCC_IO
            Required Capabilities: ANALOG
            Initial Value: 1
            IO Voltage: 0
        PORT MAP (
            pa_out => \CapSense:Sns(1)\__PA ,
            analog_term => \CapSense:Net_2_0\ ,
            pad => \CapSense:Sns(1)_PAD\ );
        Properties:
        {
        }

    Pin : Name = \CapSense:Sns(2)\
        Attributes:
            Alias: btnHOT_Sns0
            In Group/Port: True
            In Sync Option: AUTO
            Out Sync Option: AUTO
            Interrupt generated: False
            Interrupt mode: NONE
            Drive mode: HI_Z_ANALOG
            VTrip: EITHER
            Slew: FAST
            Input Sync needed: False
            Output Sync needed: False
            SC shield enabled: False
            POR State: ANY
            LCD Mode: COMMON
            Register Mode: RegComb
            CaSense Mode: NEITHER
            Treat as pin: True
            Is OE Registered: False
            Uses Analog: True
            Can contain Digital: False
            Is SIO: False
            SIO Output Buf: NONREGULATED
            SIO Input Buf: SINGLE_ENDED
            SIO HiFreq: LOW
            SIO Hyst: DISABLED
            SIO Vtrip: MULTIPLIER_0_5
            SIO Multiplier Index: 0
            SIO RefSel: VCC_IO
            Required Capabilities: ANALOG
            Initial Value: 1
            IO Voltage: 0
        PORT MAP (
            pa_out => \CapSense:Sns(2)\__PA ,
            analog_term => \CapSense:Net_2_0\ ,
            pad => \CapSense:Sns(2)_PAD\ );
        Properties:
        {
        }

    Pin : Name = \CapSense:Sns(3)\
        Attributes:
            Alias: btnLOCK_Sns0
            In Group/Port: True
            In Sync Option: AUTO
            Out Sync Option: AUTO
            Interrupt generated: False
            Interrupt mode: NONE
            Drive mode: HI_Z_ANALOG
            VTrip: EITHER
            Slew: FAST
            Input Sync needed: False
            Output Sync needed: False
            SC shield enabled: False
            POR State: ANY
            LCD Mode: COMMON
            Register Mode: RegComb
            CaSense Mode: NEITHER
            Treat as pin: True
            Is OE Registered: False
            Uses Analog: True
            Can contain Digital: False
            Is SIO: False
            SIO Output Buf: NONREGULATED
            SIO Input Buf: SINGLE_ENDED
            SIO HiFreq: LOW
            SIO Hyst: DISABLED
            SIO Vtrip: MULTIPLIER_0_5
            SIO Multiplier Index: 0
            SIO RefSel: VCC_IO
            Required Capabilities: ANALOG
            Initial Value: 1
            IO Voltage: 0
        PORT MAP (
            pa_out => \CapSense:Sns(3)\__PA ,
            analog_term => \CapSense:Net_2_0\ ,
            pad => \CapSense:Sns(3)_PAD\ );
        Properties:
        {
        }

    Pin : Name = \CapSense:Cmod(0)\
        Attributes:
            Alias: Cmod
            In Group/Port: True
            In Sync Option: AUTO
            Out Sync Option: AUTO
            Interrupt generated: False
            Interrupt mode: NONE
            Drive mode: HI_Z_ANALOG
            VTrip: EITHER
            Slew: FAST
            Input Sync needed: False
            Output Sync needed: False
            SC shield enabled: False
            POR State: ANY
            LCD Mode: COMMON
            Register Mode: RegComb
            CaSense Mode: NEITHER
            Treat as pin: True
            Is OE Registered: False
            Uses Analog: True
            Can contain Digital: False
            Is SIO: False
            SIO Output Buf: NONREGULATED
            SIO Input Buf: SINGLE_ENDED
            SIO HiFreq: LOW
            SIO Hyst: DISABLED
            SIO Vtrip: MULTIPLIER_0_5
            SIO Multiplier Index: 0
            SIO RefSel: VCC_IO
            Required Capabilities: ANALOG
            Initial Value: 0
            IO Voltage: 0
        PORT MAP (
            pa_out => \CapSense:Cmod(0)\__PA ,
            analog_term => \CapSense:dedicated_io_bus_0\ ,
            pad => \CapSense:Cmod(0)_PAD\ );
        Properties:
        {
        }

    Pin : Name = \CapSense:AdcInput(0)\
        Attributes:
            Alias: Ch0
            In Group/Port: True
            In Sync Option: AUTO
            Out Sync Option: AUTO
            Interrupt generated: False
            Interrupt mode: NONE
            Drive mode: HI_Z_ANALOG
            VTrip: EITHER
            Slew: FAST
            Input Sync needed: False
            Output Sync needed: False
            SC shield enabled: False
            POR State: ANY
            LCD Mode: COMMON
            Register Mode: RegComb
            CaSense Mode: NEITHER
            Treat as pin: True
            Is OE Registered: False
            Uses Analog: True
            Can contain Digital: False
            Is SIO: False
            SIO Output Buf: NONREGULATED
            SIO Input Buf: SINGLE_ENDED
            SIO HiFreq: LOW
            SIO Hyst: DISABLED
            SIO Vtrip: MULTIPLIER_0_5
            SIO Multiplier Index: 0
            SIO RefSel: VCC_IO
            Required Capabilities: ANALOG
            Initial Value: 0
            IO Voltage: 0
        PORT MAP (
            pa_out => \CapSense:AdcInput(0)\__PA ,
            analog_term => \CapSense:Net_132\ ,
            pad => \CapSense:AdcInput(0)_PAD\ );
        Properties:
        {
        }

    Pin : Name = COLD_K1(0)
        Attributes:
            In Group/Port: True
            In Sync Option: AUTO
            Out Sync Option: NOSYNC
            Interrupt generated: False
            Interrupt mode: NONE
            Drive mode: CMOS_OUT
            VTrip: EITHER
            Slew: FAST
            Input Sync needed: False
            Output Sync needed: False
            SC shield enabled: False
            POR State: ANY
            LCD Mode: COMMON
            Register Mode: RegComb
            CaSense Mode: NEITHER
            Treat as pin: True
            Is OE Registered: False
            Uses Analog: False
            Can contain Digital: True
            Is SIO: False
            SIO Output Buf: NONREGULATED
            SIO Input Buf: SINGLE_ENDED
            SIO HiFreq: LOW
            SIO Hyst: DISABLED
            SIO Vtrip: MULTIPLIER_0_5
            SIO Multiplier Index: 0
            SIO RefSel: VCC_IO
            Required Capabilities: DIGITAL
            Initial Value: 0
            IO Voltage: 0
        PORT MAP (
            pa_out => COLD_K1(0)__PA ,
            pad => COLD_K1(0)_PAD );
        Properties:
        {
        }

    Pin : Name = Buzzer(0)
        Attributes:
            In Group/Port: True
            In Sync Option: AUTO
            Out Sync Option: NOSYNC
            Interrupt generated: False
            Interrupt mode: NONE
            Drive mode: CMOS_OUT
            VTrip: EITHER
            Slew: FAST
            Input Sync needed: False
            Output Sync needed: False
            SC shield enabled: False
            POR State: ANY
            LCD Mode: COMMON
            Register Mode: RegComb
            CaSense Mode: NEITHER
            Treat as pin: True
            Is OE Registered: False
            Uses Analog: False
            Can contain Digital: True
            Is SIO: False
            SIO Output Buf: NONREGULATED
            SIO Input Buf: SINGLE_ENDED
            SIO HiFreq: LOW
            SIO Hyst: DISABLED
            SIO Vtrip: MULTIPLIER_0_5
            SIO Multiplier Index: 0
            SIO RefSel: VCC_IO
            Required Capabilities: DIGITAL
            Initial Value: 0
            IO Voltage: 0
        PORT MAP (
            pa_out => Buzzer(0)__PA ,
            pad => Buzzer(0)_PAD );
        Properties:
        {
        }
    </CYPRESSTAG>
    <CYPRESSTAG name="Macrocell listing" icon="FILE_RPT_EQUATION">
    </CYPRESSTAG>
    <CYPRESSTAG name="Datapath listing">
    </CYPRESSTAG>
    <CYPRESSTAG name="Status register listing">
    </CYPRESSTAG>
    <CYPRESSTAG name="StatusI register listing">
    </CYPRESSTAG>
    <CYPRESSTAG name="Sync listing">
    </CYPRESSTAG>
    <CYPRESSTAG name="Control register listing">
    </CYPRESSTAG>
    <CYPRESSTAG name="Count7 listing">
    </CYPRESSTAG>
    <CYPRESSTAG name="DRQ listing">
    </CYPRESSTAG>
    <CYPRESSTAG name="Interrupt listing">

    ------------------------------------------------------------
    Interrupt listing
    ------------------------------------------------------------

    interrupt: Name =\CapSense:ISR\
        PORT MAP (
            interrupt => \CapSense:Net_120\ );
        Properties:
        {
            int_type = "10"
            is_nmi = 0
        }
    </CYPRESSTAG>
</CYPRESSTAG>
<CYPRESSTAG name="Technology mapping summary" expanded>

------------------------------------------------------------
Technology mapping summary
------------------------------------------------------------

Resource Type                 : Used : Free :  Max :  % Used
============================================================
Interrupts                    :    1 :   15 :   16 :  6.25 %
IO                            :   18 :    9 :   27 : 66.67 %
Segment LCD                   :    0 :    1 :    1 :  0.00 %
CapSense                      :    1 :    0 :    1 : 100.00 %
Serial Communication (SCB)    :    0 :    2 :    2 :  0.00 %
Timer/Counter/PWM             :    0 :    5 :    5 :  0.00 %
Smart IO Ports                :    0 :    2 :    2 :  0.00 %
Comparator                    :    1 :    0 :    1 : 100.00 %
LP Comparator                 :    0 :    2 :    2 :  0.00 %
DAC                           :      :      :      :        
  7-bit IDAC                  :    2 :    0 :    2 : 100.00 %
</CYPRESSTAG>
Technology Mapping: Elapsed time ==> 0s.062ms
Tech Mapping phase: Elapsed time ==> 0s.073ms
</CYPRESSTAG>
<CYPRESSTAG name="Analog Placement">
<CYPRESSTAG name="FFB & IO Pre Placement">
<CYPRESSTAG name="Placement" icon="FILE_RPT_PLACEMENT">

Cell                                : Block                              
=========================================================================
\SW_Tx_UART:tx(0)\                  : [IOP=(3)][IoId=(1)]                
LED_RO(0)                           : [IOP=(1)][IoId=(0)]                
LED_COLD(0)                         : [IOP=(1)][IoId=(1)]                
LED_HOT(0)                          : [IOP=(1)][IoId=(2)]                
LED_LOCK(0)                         : [IOP=(1)][IoId=(3)]                
VL1(0)                              : [IOP=(2)][IoId=(2)]                
VL2(0)                              : [IOP=(2)][IoId=(1)]                
VL3(0)                              : [IOP=(2)][IoId=(0)]                
\CapSense:Sns(0)\                   : [IOP=(0)][IoId=(0)]                
\CapSense:Sns(1)\                   : [IOP=(0)][IoId=(1)]                
\CapSense:Sns(2)\                   : [IOP=(0)][IoId=(2)]                
\CapSense:Sns(3)\                   : [IOP=(0)][IoId=(3)]                
\CapSense:Cmod(0)\                  : [IOP=(4)][IoId=(2)]                
\CapSense:AdcInput(0)\              : [IOP=(4)][IoId=(3)]                
COLD_K1(0)                          : [IOP=(2)][IoId=(7)]                
Buzzer(0)                           : [IOP=(1)][IoId=(7)]                
ClockGenBlock                       : CLK_GEN_[FFB(CLK_GEN,0)]           
\CapSense:CSD\                      : CSD_[FFB(CSD,0)]                   
\CapSense:IDACMod\                  : CSIDAC7_[FFB(CSIDAC7,0)]           
\CapSense:IDACComp\                 : CSIDAC7_[FFB(CSIDAC7,1)]           

</CYPRESSTAG>
</CYPRESSTAG>
<CYPRESSTAG name="Real Analog Placement">
Elapsed time ==> 0.1768563s
</CYPRESSTAG>
Analog Placement phase: Elapsed time ==> 0s.406ms
</CYPRESSTAG>
<CYPRESSTAG name="Analog Routing">
<CYPRESSTAG name="Analog Routing">
Route success=True, Iterations=1 Elapsed=0.0094073 secs
</CYPRESSTAG>
Analog Routing phase: Elapsed time ==> 0s.009ms
</CYPRESSTAG>
<CYPRESSTAG name="Analog Code Generation">
============ Analog Final Answer Routes ============
Dump of CyAnalogRoutingResultsDB
Map of net to items {
  Net: \CapSense:Net_132\ {
    CSD0_shield_internal
    swh_8
    shield0
    BYB
    amuxbusb
    P4_P53
    p4_3
  }
  Net: \CapSense:Net_150\ {
  }
  Net: \CapSense:Net_2_0\ {
    CSD0_sense_internal
    swh_7
    sense0
    BYA
    amuxbusa
    P0_P40
    p0_0
    P0_P41
    p0_1
    P0_P42
    p0_2
    P0_P43
    p0_3
    idac1_out
    IAIB
    idac0_out
    swhv_3
    P4_P42
    p4_2
  }
}
Map of item to net {
  CSD0_shield_internal                             -> \CapSense:Net_132\
  swh_8                                            -> \CapSense:Net_132\
  shield0                                          -> \CapSense:Net_132\
  BYB                                              -> \CapSense:Net_132\
  amuxbusb                                         -> \CapSense:Net_132\
  P4_P53                                           -> \CapSense:Net_132\
  p4_3                                             -> \CapSense:Net_132\
  CSD0_sense_internal                              -> \CapSense:Net_2_0\
  swh_7                                            -> \CapSense:Net_2_0\
  sense0                                           -> \CapSense:Net_2_0\
  BYA                                              -> \CapSense:Net_2_0\
  amuxbusa                                         -> \CapSense:Net_2_0\
  P0_P40                                           -> \CapSense:Net_2_0\
  p0_0                                             -> \CapSense:Net_2_0\
  P0_P41                                           -> \CapSense:Net_2_0\
  p0_1                                             -> \CapSense:Net_2_0\
  P0_P42                                           -> \CapSense:Net_2_0\
  p0_2                                             -> \CapSense:Net_2_0\
  P0_P43                                           -> \CapSense:Net_2_0\
  p0_3                                             -> \CapSense:Net_2_0\
  idac1_out                                        -> \CapSense:Net_2_0\
  IAIB                                             -> \CapSense:Net_2_0\
  idac0_out                                        -> \CapSense:Net_2_0\
  swhv_3                                           -> \CapSense:Net_2_0\
  P4_P42                                           -> \CapSense:Net_2_0\
  p4_2                                             -> \CapSense:Net_2_0\
}
Mux Info {
}
Analog Code Generation phase: Elapsed time ==> 0s.043ms
</CYPRESSTAG>
<CYPRESSTAG name="Digital Placement">
<CYPRESSTAG name="Detailed placement messages">
I2076: Total run-time: 0.4 sec.

</CYPRESSTAG>
<CYPRESSTAG name="PLD Packing">
<CYPRESSTAG name="PLD Packing Summary">
No PLDs were packed.
</CYPRESSTAG>
PLD Packing: Elapsed time ==> 0s.008ms
</CYPRESSTAG>
<CYPRESSTAG name="Partitioning">
<CYPRESSTAG name="Initial Partitioning Summary">
Initial Partitioning Summary not displayed at this verbose level.</CYPRESSTAG>
<CYPRESSTAG name="Final Partitioning Summary">
Final Partitioning Summary not displayed at this verbose level.</CYPRESSTAG>
Partitioning: Elapsed time ==> 0s.031ms
</CYPRESSTAG>
<CYPRESSTAG name="Final Placement Summary">

------------------------------------------------------------
Final Placement Summary
------------------------------------------------------------

       Resource Type :      Count : Avg Inputs : Avg Outputs
    ========================================================
                 UDB :          0 :       0.00 :       0.00
<CYPRESSTAG name="Final Placement Details">
<CYPRESSTAG name="Component Details">

------------------------------------------------------------
Component Placement Details
------------------------------------------------------------
Intr container @ [IntrContainer=(0)]: 
  Intr@ [IntrContainer=(0)][IntrId=(10)] 
    interrupt: Name =\CapSense:ISR\
        PORT MAP (
            interrupt => \CapSense:Net_120\ );
        Properties:
        {
            int_type = "10"
            is_nmi = 0
        }
Port 0 contains the following IO cells:
[IoId=0]: 
Pin : Name = \CapSense:Sns(0)\
    Attributes:
        Alias: btnRO_Sns0
        In Group/Port: True
        In Sync Option: AUTO
        Out Sync Option: AUTO
        Interrupt generated: False
        Interrupt mode: NONE
        Drive mode: HI_Z_ANALOG
        VTrip: EITHER
        Slew: FAST
        Input Sync needed: False
        Output Sync needed: False
        SC shield enabled: False
        POR State: ANY
        LCD Mode: COMMON
        Register Mode: RegComb
        CaSense Mode: NEITHER
        Treat as pin: True
        Is OE Registered: False
        Uses Analog: True
        Can contain Digital: False
        Is SIO: False
        SIO Output Buf: NONREGULATED
        SIO Input Buf: SINGLE_ENDED
        SIO HiFreq: LOW
        SIO Hyst: DISABLED
        SIO Vtrip: MULTIPLIER_0_5
        SIO Multiplier Index: 0
        SIO RefSel: VCC_IO
        Required Capabilities: ANALOG
        Initial Value: 0
        IO Voltage: 0
    PORT MAP (
        pa_out => \CapSense:Sns(0)\__PA ,
        analog_term => \CapSense:Net_2_0\ ,
        pad => \CapSense:Sns(0)_PAD\ );
    Properties:
    {
    }

[IoId=1]: 
Pin : Name = \CapSense:Sns(1)\
    Attributes:
        Alias: btnCOLD_Sns0
        In Group/Port: True
        In Sync Option: AUTO
        Out Sync Option: AUTO
        Interrupt generated: False
        Interrupt mode: NONE
        Drive mode: HI_Z_ANALOG
        VTrip: EITHER
        Slew: FAST
        Input Sync needed: False
        Output Sync needed: False
        SC shield enabled: False
        POR State: ANY
        LCD Mode: COMMON
        Register Mode: RegComb
        CaSense Mode: NEITHER
        Treat as pin: True
        Is OE Registered: False
        Uses Analog: True
        Can contain Digital: False
        Is SIO: False
        SIO Output Buf: NONREGULATED
        SIO Input Buf: SINGLE_ENDED
        SIO HiFreq: LOW
        SIO Hyst: DISABLED
        SIO Vtrip: MULTIPLIER_0_5
        SIO Multiplier Index: 0
        SIO RefSel: VCC_IO
        Required Capabilities: ANALOG
        Initial Value: 1
        IO Voltage: 0
    PORT MAP (
        pa_out => \CapSense:Sns(1)\__PA ,
        analog_term => \CapSense:Net_2_0\ ,
        pad => \CapSense:Sns(1)_PAD\ );
    Properties:
    {
    }

[IoId=2]: 
Pin : Name = \CapSense:Sns(2)\
    Attributes:
        Alias: btnHOT_Sns0
        In Group/Port: True
        In Sync Option: AUTO
        Out Sync Option: AUTO
        Interrupt generated: False
        Interrupt mode: NONE
        Drive mode: HI_Z_ANALOG
        VTrip: EITHER
        Slew: FAST
        Input Sync needed: False
        Output Sync needed: False
        SC shield enabled: False
        POR State: ANY
        LCD Mode: COMMON
        Register Mode: RegComb
        CaSense Mode: NEITHER
        Treat as pin: True
        Is OE Registered: False
        Uses Analog: True
        Can contain Digital: False
        Is SIO: False
        SIO Output Buf: NONREGULATED
        SIO Input Buf: SINGLE_ENDED
        SIO HiFreq: LOW
        SIO Hyst: DISABLED
        SIO Vtrip: MULTIPLIER_0_5
        SIO Multiplier Index: 0
        SIO RefSel: VCC_IO
        Required Capabilities: ANALOG
        Initial Value: 1
        IO Voltage: 0
    PORT MAP (
        pa_out => \CapSense:Sns(2)\__PA ,
        analog_term => \CapSense:Net_2_0\ ,
        pad => \CapSense:Sns(2)_PAD\ );
    Properties:
    {
    }

[IoId=3]: 
Pin : Name = \CapSense:Sns(3)\
    Attributes:
        Alias: btnLOCK_Sns0
        In Group/Port: True
        In Sync Option: AUTO
        Out Sync Option: AUTO
        Interrupt generated: False
        Interrupt mode: NONE
        Drive mode: HI_Z_ANALOG
        VTrip: EITHER
        Slew: FAST
        Input Sync needed: False
        Output Sync needed: False
        SC shield enabled: False
        POR State: ANY
        LCD Mode: COMMON
        Register Mode: RegComb
        CaSense Mode: NEITHER
        Treat as pin: True
        Is OE Registered: False
        Uses Analog: True
        Can contain Digital: False
        Is SIO: False
        SIO Output Buf: NONREGULATED
        SIO Input Buf: SINGLE_ENDED
        SIO HiFreq: LOW
        SIO Hyst: DISABLED
        SIO Vtrip: MULTIPLIER_0_5
        SIO Multiplier Index: 0
        SIO RefSel: VCC_IO
        Required Capabilities: ANALOG
        Initial Value: 1
        IO Voltage: 0
    PORT MAP (
        pa_out => \CapSense:Sns(3)\__PA ,
        analog_term => \CapSense:Net_2_0\ ,
        pad => \CapSense:Sns(3)_PAD\ );
    Properties:
    {
    }

Port 1 contains the following IO cells:
[IoId=0]: 
Pin : Name = LED_RO(0)
    Attributes:
        In Group/Port: True
        In Sync Option: AUTO
        Out Sync Option: NOSYNC
        Interrupt generated: False
        Interrupt mode: NONE
        Drive mode: CMOS_OUT
        VTrip: EITHER
        Slew: FAST
        Input Sync needed: False
        Output Sync needed: False
        SC shield enabled: False
        POR State: ANY
        LCD Mode: COMMON
        Register Mode: RegComb
        CaSense Mode: NEITHER
        Treat as pin: True
        Is OE Registered: False
        Uses Analog: False
        Can contain Digital: True
        Is SIO: False
        SIO Output Buf: NONREGULATED
        SIO Input Buf: SINGLE_ENDED
        SIO HiFreq: LOW
        SIO Hyst: DISABLED
        SIO Vtrip: MULTIPLIER_0_5
        SIO Multiplier Index: 0
        SIO RefSel: VCC_IO
        Required Capabilities: DIGITAL
        Initial Value: 1
        IO Voltage: 0
    PORT MAP (
        pa_out => LED_RO(0)__PA ,
        pad => LED_RO(0)_PAD );
    Properties:
    {
    }

[IoId=1]: 
Pin : Name = LED_COLD(0)
    Attributes:
        In Group/Port: True
        In Sync Option: AUTO
        Out Sync Option: NOSYNC
        Interrupt generated: False
        Interrupt mode: NONE
        Drive mode: CMOS_OUT
        VTrip: EITHER
        Slew: FAST
        Input Sync needed: False
        Output Sync needed: False
        SC shield enabled: False
        POR State: ANY
        LCD Mode: COMMON
        Register Mode: RegComb
        CaSense Mode: NEITHER
        Treat as pin: True
        Is OE Registered: False
        Uses Analog: False
        Can contain Digital: True
        Is SIO: False
        SIO Output Buf: NONREGULATED
        SIO Input Buf: SINGLE_ENDED
        SIO HiFreq: LOW
        SIO Hyst: DISABLED
        SIO Vtrip: MULTIPLIER_0_5
        SIO Multiplier Index: 0
        SIO RefSel: VCC_IO
        Required Capabilities: DIGITAL
        Initial Value: 1
        IO Voltage: 0
    PORT MAP (
        pa_out => LED_COLD(0)__PA ,
        pad => LED_COLD(0)_PAD );
    Properties:
    {
    }

[IoId=2]: 
Pin : Name = LED_HOT(0)
    Attributes:
        In Group/Port: True
        In Sync Option: AUTO
        Out Sync Option: NOSYNC
        Interrupt generated: False
        Interrupt mode: NONE
        Drive mode: CMOS_OUT
        VTrip: EITHER
        Slew: FAST
        Input Sync needed: False
        Output Sync needed: False
        SC shield enabled: False
        POR State: ANY
        LCD Mode: COMMON
        Register Mode: RegComb
        CaSense Mode: NEITHER
        Treat as pin: True
        Is OE Registered: False
        Uses Analog: False
        Can contain Digital: True
        Is SIO: False
        SIO Output Buf: NONREGULATED
        SIO Input Buf: SINGLE_ENDED
        SIO HiFreq: LOW
        SIO Hyst: DISABLED
        SIO Vtrip: MULTIPLIER_0_5
        SIO Multiplier Index: 0
        SIO RefSel: VCC_IO
        Required Capabilities: DIGITAL
        Initial Value: 1
        IO Voltage: 0
    PORT MAP (
        pa_out => LED_HOT(0)__PA ,
        pad => LED_HOT(0)_PAD );
    Properties:
    {
    }

[IoId=3]: 
Pin : Name = LED_LOCK(0)
    Attributes:
        In Group/Port: True
        In Sync Option: AUTO
        Out Sync Option: NOSYNC
        Interrupt generated: False
        Interrupt mode: NONE
        Drive mode: CMOS_OUT
        VTrip: EITHER
        Slew: FAST
        Input Sync needed: False
        Output Sync needed: False
        SC shield enabled: False
        POR State: ANY
        LCD Mode: COMMON
        Register Mode: RegComb
        CaSense Mode: NEITHER
        Treat as pin: True
        Is OE Registered: False
        Uses Analog: False
        Can contain Digital: True
        Is SIO: False
        SIO Output Buf: NONREGULATED
        SIO Input Buf: SINGLE_ENDED
        SIO HiFreq: LOW
        SIO Hyst: DISABLED
        SIO Vtrip: MULTIPLIER_0_5
        SIO Multiplier Index: 0
        SIO RefSel: VCC_IO
        Required Capabilities: DIGITAL
        Initial Value: 1
        IO Voltage: 0
    PORT MAP (
        pa_out => LED_LOCK(0)__PA ,
        pad => LED_LOCK(0)_PAD );
    Properties:
    {
    }

[IoId=7]: 
Pin : Name = Buzzer(0)
    Attributes:
        In Group/Port: True
        In Sync Option: AUTO
        Out Sync Option: NOSYNC
        Interrupt generated: False
        Interrupt mode: NONE
        Drive mode: CMOS_OUT
        VTrip: EITHER
        Slew: FAST
        Input Sync needed: False
        Output Sync needed: False
        SC shield enabled: False
        POR State: ANY
        LCD Mode: COMMON
        Register Mode: RegComb
        CaSense Mode: NEITHER
        Treat as pin: True
        Is OE Registered: False
        Uses Analog: False
        Can contain Digital: True
        Is SIO: False
        SIO Output Buf: NONREGULATED
        SIO Input Buf: SINGLE_ENDED
        SIO HiFreq: LOW
        SIO Hyst: DISABLED
        SIO Vtrip: MULTIPLIER_0_5
        SIO Multiplier Index: 0
        SIO RefSel: VCC_IO
        Required Capabilities: DIGITAL
        Initial Value: 0
        IO Voltage: 0
    PORT MAP (
        pa_out => Buzzer(0)__PA ,
        pad => Buzzer(0)_PAD );
    Properties:
    {
    }

Port 2 contains the following IO cells:
[IoId=0]: 
Pin : Name = VL3(0)
    Attributes:
        In Group/Port: True
        In Sync Option: AUTO
        Out Sync Option: NOSYNC
        Interrupt generated: False
        Interrupt mode: NONE
        Drive mode: CMOS_OUT
        VTrip: EITHER
        Slew: FAST
        Input Sync needed: False
        Output Sync needed: False
        SC shield enabled: False
        POR State: ANY
        LCD Mode: COMMON
        Register Mode: RegComb
        CaSense Mode: NEITHER
        Treat as pin: True
        Is OE Registered: False
        Uses Analog: False
        Can contain Digital: True
        Is SIO: False
        SIO Output Buf: NONREGULATED
        SIO Input Buf: SINGLE_ENDED
        SIO HiFreq: LOW
        SIO Hyst: DISABLED
        SIO Vtrip: MULTIPLIER_0_5
        SIO Multiplier Index: 0
        SIO RefSel: VCC_IO
        Required Capabilities: DIGITAL
        Initial Value: 0
        IO Voltage: 0
    PORT MAP (
        pa_out => VL3(0)__PA ,
        pad => VL3(0)_PAD );
    Properties:
    {
    }

[IoId=1]: 
Pin : Name = VL2(0)
    Attributes:
        In Group/Port: True
        In Sync Option: AUTO
        Out Sync Option: NOSYNC
        Interrupt generated: False
        Interrupt mode: NONE
        Drive mode: CMOS_OUT
        VTrip: EITHER
        Slew: FAST
        Input Sync needed: False
        Output Sync needed: False
        SC shield enabled: False
        POR State: ANY
        LCD Mode: COMMON
        Register Mode: RegComb
        CaSense Mode: NEITHER
        Treat as pin: True
        Is OE Registered: False
        Uses Analog: False
        Can contain Digital: True
        Is SIO: False
        SIO Output Buf: NONREGULATED
        SIO Input Buf: SINGLE_ENDED
        SIO HiFreq: LOW
        SIO Hyst: DISABLED
        SIO Vtrip: MULTIPLIER_0_5
        SIO Multiplier Index: 0
        SIO RefSel: VCC_IO
        Required Capabilities: DIGITAL
        Initial Value: 0
        IO Voltage: 0
    PORT MAP (
        pa_out => VL2(0)__PA ,
        pad => VL2(0)_PAD );
    Properties:
    {
    }

[IoId=2]: 
Pin : Name = VL1(0)
    Attributes:
        In Group/Port: True
        In Sync Option: AUTO
        Out Sync Option: NOSYNC
        Interrupt generated: False
        Interrupt mode: NONE
        Drive mode: CMOS_OUT
        VTrip: EITHER
        Slew: FAST
        Input Sync needed: False
        Output Sync needed: False
        SC shield enabled: False
        POR State: ANY
        LCD Mode: COMMON
        Register Mode: RegComb
        CaSense Mode: NEITHER
        Treat as pin: True
        Is OE Registered: False
        Uses Analog: False
        Can contain Digital: True
        Is SIO: False
        SIO Output Buf: NONREGULATED
        SIO Input Buf: SINGLE_ENDED
        SIO HiFreq: LOW
        SIO Hyst: DISABLED
        SIO Vtrip: MULTIPLIER_0_5
        SIO Multiplier Index: 0
        SIO RefSel: VCC_IO
        Required Capabilities: DIGITAL
        Initial Value: 0
        IO Voltage: 0
    PORT MAP (
        pa_out => VL1(0)__PA ,
        pad => VL1(0)_PAD );
    Properties:
    {
    }

[IoId=7]: 
Pin : Name = COLD_K1(0)
    Attributes:
        In Group/Port: True
        In Sync Option: AUTO
        Out Sync Option: NOSYNC
        Interrupt generated: False
        Interrupt mode: NONE
        Drive mode: CMOS_OUT
        VTrip: EITHER
        Slew: FAST
        Input Sync needed: False
        Output Sync needed: False
        SC shield enabled: False
        POR State: ANY
        LCD Mode: COMMON
        Register Mode: RegComb
        CaSense Mode: NEITHER
        Treat as pin: True
        Is OE Registered: False
        Uses Analog: False
        Can contain Digital: True
        Is SIO: False
        SIO Output Buf: NONREGULATED
        SIO Input Buf: SINGLE_ENDED
        SIO HiFreq: LOW
        SIO Hyst: DISABLED
        SIO Vtrip: MULTIPLIER_0_5
        SIO Multiplier Index: 0
        SIO RefSel: VCC_IO
        Required Capabilities: DIGITAL
        Initial Value: 0
        IO Voltage: 0
    PORT MAP (
        pa_out => COLD_K1(0)__PA ,
        pad => COLD_K1(0)_PAD );
    Properties:
    {
    }

Port 3 contains the following IO cells:
[IoId=1]: 
Pin : Name = \SW_Tx_UART:tx(0)\
    Attributes:
        In Group/Port: True
        In Sync Option: AUTO
        Out Sync Option: NOSYNC
        Interrupt generated: False
        Interrupt mode: NONE
        Drive mode: CMOS_OUT
        VTrip: EITHER
        Slew: FAST
        Input Sync needed: False
        Output Sync needed: False
        SC shield enabled: False
        POR State: ANY
        LCD Mode: COMMON
        Register Mode: RegComb
        CaSense Mode: NEITHER
        Treat as pin: True
        Is OE Registered: False
        Uses Analog: False
        Can contain Digital: True
        Is SIO: False
        SIO Output Buf: NONREGULATED
        SIO Input Buf: SINGLE_ENDED
        SIO HiFreq: LOW
        SIO Hyst: DISABLED
        SIO Vtrip: MULTIPLIER_0_5
        SIO Multiplier Index: 0
        SIO RefSel: VCC_IO
        Required Capabilities: DIGITAL
        Initial Value: 1
        IO Voltage: 0
    PORT MAP (
        pa_out => \SW_Tx_UART:tx(0)\__PA ,
        pad => \SW_Tx_UART:tx(0)_PAD\ );
    Properties:
    {
    }

Port 4 contains the following IO cells:
[IoId=2]: 
Pin : Name = \CapSense:Cmod(0)\
    Attributes:
        Alias: Cmod
        In Group/Port: True
        In Sync Option: AUTO
        Out Sync Option: AUTO
        Interrupt generated: False
        Interrupt mode: NONE
        Drive mode: HI_Z_ANALOG
        VTrip: EITHER
        Slew: FAST
        Input Sync needed: False
        Output Sync needed: False
        SC shield enabled: False
        POR State: ANY
        LCD Mode: COMMON
        Register Mode: RegComb
        CaSense Mode: NEITHER
        Treat as pin: True
        Is OE Registered: False
        Uses Analog: True
        Can contain Digital: False
        Is SIO: False
        SIO Output Buf: NONREGULATED
        SIO Input Buf: SINGLE_ENDED
        SIO HiFreq: LOW
        SIO Hyst: DISABLED
        SIO Vtrip: MULTIPLIER_0_5
        SIO Multiplier Index: 0
        SIO RefSel: VCC_IO
        Required Capabilities: ANALOG
        Initial Value: 0
        IO Voltage: 0
    PORT MAP (
        pa_out => \CapSense:Cmod(0)\__PA ,
        analog_term => \CapSense:Net_2_0\ ,
        pad => \CapSense:Cmod(0)_PAD\ );
    Properties:
    {
    }

[IoId=3]: 
Pin : Name = \CapSense:AdcInput(0)\
    Attributes:
        Alias: Ch0
        In Group/Port: True
        In Sync Option: AUTO
        Out Sync Option: AUTO
        Interrupt generated: False
        Interrupt mode: NONE
        Drive mode: HI_Z_ANALOG
        VTrip: EITHER
        Slew: FAST
        Input Sync needed: False
        Output Sync needed: False
        SC shield enabled: False
        POR State: ANY
        LCD Mode: COMMON
        Register Mode: RegComb
        CaSense Mode: NEITHER
        Treat as pin: True
        Is OE Registered: False
        Uses Analog: True
        Can contain Digital: False
        Is SIO: False
        SIO Output Buf: NONREGULATED
        SIO Input Buf: SINGLE_ENDED
        SIO HiFreq: LOW
        SIO Hyst: DISABLED
        SIO Vtrip: MULTIPLIER_0_5
        SIO Multiplier Index: 0
        SIO RefSel: VCC_IO
        Required Capabilities: ANALOG
        Initial Value: 0
        IO Voltage: 0
    PORT MAP (
        pa_out => \CapSense:AdcInput(0)\__PA ,
        analog_term => \CapSense:Net_122\ ,
        pad => \CapSense:AdcInput(0)_PAD\ );
    Properties:
    {
    }

Clock group 0: 
    Clock Block @ F(Clock,0): 
    m0s8clockblockcell: Name =ClockBlock
        PORT MAP (
            hfclk => ClockBlock_HFClk ,
            imo => ClockBlock_IMO ,
            ext => ClockBlock_ExtClk ,
            sysclk => ClockBlock_SysClk ,
            ilo => ClockBlock_ILO ,
            lfclk => ClockBlock_LFClk ,
            wco => ClockBlock_WCO ,
            ff_div_2 => \CapSense:Net_1423_ff2\ );
        Properties:
        {
        }
LCD group 0: empty
PICU group 0: empty
LPCOMP group 0: empty
SCB group 0: empty
CSD group 0: 
    CapSense @ F(CSD,0): 
    p4csdcell: Name =\CapSense:CSD\
        PORT MAP (
            source => \CapSense:Net_2_0\ ,
            shield => \CapSense:Net_122\ ,
            csh => \CapSense:Net_84\ ,
            cmod => \CapSense:Net_86\ ,
            shield_pad => \CapSense:Net_15\ ,
            vref_ext => \CapSense:Net_150\ ,
            sense_out => \CapSense:Net_317\ ,
            sample_out => \CapSense:Net_316\ ,
            dsi_csh_tank => \CapSense:Net_323\ ,
            dsi_cmod => \CapSense:Net_322\ ,
            dsi_hscmp => \CapSense:Net_321\ ,
            dsi_sampling => \CapSense:Net_318\ ,
            dsi_adc_on => \CapSense:Net_319\ ,
            dsi_count_15 => \CapSense:Net_320_15\ ,
            dsi_count_14 => \CapSense:Net_320_14\ ,
            dsi_count_13 => \CapSense:Net_320_13\ ,
            dsi_count_12 => \CapSense:Net_320_12\ ,
            dsi_count_11 => \CapSense:Net_320_11\ ,
            dsi_count_10 => \CapSense:Net_320_10\ ,
            dsi_count_9 => \CapSense:Net_320_9\ ,
            dsi_count_8 => \CapSense:Net_320_8\ ,
            dsi_count_7 => \CapSense:Net_320_7\ ,
            dsi_count_6 => \CapSense:Net_320_6\ ,
            dsi_count_5 => \CapSense:Net_320_5\ ,
            dsi_count_4 => \CapSense:Net_320_4\ ,
            dsi_count_3 => \CapSense:Net_320_3\ ,
            dsi_count_2 => \CapSense:Net_320_2\ ,
            dsi_count_1 => \CapSense:Net_320_1\ ,
            dsi_count_0 => \CapSense:Net_320_0\ ,
            clk => \CapSense:Net_1423_ff2\ ,
            irq => \CapSense:Net_120\ );
        Properties:
        {
            adc_channel_count = 1
            cy_registers = ""
            dedicated_io_count = 2
            ganged_csx = 0
            is_capsense = 1
            is_cmod_charge = 0
            is_csh_charge = 0
            is_mutual = 0
            rx_count = 1
            sense_as_shield = 0
            sensors_count = 4
            shield_as_sense = 0
            shield_count = 1
            tx_count = 1
        }
CSIDAC7 group 0: 
    7-bit IDAC @ F(CSIDAC7,0): 
    p4csidacV2cell: Name =\CapSense:IDACMod\
        PORT MAP (
            iout => \CapSense:Net_2_0\ );
        Properties:
        {
            cy_registers = ""
            leg3_needed = 0
        }
    7-bit IDAC @ F(CSIDAC7,1): 
    p4csidacV2cell: Name =\CapSense:IDACComp\
        PORT MAP (
            iout => \CapSense:Net_2_0\ );
        Properties:
        {
            cy_registers = ""
            leg3_needed = 1
        }
TCPWM group 0: empty
CLK_GEN group 0: 
    M0S8 Clock Gen Block @ F(CLK_GEN,0): 
    m0s8clockgenblockcell: Name =ClockGenBlock
        PORT MAP (
             );
        Properties:
        {
        }
LPCOMPBLOCK group 0: empty
WCO group 0: empty
SmartIO group 0: empty
SRSS group 0: empty
CPUSS group 0: empty
IOSS group 0: empty
EXCO group 0: empty
</CYPRESSTAG>
<CYPRESSTAG name="Port Configuration Details">

------------------------------------------------------------
Port Configuration report
------------------------------------------------------------
     |     |       | Interrupt |                  |                        | 
Port | Pin | Fixed |      Type |       Drive Mode |                   Name | Connections
-----+-----+-------+-----------+------------------+------------------------+---------------------------
   0 |   0 |     * |      NONE |      HI_Z_ANALOG |      \CapSense:Sns(0)\ | Analog(\CapSense:Net_2_0\)
     |   1 |     * |      NONE |      HI_Z_ANALOG |      \CapSense:Sns(1)\ | Analog(\CapSense:Net_2_0\)
     |   2 |     * |      NONE |      HI_Z_ANALOG |      \CapSense:Sns(2)\ | Analog(\CapSense:Net_2_0\)
     |   3 |     * |      NONE |      HI_Z_ANALOG |      \CapSense:Sns(3)\ | Analog(\CapSense:Net_2_0\)
-----+-----+-------+-----------+------------------+------------------------+---------------------------
   1 |   0 |     * |      NONE |         CMOS_OUT |              LED_RO(0) | 
     |   1 |     * |      NONE |         CMOS_OUT |            LED_COLD(0) | 
     |   2 |     * |      NONE |         CMOS_OUT |             LED_HOT(0) | 
     |   3 |     * |      NONE |         CMOS_OUT |            LED_LOCK(0) | 
     |   7 |     * |      NONE |         CMOS_OUT |              Buzzer(0) | 
-----+-----+-------+-----------+------------------+------------------------+---------------------------
   2 |   0 |     * |      NONE |         CMOS_OUT |                 VL3(0) | 
     |   1 |     * |      NONE |         CMOS_OUT |                 VL2(0) | 
     |   2 |     * |      NONE |         CMOS_OUT |                 VL1(0) | 
     |   7 |     * |      NONE |         CMOS_OUT |             COLD_K1(0) | 
-----+-----+-------+-----------+------------------+------------------------+---------------------------
   3 |   1 |     * |      NONE |         CMOS_OUT |     \SW_Tx_UART:tx(0)\ | 
-----+-----+-------+-----------+------------------+------------------------+---------------------------
   4 |   2 |     * |      NONE |      HI_Z_ANALOG |     \CapSense:Cmod(0)\ | Analog(\CapSense:Net_2_0\)
     |   3 |     * |      NONE |      HI_Z_ANALOG | \CapSense:AdcInput(0)\ | Analog(\CapSense:Net_122\)
-------------------------------------------------------------------------------------------------------
</CYPRESSTAG>
</CYPRESSTAG>
</CYPRESSTAG>
Digital component placer commit/Report: Elapsed time ==> 0s.028ms
Digital Placement phase: Elapsed time ==> 0s.960ms
</CYPRESSTAG>
<CYPRESSTAG name="Digital Routing">
"E:\PSoC Creator\4.3\PSoC Creator\bin/sjrouter.exe" --xml-path "E:\PSoC Creator\4.3\PSoC Creator\dev\psoc4/9/route_arch-rrg.cydata" --vh2-path "Design01_r.vh2" --pcf-path "Design01.pco" --des-name "Design01" --dsf-path "Design01.dsf"
Routing successful.
Digital Routing phase: Elapsed time ==> 0s.388ms
</CYPRESSTAG>
<CYPRESSTAG name="Bitstream Generation">
Bitstream Generation phase: Elapsed time ==> 0s.163ms
</CYPRESSTAG>
<CYPRESSTAG name="Bitstream Verification">
Bitstream Verification phase: Elapsed time ==> 0s.005ms
</CYPRESSTAG>
<CYPRESSTAG name="Static timing analysis">
No timing parameter file available for CY8C4025LQI-S412
Static timing analysis phase: Elapsed time ==> 0s.001ms
</CYPRESSTAG>
<CYPRESSTAG name="Data reporting">
Data reporting phase: Elapsed time ==> 0s.000ms
</CYPRESSTAG>
<CYPRESSTAG name="Database update...">
Design database save phase: Elapsed time ==> 0s.179ms
</CYPRESSTAG>
cydsfit: Elapsed time ==> 2s.280ms
</CYPRESSTAG>
Fitter phase: Elapsed time ==> 2s.285ms
API generation phase: Elapsed time ==> 4s.646ms
Dependency generation phase: Elapsed time ==> 0s.022ms
Cleanup phase: Elapsed time ==> 0s.000ms
