#***************************************************************************

#sjplacer

#Version:            1.1

#Build Date:         Sep  9 2019 11:47:43

#File Generated:     Aug 31 2020 17:59:01

#Purpose:            

#Copyright (C) 2010-2011 by Softjin Technologies Pvt Ltd. All rights reserved.

#***************************************************************************

Executing : E:\PSoC Creator\4.3\PSoC Creator\bin/sjplacer.exe --proj-name Design01 --netlist-vh2 Design01_p.vh2 --arch p4_udb0x0 --arch-file E:\PSoC Creator\4.3\PSoC Creator\dev\arch/udbdsi_0x0.cydata --ip-file E:\PSoC Creator\4.3\PSoC Creator\dev\psoc4/9/ip_blocks.cydata --rrg-file E:\PSoC Creator\4.3\PSoC Creator\dev\psoc4/9/route_arch-rrg.cydata --irq-file E:\PSoC Creator\4.3\PSoC Creator\dev\psoc4/9/irqconn.cydata --drq-file E:\PSoC Creator\4.3\PSoC Creator\dev\psoc4/9/triggerconn.cydata --dsi-conn-file E:\PSoC Creator\4.3\PSoC Creator\dev\psoc4/9/dsiconn.cydata --pins-file pins_32-QFN.xml --io-pcf Design01.pci --outdir .

		Softjin Techologies Placer, Version 1.1

Build Date : Sep  9 2019	11:45:12

D2004: Option and Settings Summary
=============================================================
Netlist vh2 file          - Design01_p.vh2
Architecture file         - E:\PSoC Creator\4.3\PSoC Creator\dev\arch/udbdsi_0x0.cydata
Package                   - 
Defparam file             - 
SDC file                  - 
Output directory          - .
Timing library            - 
IO Placement file         - Design01.pci

D2050: Starting reading inputs for placer
=============================================================
D2065: Reading netlist file : "Design01_p.vh2"
D2065: Reading arch file : "E:\PSoC Creator\4.3\PSoC Creator\dev\arch/udbdsi_0x0.cydata"
D2051: Reading of inputs for placer completed successfully

D2053: Starting placement of the design
=============================================================

Phase 2
Phase 3

Design Statistics after Packing
    Number of Combinational MCs 	:	0
    Number of Sequential MCs    	:	0
    Number of DPs               	:	0
    Number of Controls          	:	0
    Number of Status            	:	0
    Number of SyncCells         	:	0
    Number of count7cells       	:	0

Device Utilization Summary after Packing
    Macrocells                  :	0/0
    UDBS                        :	0/0
    IOs                         :	16/27


D2088: Phase 3, elapsed time : 0.0 (sec)

Phase 4
D2088: Phase 4, elapsed time : 0.0 (sec)

Phase 8
D2088: Phase 8, elapsed time : 0.0 (sec)

D2054: Placement of the design completed successfully

I2076: Total run-time: 0.4 sec.

